<?xml version="1.0" encoding="UTF-8"?>
<coverage generated="1787155757933" clover="3.2.0">
  <project timestamp="1787155757933" name="All files">
    <metrics statements="862" coveredstatements="694" conditionals="467" coveredconditionals="325" methods="204" coveredmethods="149" elements="1533" coveredelements="1168" complexity="0" loc="862" ncloc="862" packages="4" files="22" classes="22"/>
    <package name="data">
      <metrics statements="8" coveredstatements="8" conditionals="0" coveredconditionals="0" methods="0" coveredmethods="0"/>
      <file name="db.js" path="C:\Users\siash\Desktop\GWR Code Projects\Pit Stop Plans\backend\data\db.js">
        <metrics statements="8" coveredstatements="8" conditionals="0" coveredconditionals="0" methods="0" coveredmethods="0"/>
        <line num="21" count="26" type="stmt"/>
        <line num="22" count="26" type="stmt"/>
        <line num="29" count="26" type="stmt"/>
        <line num="39" count="26" type="stmt"/>
        <line num="46" count="26" type="stmt"/>
        <line num="48" count="26" type="stmt"/>
        <line num="50" count="26" type="stmt"/>
        <line num="52" count="26" type="stmt"/>
      </file>
    </package>
    <package name="data.repositories">
      <metrics statements="434" coveredstatements="285" conditionals="280" coveredconditionals="167" methods="122" coveredmethods="74"/>
      <file name="auditLogRepository.js" path="C:\Users\siash\Desktop\GWR Code Projects\Pit Stop Plans\backend\data\repositories\auditLogRepository.js">
        <metrics statements="30" coveredstatements="3" conditionals="31" coveredconditionals="0" methods="5" coveredmethods="1"/>
        <line num="1" count="3" type="stmt"/>
        <line num="5" count="3" type="stmt"/>
        <line num="14" count="0" type="stmt"/>
        <line num="29" count="0" type="stmt"/>
        <line num="39" count="0" type="stmt"/>
        <line num="40" count="0" type="stmt"/>
        <line num="42" count="0" type="cond" truecount="0" falsecount="4"/>
        <line num="43" count="0" type="stmt"/>
        <line num="46" count="0" type="stmt"/>
        <line num="47" count="0" type="cond" truecount="0" falsecount="2"/>
        <line num="60" count="0" type="stmt"/>
        <line num="63" count="0" type="cond" truecount="0" falsecount="2"/>
        <line num="64" count="0" type="stmt"/>
        <line num="67" count="0" type="stmt"/>
        <line num="70" count="0" type="cond" truecount="0" falsecount="2"/>
        <line num="72" count="0" type="cond" truecount="0" falsecount="3"/>
        <line num="74" count="0" type="cond" truecount="0" falsecount="2"/>
        <line num="76" count="0" type="cond" truecount="0" falsecount="2"/>
        <line num="78" count="0" type="cond" truecount="0" falsecount="2"/>
        <line num="81" count="0" type="cond" truecount="0" falsecount="2"/>
        <line num="85" count="0" type="stmt"/>
        <line num="87" count="0" type="stmt"/>
        <line num="90" count="0" type="cond" truecount="0" falsecount="4"/>
        <line num="94" count="0" type="stmt"/>
        <line num="112" count="0" type="stmt"/>
        <line num="114" count="0" type="stmt"/>
        <line num="132" count="0" type="cond" truecount="0" falsecount="2"/>
        <line num="134" count="0" type="stmt"/>
        <line num="153" count="0" type="stmt"/>
        <line num="157" count="3" type="stmt"/>
      </file>
      <file name="baseRepository.js" path="C:\Users\siash\Desktop\GWR Code Projects\Pit Stop Plans\backend\data\repositories\baseRepository.js">
        <metrics statements="80" coveredstatements="71" conditionals="67" coveredconditionals="54" methods="15" coveredmethods="15"/>
        <line num="1" count="22" type="stmt"/>
        <line num="8" count="45" type="stmt"/>
        <line num="9" count="45" type="stmt"/>
        <line num="10" count="45" type="stmt"/>
        <line num="19" count="72" type="cond" truecount="2" falsecount="0"/>
        <line num="20" count="3" type="stmt"/>
        <line num="23" count="69" type="stmt"/>
        <line num="26" count="581" type="stmt"/>
        <line num="28" count="69" type="stmt"/>
        <line num="32" count="3" type="stmt"/>
        <line num="41" count="1" type="stmt"/>
        <line num="51" count="18" type="stmt"/>
        <line num="53" count="18" type="stmt"/>
        <line num="65" count="18" type="stmt"/>
        <line num="67" count="18" type="cond" truecount="4" falsecount="0"/>
        <line num="68" count="2" type="stmt"/>
        <line num="71" count="18" type="stmt"/>
        <line num="72" count="32" type="cond" truecount="2" falsecount="0"/>
        <line num="73" count="21" type="stmt"/>
        <line num="76" count="11" type="cond" truecount="2" falsecount="0"/>
        <line num="77" count="1" type="stmt"/>
        <line num="80" count="10" type="stmt"/>
        <line num="83" count="18" type="stmt"/>
        <line num="106" count="18" type="stmt"/>
        <line num="108" count="18" type="stmt"/>
        <line num="115" count="18" type="cond" truecount="2" falsecount="2"/>
        <line num="119" count="18" type="stmt"/>
        <line num="128" count="18" type="stmt"/>
        <line num="132" count="18" type="stmt"/>
        <line num="142" count="18" type="cond" truecount="2" falsecount="0"/>
        <line num="144" count="18" type="stmt"/>
        <line num="165" count="31" type="stmt"/>
        <line num="166" count="31" type="stmt"/>
        <line num="168" count="31" type="stmt"/>
        <line num="169" count="16" type="cond" truecount="1" falsecount="1"/>
        <line num="170" count="0" type="stmt"/>
        <line num="173" count="16" type="cond" truecount="3" falsecount="1"/>
        <line num="174" count="0" type="stmt"/>
        <line num="175" count="0" type="stmt"/>
        <line num="178" count="16" type="cond" truecount="3" falsecount="1"/>
        <line num="179" count="0" type="stmt"/>
        <line num="180" count="0" type="stmt"/>
        <line num="181" count="0" type="stmt"/>
        <line num="184" count="16" type="cond" truecount="3" falsecount="1"/>
        <line num="185" count="0" type="stmt"/>
        <line num="186" count="0" type="cond" truecount="0" falsecount="2"/>
        <line num="187" count="0" type="stmt"/>
        <line num="190" count="16" type="stmt"/>
        <line num="191" count="16" type="stmt"/>
        <line num="194" count="31" type="cond" truecount="2" falsecount="0"/>
        <line num="195" count="3" type="stmt"/>
        <line num="196" count="12" type="stmt"/>
        <line num="199" count="3" type="cond" truecount="1" falsecount="1"/>
        <line num="200" count="3" type="stmt"/>
        <line num="202" count="3" type="stmt"/>
        <line num="203" count="12" type="stmt"/>
        <line num="208" count="31" type="stmt"/>
        <line num="221" count="29" type="stmt"/>
        <line num="231" count="1" type="stmt"/>
        <line num="241" count="7" type="stmt"/>
        <line num="243" count="7" type="cond" truecount="2" falsecount="0"/>
        <line num="244" count="1" type="stmt"/>
        <line num="247" count="6" type="stmt"/>
        <line num="249" count="6" type="stmt"/>
        <line num="250" count="25" type="cond" truecount="2" falsecount="0"/>
        <line num="251" count="1" type="stmt"/>
        <line num="255" count="5" type="stmt"/>
        <line num="257" count="23" type="stmt"/>
        <line num="259" count="5" type="stmt"/>
        <line num="278" count="6" type="stmt"/>
        <line num="280" count="6" type="cond" truecount="2" falsecount="0"/>
        <line num="281" count="1" type="stmt"/>
        <line num="284" count="5" type="stmt"/>
        <line num="286" count="5" type="stmt"/>
        <line num="287" count="9" type="cond" truecount="2" falsecount="0"/>
        <line num="288" count="1" type="stmt"/>
        <line num="292" count="4" type="stmt"/>
        <line num="294" count="8" type="stmt"/>
        <line num="296" count="4" type="stmt"/>
        <line num="308" count="22" type="stmt"/>
      </file>
      <file name="incidentActionRepository.js" path="C:\Users\siash\Desktop\GWR Code Projects\Pit Stop Plans\backend\data\repositories\incidentActionRepository.js">
        <metrics statements="55" coveredstatements="3" conditionals="28" coveredconditionals="0" methods="23" coveredmethods="1"/>
        <line num="1" count="1" type="stmt"/>
        <line num="5" count="1" type="stmt"/>
        <line num="9" count="0" type="stmt"/>
        <line num="17" count="0" type="stmt"/>
        <line num="30" count="0" type="stmt"/>
        <line num="34" count="0" type="stmt"/>
        <line num="36" count="0" type="stmt"/>
        <line num="39" count="0" type="cond" truecount="0" falsecount="2"/>
        <line num="47" count="0" type="stmt"/>
        <line num="52" count="0" type="stmt"/>
        <line num="55" count="0" type="cond" truecount="0" falsecount="2"/>
        <line num="62" count="0" type="stmt"/>
        <line num="64" count="0" type="stmt"/>
        <line num="71" count="0" type="cond" truecount="0" falsecount="2"/>
        <line num="72" count="0" type="stmt"/>
        <line num="75" count="0" type="stmt"/>
        <line num="76" count="0" type="stmt"/>
        <line num="79" count="0" type="stmt"/>
        <line num="81" count="0" type="stmt"/>
        <line num="82" count="0" type="cond" truecount="0" falsecount="2"/>
        <line num="83" count="0" type="stmt"/>
        <line num="86" count="0" type="stmt"/>
        <line num="92" count="0" type="stmt"/>
        <line num="99" count="0" type="stmt"/>
        <line num="113" count="0" type="stmt"/>
        <line num="127" count="0" type="stmt"/>
        <line num="131" count="0" type="stmt"/>
        <line num="144" count="0" type="stmt"/>
        <line num="156" count="0" type="stmt"/>
        <line num="176" count="0" type="stmt"/>
        <line num="178" count="0" type="stmt"/>
        <line num="182" count="0" type="stmt"/>
        <line num="203" count="0" type="stmt"/>
        <line num="204" count="0" type="stmt"/>
        <line num="206" count="0" type="cond" truecount="0" falsecount="2"/>
        <line num="207" count="0" type="stmt"/>
        <line num="208" count="0" type="stmt"/>
        <line num="211" count="0" type="cond" truecount="0" falsecount="2"/>
        <line num="212" count="0" type="stmt"/>
        <line num="213" count="0" type="stmt"/>
        <line num="216" count="0" type="cond" truecount="0" falsecount="2"/>
        <line num="217" count="0" type="stmt"/>
        <line num="218" count="0" type="stmt"/>
        <line num="222" count="0" type="cond" truecount="0" falsecount="2"/>
        <line num="223" count="0" type="cond" truecount="0" falsecount="2"/>
        <line num="224" count="0" type="cond" truecount="0" falsecount="2"/>
        <line num="225" count="0" type="stmt"/>
        <line num="227" count="0" type="stmt"/>
        <line num="249" count="0" type="stmt"/>
        <line num="264" count="0" type="stmt"/>
        <line num="277" count="0" type="cond" truecount="0" falsecount="2"/>
        <line num="278" count="0" type="stmt"/>
        <line num="281" count="0" type="stmt"/>
        <line num="283" count="0" type="stmt"/>
        <line num="304" count="1" type="stmt"/>
      </file>
      <file name="incidentRepository.js" path="C:\Users\siash\Desktop\GWR Code Projects\Pit Stop Plans\backend\data\repositories\incidentRepository.js">
        <metrics statements="65" coveredstatements="61" conditionals="58" coveredconditionals="47" methods="12" coveredmethods="12"/>
        <line num="1" count="2" type="stmt"/>
        <line num="5" count="2" type="stmt"/>
        <line num="14" count="28" type="stmt"/>
        <line num="33" count="24" type="stmt"/>
        <line num="34" count="24" type="stmt"/>
        <line num="36" count="24" type="stmt"/>
        <line num="37" count="8" type="cond" truecount="1" falsecount="1"/>
        <line num="38" count="0" type="stmt"/>
        <line num="41" count="8" type="stmt"/>
        <line num="43" count="8" type="cond" truecount="4" falsecount="0"/>
        <line num="44" count="2" type="stmt"/>
        <line num="45" count="2" type="stmt"/>
        <line num="48" count="6" type="cond" truecount="4" falsecount="0"/>
        <line num="49" count="1" type="stmt"/>
        <line num="50" count="1" type="stmt"/>
        <line num="51" count="1" type="stmt"/>
        <line num="54" count="5" type="cond" truecount="3" falsecount="1"/>
        <line num="55" count="0" type="stmt"/>
        <line num="56" count="0" type="cond" truecount="0" falsecount="2"/>
        <line num="57" count="0" type="stmt"/>
        <line num="60" count="5" type="stmt"/>
        <line num="61" count="5" type="stmt"/>
        <line num="64" count="24" type="cond" truecount="2" falsecount="0"/>
        <line num="65" count="4" type="stmt"/>
        <line num="66" count="52" type="stmt"/>
        <line num="71" count="4" type="stmt"/>
        <line num="72" count="60" type="stmt"/>
        <line num="75" count="4" type="stmt"/>
        <line num="76" count="60" type="stmt"/>
        <line num="80" count="24" type="stmt"/>
        <line num="93" count="2" type="stmt"/>
        <line num="115" count="2" type="stmt"/>
        <line num="139" count="24" type="stmt"/>
        <line num="140" count="24" type="stmt"/>
        <line num="142" count="24" type="cond" truecount="4" falsecount="0"/>
        <line num="143" count="2" type="stmt"/>
        <line num="146" count="24" type="stmt"/>
        <line num="147" count="34" type="cond" truecount="2" falsecount="0"/>
        <line num="160" count="27" type="stmt"/>
        <line num="163" count="7" type="cond" truecount="2" falsecount="0"/>
        <line num="164" count="1" type="stmt"/>
        <line num="167" count="6" type="stmt"/>
        <line num="170" count="24" type="cond" truecount="2" falsecount="0"/>
        <line num="172" count="24" type="cond" truecount="3" falsecount="0"/>
        <line num="174" count="24" type="cond" truecount="2" falsecount="0"/>
        <line num="176" count="24" type="cond" truecount="2" falsecount="0"/>
        <line num="178" count="24" type="cond" truecount="2" falsecount="0"/>
        <line num="181" count="24" type="cond" truecount="2" falsecount="0"/>
        <line num="185" count="24" type="stmt"/>
        <line num="187" count="24" type="stmt"/>
        <line num="193" count="24" type="stmt"/>
        <line num="195" count="24" type="cond" truecount="4" falsecount="0"/>
        <line num="196" count="5" type="cond" truecount="2" falsecount="0"/>
        <line num="204" count="5" type="cond" truecount="1" falsecount="1"/>
        <line num="205" count="5" type="stmt"/>
        <line num="209" count="24" type="stmt"/>
        <line num="223" count="24" type="stmt"/>
        <line num="225" count="24" type="stmt"/>
        <line num="239" count="24" type="cond" truecount="1" falsecount="1"/>
        <line num="241" count="24" type="stmt"/>
        <line num="260" count="2" type="stmt"/>
        <line num="300" count="5" type="stmt"/>
        <line num="318" count="1" type="stmt"/>
        <line num="327" count="1" type="stmt"/>
        <line num="331" count="2" type="stmt"/>
      </file>
      <file name="incidentTypeRepository.js" path="C:\Users\siash\Desktop\GWR Code Projects\Pit Stop Plans\backend\data\repositories\incidentTypeRepository.js">
        <metrics statements="4" coveredstatements="3" conditionals="0" coveredconditionals="0" methods="2" coveredmethods="1"/>
        <line num="1" count="2" type="stmt"/>
        <line num="5" count="2" type="stmt"/>
        <line num="9" count="0" type="stmt"/>
        <line num="21" count="2" type="stmt"/>
      </file>
      <file name="loginAttemptRepository.js" path="C:\Users\siash\Desktop\GWR Code Projects\Pit Stop Plans\backend\data\repositories\loginAttemptRepository.js">
        <metrics statements="32" coveredstatements="2" conditionals="20" coveredconditionals="0" methods="6" coveredmethods="0"/>
        <line num="1" count="1" type="stmt"/>
        <line num="5" count="0" type="stmt"/>
        <line num="21" count="0" type="stmt"/>
        <line num="23" count="0" type="cond" truecount="0" falsecount="2"/>
        <line num="24" count="0" type="stmt"/>
        <line num="41" count="0" type="stmt"/>
        <line num="44" count="0" type="stmt"/>
        <line num="46" count="0" type="cond" truecount="0" falsecount="2"/>
        <line num="47" count="0" type="stmt"/>
        <line num="61" count="0" type="stmt"/>
        <line num="64" count="0" type="stmt"/>
        <line num="76" count="0" type="stmt"/>
        <line num="78" count="0" type="cond" truecount="0" falsecount="2"/>
        <line num="79" count="0" type="stmt"/>
        <line num="86" count="0" type="cond" truecount="0" falsecount="2"/>
        <line num="87" count="0" type="stmt"/>
        <line num="94" count="0" type="stmt"/>
        <line num="113" count="0" type="cond" truecount="0" falsecount="4"/>
        <line num="114" count="0" type="stmt"/>
        <line num="116" count="0" type="stmt"/>
        <line num="123" count="0" type="stmt"/>
        <line num="131" count="0" type="stmt"/>
        <line num="140" count="0" type="stmt"/>
        <line num="154" count="0" type="stmt"/>
        <line num="156" count="0" type="cond" truecount="0" falsecount="4"/>
        <line num="157" count="0" type="stmt"/>
        <line num="160" count="0" type="stmt"/>
        <line num="174" count="0" type="cond" truecount="0" falsecount="4"/>
        <line num="175" count="0" type="stmt"/>
        <line num="176" count="0" type="stmt"/>
        <line num="179" count="0" type="stmt"/>
        <line num="183" count="1" type="stmt"/>
      </file>
      <file name="planStageActionRepository.js" path="C:\Users\siash\Desktop\GWR Code Projects\Pit Stop Plans\backend\data\repositories\planStageActionRepository.js">
        <metrics statements="34" coveredstatements="34" conditionals="7" coveredconditionals="7" methods="17" coveredmethods="17"/>
        <line num="1" count="3" type="stmt"/>
        <line num="5" count="3" type="stmt"/>
        <line num="14" count="4" type="stmt"/>
        <line num="24" count="4" type="stmt"/>
        <line num="44" count="5" type="stmt"/>
        <line num="49" count="5" type="stmt"/>
        <line num="51" count="5" type="stmt"/>
        <line num="63" count="2" type="stmt"/>
        <line num="65" count="2" type="stmt"/>
        <line num="66" count="3" type="stmt"/>
        <line num="82" count="2" type="stmt"/>
        <line num="101" count="19" type="stmt"/>
        <line num="124" count="7" type="stmt"/>
        <line num="142" count="5" type="stmt"/>
        <line num="143" count="5" type="stmt"/>
        <line num="145" count="5" type="stmt"/>
        <line num="154" count="5" type="stmt"/>
        <line num="155" count="3" type="stmt"/>
        <line num="159" count="5" type="stmt"/>
        <line num="169" count="4" type="stmt"/>
        <line num="171" count="4" type="cond" truecount="2" falsecount="0"/>
        <line num="172" count="1" type="stmt"/>
        <line num="175" count="3" type="stmt"/>
        <line num="188" count="2" type="stmt"/>
        <line num="190" count="3" type="stmt"/>
        <line num="204" count="3" type="stmt"/>
        <line num="206" count="3" type="cond" truecount="2" falsecount="0"/>
        <line num="207" count="1" type="stmt"/>
        <line num="210" count="2" type="stmt"/>
        <line num="219" count="2" type="stmt"/>
        <line num="221" count="2" type="stmt"/>
        <line num="223" count="2" type="stmt"/>
        <line num="226" count="2" type="stmt"/>
        <line num="230" count="3" type="stmt"/>
      </file>
      <file name="planStageRepository.js" path="C:\Users\siash\Desktop\GWR Code Projects\Pit Stop Plans\backend\data\repositories\planStageRepository.js">
        <metrics statements="14" coveredstatements="14" conditionals="3" coveredconditionals="3" methods="7" coveredmethods="7"/>
        <line num="1" count="3" type="stmt"/>
        <line num="5" count="3" type="stmt"/>
        <line num="14" count="2" type="stmt"/>
        <line num="24" count="2" type="stmt"/>
        <line num="44" count="3" type="stmt"/>
        <line num="49" count="3" type="stmt"/>
        <line num="51" count="4" type="stmt"/>
        <line num="63" count="2" type="stmt"/>
        <line num="83" count="2" type="stmt"/>
        <line num="85" count="2" type="cond" truecount="2" falsecount="0"/>
        <line num="86" count="1" type="stmt"/>
        <line num="89" count="1" type="stmt"/>
        <line num="96" count="1" type="stmt"/>
        <line num="100" count="3" type="stmt"/>
      </file>
      <file name="planTemplateRepository.js" path="C:\Users\siash\Desktop\GWR Code Projects\Pit Stop Plans\backend\data\repositories\planTemplateRepository.js">
        <metrics statements="43" coveredstatements="42" conditionals="32" coveredconditionals="29" methods="14" coveredmethods="13"/>
        <line num="1" count="3" type="stmt"/>
        <line num="5" count="3" type="stmt"/>
        <line num="14" count="15" type="stmt"/>
        <line num="33" count="1" type="stmt"/>
        <line num="54" count="1" type="stmt"/>
        <line num="75" count="1" type="stmt"/>
        <line num="95" count="1" type="stmt"/>
        <line num="115" count="3" type="stmt"/>
        <line num="133" count="1" type="stmt"/>
        <line num="142" count="1" type="stmt"/>
        <line num="151" count="1" type="stmt"/>
        <line num="174" count="13" type="stmt"/>
        <line num="175" count="13" type="stmt"/>
        <line num="177" count="13" type="cond" truecount="4" falsecount="0"/>
        <line num="178" count="2" type="stmt"/>
        <line num="181" count="13" type="stmt"/>
        <line num="182" count="22" type="cond" truecount="2" falsecount="0"/>
        <line num="195" count="19" type="stmt"/>
        <line num="198" count="3" type="cond" truecount="2" falsecount="0"/>
        <line num="199" count="1" type="stmt"/>
        <line num="202" count="2" type="stmt"/>
        <line num="205" count="13" type="cond" truecount="2" falsecount="0"/>
        <line num="207" count="13" type="cond" truecount="3" falsecount="0"/>
        <line num="209" count="13" type="cond" truecount="2" falsecount="0"/>
        <line num="211" count="13" type="cond" truecount="2" falsecount="0"/>
        <line num="213" count="13" type="cond" truecount="2" falsecount="0"/>
        <line num="216" count="13" type="cond" truecount="2" falsecount="0"/>
        <line num="220" count="13" type="stmt"/>
        <line num="222" count="13" type="stmt"/>
        <line num="226" count="13" type="cond" truecount="4" falsecount="0"/>
        <line num="227" count="5" type="stmt"/>
        <line num="228" count="8" type="cond" truecount="2" falsecount="0"/>
        <line num="230" count="1" type="stmt"/>
        <line num="238" count="7" type="stmt"/>
        <line num="241" count="13" type="stmt"/>
        <line num="253" count="13" type="stmt"/>
        <line num="255" count="13" type="stmt"/>
        <line num="267" count="13" type="cond" truecount="1" falsecount="1"/>
        <line num="269" count="13" type="stmt"/>
        <line num="288" count="1" type="stmt"/>
        <line num="309" count="1" type="stmt"/>
        <line num="328" count="0" type="stmt"/>
        <line num="349" count="3" type="stmt"/>
      </file>
      <file name="roleRepository.js" path="C:\Users\siash\Desktop\GWR Code Projects\Pit Stop Plans\backend\data\repositories\roleRepository.js">
        <metrics statements="4" coveredstatements="3" conditionals="0" coveredconditionals="0" methods="2" coveredmethods="1"/>
        <line num="1" count="1" type="stmt"/>
        <line num="5" count="1" type="stmt"/>
        <line num="9" count="0" type="stmt"/>
        <line num="21" count="1" type="stmt"/>
      </file>
      <file name="sessionRepository.js" path="C:\Users\siash\Desktop\GWR Code Projects\Pit Stop Plans\backend\data\repositories\sessionRepository.js">
        <metrics statements="10" coveredstatements="2" conditionals="0" coveredconditionals="0" methods="6" coveredmethods="0"/>
        <line num="1" count="1" type="stmt"/>
        <line num="5" count="0" type="stmt"/>
        <line num="18" count="0" type="stmt"/>
        <line num="24" count="0" type="stmt"/>
        <line num="44" count="0" type="stmt"/>
        <line num="58" count="0" type="stmt"/>
        <line num="62" count="0" type="stmt"/>
        <line num="72" count="0" type="stmt"/>
        <line num="83" count="0" type="stmt"/>
        <line num="93" count="1" type="stmt"/>
      </file>
      <file name="userRepository.js" path="C:\Users\siash\Desktop\GWR Code Projects\Pit Stop Plans\backend\data\repositories\userRepository.js">
        <metrics statements="45" coveredstatements="45" conditionals="29" coveredconditionals="27" methods="6" coveredmethods="6"/>
        <line num="1" count="3" type="stmt"/>
        <line num="5" count="3" type="stmt"/>
        <line num="15" count="2" type="stmt"/>
        <line num="27" count="1" type="stmt"/>
        <line num="33" count="1" type="stmt"/>
        <line num="44" count="5" type="stmt"/>
        <line num="46" count="5" type="stmt"/>
        <line num="48" count="5" type="cond" truecount="2" falsecount="0"/>
        <line num="49" count="1" type="stmt"/>
        <line num="52" count="4" type="cond" truecount="2" falsecount="0"/>
        <line num="53" count="2" type="stmt"/>
        <line num="57" count="2" type="stmt"/>
        <line num="60" count="4" type="cond" truecount="2" falsecount="0"/>
        <line num="61" count="2" type="stmt"/>
        <line num="64" count="4" type="cond" truecount="2" falsecount="0"/>
        <line num="65" count="1" type="stmt"/>
        <line num="68" count="3" type="stmt"/>
        <line num="70" count="3" type="stmt"/>
        <line num="81" count="3" type="stmt"/>
        <line num="93" count="3" type="stmt"/>
        <line num="97" count="9" type="cond" truecount="2" falsecount="0"/>
        <line num="99" count="9" type="cond" truecount="2" falsecount="0"/>
        <line num="101" count="9" type="stmt"/>
        <line num="103" count="9" type="stmt"/>
        <line num="104" count="9" type="stmt"/>
        <line num="106" count="9" type="cond" truecount="2" falsecount="0"/>
        <line num="107" count="1" type="stmt"/>
        <line num="108" count="1" type="stmt"/>
        <line num="111" count="9" type="cond" truecount="2" falsecount="0"/>
        <line num="112" count="1" type="stmt"/>
        <line num="115" count="9" type="cond" truecount="2" falsecount="0"/>
        <line num="116" count="1" type="stmt"/>
        <line num="119" count="9" type="cond" truecount="2" falsecount="0"/>
        <line num="120" count="1" type="stmt"/>
        <line num="121" count="1" type="stmt"/>
        <line num="124" count="9" type="cond" truecount="2" falsecount="0"/>
        <line num="125" count="3" type="stmt"/>
        <line num="133" count="3" type="stmt"/>
        <line num="141" count="9" type="cond" truecount="2" falsecount="0"/>
        <line num="143" count="9" type="stmt"/>
        <line num="156" count="9" type="stmt"/>
        <line num="158" count="9" type="stmt"/>
        <line num="172" count="9" type="cond" truecount="1" falsecount="1"/>
        <line num="174" count="9" type="stmt"/>
        <line num="187" count="3" type="stmt"/>
      </file>
      <file name="userRoleRepository.js" path="C:\Users\siash\Desktop\GWR Code Projects\Pit Stop Plans\backend\data\repositories\userRoleRepository.js">
        <metrics statements="18" coveredstatements="2" conditionals="5" coveredconditionals="0" methods="7" coveredmethods="0"/>
        <line num="1" count="2" type="stmt"/>
        <line num="11" count="0" type="stmt"/>
        <line num="34" count="0" type="stmt"/>
        <line num="51" count="0" type="stmt"/>
        <line num="61" count="0" type="stmt"/>
        <line num="63" count="0" type="stmt"/>
        <line num="66" count="0" type="cond" truecount="0" falsecount="2"/>
        <line num="67" count="0" type="stmt"/>
        <line num="69" count="0" type="cond" truecount="0" falsecount="2"/>
        <line num="70" count="0" type="stmt"/>
        <line num="73" count="0" type="stmt"/>
        <line num="74" count="0" type="stmt"/>
        <line num="76" count="0" type="stmt"/>
        <line num="85" count="0" type="stmt"/>
        <line num="86" count="0" type="stmt"/>
        <line num="89" count="0" type="stmt"/>
        <line num="98" count="0" type="stmt"/>
        <line num="102" count="2" type="stmt"/>
      </file>
    </package>
    <package name="services">
      <metrics statements="406" coveredstatements="387" conditionals="177" coveredconditionals="149" methods="80" coveredmethods="73"/>
      <file name="auditLogService.js" path="C:\Users\siash\Desktop\GWR Code Projects\Pit Stop Plans\backend\services\auditLogService.js">
        <metrics statements="6" coveredstatements="2" conditionals="4" coveredconditionals="0" methods="2" coveredmethods="0"/>
        <line num="1" count="3" type="stmt"/>
        <line num="18" count="0" type="stmt"/>
        <line num="34" count="0" type="cond" truecount="0" falsecount="2"/>
        <line num="35" count="0" type="stmt"/>
        <line num="38" count="0" type="stmt"/>
        <line num="42" count="3" type="stmt"/>
      </file>
      <file name="authService.js" path="C:\Users\siash\Desktop\GWR Code Projects\Pit Stop Plans\backend\services\authService.js">
        <metrics statements="85" coveredstatements="84" conditionals="54" coveredconditionals="41" methods="11" coveredmethods="11"/>
        <line num="1" count="1" type="stmt"/>
        <line num="2" count="1" type="stmt"/>
        <line num="3" count="1" type="stmt"/>
        <line num="5" count="1" type="stmt"/>
        <line num="6" count="1" type="stmt"/>
        <line num="7" count="1" type="stmt"/>
        <line num="8" count="1" type="stmt"/>
        <line num="9" count="1" type="stmt"/>
        <line num="10" count="1" type="stmt"/>
        <line num="12" count="1" type="stmt"/>
        <line num="13" count="1" type="cond" truecount="1" falsecount="1"/>
        <line num="15" count="1" type="cond" truecount="1" falsecount="1"/>
        <line num="17" count="1" type="cond" truecount="1" falsecount="1"/>
        <line num="19" count="1" type="cond" truecount="1" falsecount="1"/>
        <line num="20" count="0" type="stmt"/>
        <line num="32" count="12" type="stmt"/>
        <line num="48" count="11" type="stmt"/>
        <line num="52" count="10" type="stmt"/>
        <line num="73" count="8" type="stmt"/>
        <line num="75" count="3" type="stmt"/>
        <line num="77" count="3" type="cond" truecount="2" falsecount="0"/>
        <line num="78" count="1" type="stmt"/>
        <line num="81" count="2" type="stmt"/>
        <line num="83" count="2" type="stmt"/>
        <line num="89" count="2" type="stmt"/>
        <line num="104" count="15" type="stmt"/>
        <line num="109" count="15" type="cond" truecount="2" falsecount="0"/>
        <line num="110" count="1" type="stmt"/>
        <line num="116" count="14" type="stmt"/>
        <line num="118" count="14" type="cond" truecount="2" falsecount="0"/>
        <line num="119" count="1" type="stmt"/>
        <line num="122" count="13" type="cond" truecount="2" falsecount="0"/>
        <line num="123" count="1" type="stmt"/>
        <line num="126" count="12" type="stmt"/>
        <line num="128" count="12" type="cond" truecount="2" falsecount="0"/>
        <line num="129" count="4" type="stmt"/>
        <line num="135" count="4" type="stmt"/>
        <line num="140" count="4" type="cond" truecount="2" falsecount="0"/>
        <line num="141" count="1" type="stmt"/>
        <line num="147" count="3" type="stmt"/>
        <line num="155" count="8" type="stmt"/>
        <line num="157" count="8" type="stmt"/>
        <line num="159" count="8" type="stmt"/>
        <line num="161" count="8" type="stmt"/>
        <line num="163" count="8" type="stmt"/>
        <line num="165" count="8" type="stmt"/>
        <line num="169" count="8" type="stmt"/>
        <line num="175" count="8" type="stmt"/>
        <line num="189" count="5" type="stmt"/>
        <line num="197" count="15" type="stmt"/>
        <line num="201" count="25" type="stmt"/>
        <line num="205" count="13" type="stmt"/>
        <line num="207" count="13" type="stmt"/>
        <line num="209" count="13" type="stmt"/>
        <line num="213" count="11" type="cond" truecount="2" falsecount="0"/>
        <line num="214" count="2" type="stmt"/>
        <line num="217" count="9" type="stmt"/>
        <line num="219" count="9" type="stmt"/>
        <line num="221" count="9" type="cond" truecount="2" falsecount="0"/>
        <line num="222" count="2" type="stmt"/>
        <line num="225" count="7" type="cond" truecount="2" falsecount="0"/>
        <line num="226" count="1" type="stmt"/>
        <line num="228" count="1" type="stmt"/>
        <line num="231" count="6" type="stmt"/>
        <line num="233" count="6" type="cond" truecount="2" falsecount="0"/>
        <line num="234" count="1" type="stmt"/>
        <line num="237" count="5" type="cond" truecount="2" falsecount="0"/>
        <line num="238" count="1" type="stmt"/>
        <line num="240" count="1" type="stmt"/>
        <line num="243" count="4" type="stmt"/>
        <line num="248" count="4" type="stmt"/>
        <line num="250" count="4" type="stmt"/>
        <line num="252" count="4" type="stmt"/>
        <line num="262" count="4" type="stmt"/>
        <line num="268" count="4" type="cond" truecount="2" falsecount="0"/>
        <line num="269" count="1" type="stmt"/>
        <line num="272" count="3" type="stmt"/>
        <line num="274" count="3" type="stmt"/>
        <line num="282" count="5" type="cond" truecount="2" falsecount="0"/>
        <line num="283" count="2" type="stmt"/>
        <line num="286" count="3" type="stmt"/>
        <line num="288" count="3" type="stmt"/>
        <line num="290" count="3" type="cond" truecount="2" falsecount="0"/>
        <line num="291" count="1" type="stmt"/>
        <line num="296" count="1" type="stmt"/>
      </file>
      <file name="eventService.js" path="C:\Users\siash\Desktop\GWR Code Projects\Pit Stop Plans\backend\services\eventService.js">
        <metrics statements="11" coveredstatements="2" conditionals="0" coveredconditionals="0" methods="4" coveredmethods="1"/>
        <line num="3" count="1" type="stmt"/>
        <line num="7" count="0" type="stmt"/>
        <line num="9" count="0" type="stmt"/>
        <line num="13" count="0" type="stmt"/>
        <line num="15" count="0" type="stmt"/>
        <line num="19" count="0" type="stmt"/>
        <line num="21" count="0" type="stmt"/>
        <line num="22" count="0" type="stmt"/>
        <line num="23" count="0" type="stmt"/>
        <line num="25" count="0" type="stmt"/>
        <line num="35" count="1" type="stmt"/>
      </file>
      <file name="incidentService.js" path="C:\Users\siash\Desktop\GWR Code Projects\Pit Stop Plans\backend\services\incidentService.js">
        <metrics statements="132" coveredstatements="132" conditionals="53" coveredconditionals="52" methods="27" coveredmethods="27"/>
        <line num="1" count="1" type="stmt"/>
        <line num="3" count="1" type="stmt"/>
        <line num="4" count="1" type="stmt"/>
        <line num="5" count="1" type="stmt"/>
        <line num="6" count="1" type="stmt"/>
        <line num="7" count="1" type="stmt"/>
        <line num="8" count="1" type="stmt"/>
        <line num="10" count="1" type="stmt"/>
        <line num="12" count="1" type="stmt"/>
        <line num="22" count="18" type="stmt"/>
        <line num="56" count="5" type="stmt"/>
        <line num="58" count="5" type="cond" truecount="2" falsecount="0"/>
        <line num="59" count="1" type="stmt"/>
        <line num="62" count="4" type="stmt"/>
        <line num="66" count="12" type="stmt"/>
        <line num="68" count="12" type="cond" truecount="2" falsecount="0"/>
        <line num="69" count="1" type="stmt"/>
        <line num="72" count="11" type="cond" truecount="2" falsecount="0"/>
        <line num="73" count="4" type="stmt"/>
        <line num="85" count="4" type="stmt"/>
        <line num="89" count="4" type="cond" truecount="2" falsecount="0"/>
        <line num="90" count="1" type="stmt"/>
        <line num="96" count="3" type="stmt"/>
        <line num="106" count="20" type="stmt"/>
        <line num="108" count="20" type="cond" truecount="2" falsecount="0"/>
        <line num="109" count="4" type="stmt"/>
        <line num="112" count="16" type="stmt"/>
        <line num="122" count="5" type="stmt"/>
        <line num="123" count="5" type="stmt"/>
        <line num="124" count="5" type="stmt"/>
        <line num="126" count="5" type="stmt"/>
        <line num="127" count="7" type="cond" truecount="3" falsecount="0"/>
        <line num="129" count="3" type="stmt"/>
        <line num="130" count="3" type="stmt"/>
        <line num="133" count="2" type="stmt"/>
        <line num="134" count="2" type="stmt"/>
        <line num="137" count="2" type="stmt"/>
        <line num="141" count="5" type="stmt"/>
        <line num="160" count="1" type="stmt"/>
        <line num="162" count="1" type="stmt"/>
        <line num="164" count="1" type="stmt"/>
        <line num="171" count="1" type="stmt"/>
        <line num="175" count="1" type="stmt"/>
        <line num="177" count="1" type="stmt"/>
        <line num="191" count="20" type="stmt"/>
        <line num="193" count="20" type="cond" truecount="2" falsecount="0"/>
        <line num="194" count="3" type="stmt"/>
        <line num="197" count="17" type="stmt"/>
        <line num="208" count="5" type="stmt"/>
        <line num="210" count="4" type="stmt"/>
        <line num="214" count="3" type="stmt"/>
        <line num="215" count="3" type="stmt"/>
        <line num="228" count="3" type="stmt"/>
        <line num="230" count="3" type="stmt"/>
        <line num="233" count="3" type="stmt"/>
        <line num="235" count="2" type="stmt"/>
        <line num="237" count="2" type="stmt"/>
        <line num="245" count="2" type="stmt"/>
        <line num="250" count="2" type="stmt"/>
        <line num="261" count="3" type="stmt"/>
        <line num="263" count="3" type="stmt"/>
        <line num="264" count="2" type="stmt"/>
        <line num="266" count="2" type="stmt"/>
        <line num="267" count="3" type="stmt"/>
        <line num="295" count="6" type="stmt"/>
        <line num="297" count="5" type="cond" truecount="2" falsecount="0"/>
        <line num="298" count="1" type="stmt"/>
        <line num="301" count="4" type="cond" truecount="4" falsecount="0"/>
        <line num="302" count="3" type="stmt"/>
        <line num="308" count="1" type="stmt"/>
        <line num="310" count="1" type="stmt"/>
        <line num="315" count="1" type="stmt"/>
        <line num="317" count="1" type="stmt"/>
        <line num="327" count="1" type="stmt"/>
        <line num="335" count="1" type="stmt"/>
        <line num="346" count="3" type="stmt"/>
        <line num="348" count="2" type="cond" truecount="2" falsecount="0"/>
        <line num="349" count="1" type="stmt"/>
        <line num="352" count="1" type="stmt"/>
        <line num="354" count="1" type="stmt"/>
        <line num="359" count="1" type="stmt"/>
        <line num="361" count="1" type="stmt"/>
        <line num="370" count="1" type="stmt"/>
        <line num="378" count="1" type="stmt"/>
        <line num="388" count="2" type="stmt"/>
        <line num="390" count="2" type="cond" truecount="2" falsecount="0"/>
        <line num="391" count="1" type="stmt"/>
        <line num="394" count="1" type="stmt"/>
        <line num="396" count="1" type="stmt"/>
        <line num="404" count="5" type="stmt"/>
        <line num="406" count="5" type="stmt"/>
        <line num="407" count="5" type="stmt"/>
        <line num="415" count="4" type="stmt"/>
        <line num="417" count="4" type="cond" truecount="2" falsecount="0"/>
        <line num="418" count="1" type="stmt"/>
        <line num="421" count="3" type="stmt"/>
        <line num="423" count="3" type="stmt"/>
        <line num="430" count="5" type="stmt"/>
        <line num="432" count="5" type="stmt"/>
        <line num="433" count="5" type="cond" truecount="4" falsecount="0"/>
        <line num="434" count="3" type="stmt"/>
        <line num="437" count="2" type="stmt"/>
        <line num="439" count="2" type="stmt"/>
        <line num="448" count="5" type="stmt"/>
        <line num="449" count="5" type="stmt"/>
        <line num="451" count="2" type="stmt"/>
        <line num="455" count="2" type="stmt"/>
        <line num="456" count="3" type="stmt"/>
        <line num="459" count="2" type="stmt"/>
        <line num="464" count="4" type="stmt"/>
        <line num="466" count="3" type="stmt"/>
        <line num="468" count="2" type="stmt"/>
        <line num="470" count="2" type="stmt"/>
        <line num="474" count="2" type="stmt"/>
        <line num="476" count="2" type="stmt"/>
        <line num="485" count="2" type="stmt"/>
        <line num="491" count="2" type="stmt"/>
        <line num="495" count="3" type="stmt"/>
        <line num="497" count="3" type="stmt"/>
        <line num="499" count="2" type="stmt"/>
        <line num="501" count="2" type="stmt"/>
        <line num="505" count="2" type="stmt"/>
        <line num="507" count="2" type="stmt"/>
        <line num="516" count="2" type="stmt"/>
        <line num="522" count="2" type="stmt"/>
        <line num="526" count="4" type="stmt"/>
        <line num="528" count="3" type="stmt"/>
        <line num="530" count="2" type="stmt"/>
        <line num="535" count="2" type="stmt"/>
        <line num="537" count="2" type="stmt"/>
        <line num="543" count="2" type="stmt"/>
        <line num="547" count="1" type="stmt"/>
      </file>
      <file name="planTemplateService.js" path="C:\Users\siash\Desktop\GWR Code Projects\Pit Stop Plans\backend\services\planTemplateService.js">
        <metrics statements="100" coveredstatements="98" conditionals="37" coveredconditionals="33" methods="19" coveredmethods="19"/>
        <line num="1" count="1" type="stmt"/>
        <line num="2" count="1" type="stmt"/>
        <line num="3" count="1" type="stmt"/>
        <line num="4" count="1" type="stmt"/>
        <line num="6" count="1" type="stmt"/>
        <line num="8" count="1" type="stmt"/>
        <line num="18" count="13" type="stmt"/>
        <line num="40" count="10" type="stmt"/>
        <line num="42" count="10" type="cond" truecount="2" falsecount="0"/>
        <line num="43" count="1" type="stmt"/>
        <line num="46" count="9" type="stmt"/>
        <line num="56" count="3" type="stmt"/>
        <line num="58" count="3" type="cond" truecount="2" falsecount="0"/>
        <line num="59" count="1" type="stmt"/>
        <line num="62" count="2" type="stmt"/>
        <line num="72" count="3" type="cond" truecount="2" falsecount="0"/>
        <line num="73" count="1" type="stmt"/>
        <line num="87" count="1" type="stmt"/>
        <line num="89" count="1" type="stmt"/>
        <line num="90" count="1" type="stmt"/>
        <line num="102" count="11" type="stmt"/>
        <line num="104" count="11" type="cond" truecount="2" falsecount="0"/>
        <line num="105" count="1" type="stmt"/>
        <line num="108" count="10" type="stmt"/>
        <line num="119" count="3" type="stmt"/>
        <line num="121" count="3" type="cond" truecount="3" falsecount="1"/>
        <line num="122" count="0" type="stmt"/>
        <line num="125" count="3" type="stmt"/>
        <line num="128" count="2" type="stmt"/>
        <line num="130" count="2" type="cond" truecount="2" falsecount="0"/>
        <line num="132" count="2" type="stmt"/>
        <line num="140" count="2" type="stmt"/>
        <line num="142" count="2" type="stmt"/>
        <line num="156" count="2" type="stmt"/>
        <line num="168" count="4" type="stmt"/>
        <line num="170" count="4" type="cond" truecount="2" falsecount="0"/>
        <line num="171" count="1" type="stmt"/>
        <line num="174" count="3" type="stmt"/>
        <line num="176" count="2" type="stmt"/>
        <line num="178" count="2" type="stmt"/>
        <line num="180" count="2" type="cond" truecount="2" falsecount="0"/>
        <line num="181" count="1" type="stmt"/>
        <line num="184" count="2" type="cond" truecount="1" falsecount="1"/>
        <line num="185" count="0" type="stmt"/>
        <line num="188" count="2" type="cond" truecount="2" falsecount="0"/>
        <line num="189" count="1" type="stmt"/>
        <line num="192" count="1" type="stmt"/>
        <line num="194" count="1" type="stmt"/>
        <line num="196" count="1" type="stmt"/>
        <line num="207" count="1" type="stmt"/>
        <line num="218" count="2" type="stmt"/>
        <line num="220" count="2" type="cond" truecount="2" falsecount="0"/>
        <line num="221" count="1" type="stmt"/>
        <line num="224" count="1" type="stmt"/>
        <line num="228" count="1" type="stmt"/>
        <line num="233" count="1" type="stmt"/>
        <line num="235" count="1" type="stmt"/>
        <line num="243" count="1" type="stmt"/>
        <line num="257" count="3" type="stmt"/>
        <line num="259" count="2" type="cond" truecount="2" falsecount="0"/>
        <line num="260" count="1" type="stmt"/>
        <line num="263" count="1" type="stmt"/>
        <line num="265" count="1" type="stmt"/>
        <line num="271" count="1" type="stmt"/>
        <line num="273" count="1" type="stmt"/>
        <line num="283" count="1" type="stmt"/>
        <line num="296" count="5" type="stmt"/>
        <line num="298" count="5" type="stmt"/>
        <line num="303" count="5" type="cond" truecount="2" falsecount="0"/>
        <line num="304" count="1" type="stmt"/>
        <line num="313" count="4" type="stmt"/>
        <line num="315" count="4" type="stmt"/>
        <line num="319" count="4" type="stmt"/>
        <line num="321" count="4" type="stmt"/>
        <line num="329" count="4" type="stmt"/>
        <line num="331" count="4" type="stmt"/>
        <line num="333" count="4" type="stmt"/>
        <line num="334" count="4" type="stmt"/>
        <line num="339" count="4" type="stmt"/>
        <line num="341" count="4" type="stmt"/>
        <line num="342" count="3" type="stmt"/>
        <line num="347" count="4" type="stmt"/>
        <line num="349" count="3" type="stmt"/>
        <line num="356" count="3" type="stmt"/>
        <line num="367" count="2" type="stmt"/>
        <line num="369" count="2" type="cond" truecount="2" falsecount="0"/>
        <line num="370" count="1" type="stmt"/>
        <line num="373" count="1" type="stmt"/>
        <line num="375" count="1" type="stmt"/>
        <line num="379" count="1" type="stmt"/>
        <line num="388" count="1" type="stmt"/>
        <line num="392" count="1" type="stmt"/>
        <line num="394" count="1" type="stmt"/>
        <line num="398" count="1" type="stmt"/>
        <line num="400" count="1" type="stmt"/>
        <line num="404" count="2" type="stmt"/>
        <line num="406" count="2" type="cond" truecount="2" falsecount="0"/>
        <line num="407" count="1" type="stmt"/>
        <line num="410" count="1" type="stmt"/>
        <line num="416" count="1" type="stmt"/>
      </file>
      <file name="userService.js" path="C:\Users\siash\Desktop\GWR Code Projects\Pit Stop Plans\backend\services\userService.js">
        <metrics statements="72" coveredstatements="69" conditionals="29" coveredconditionals="23" methods="17" coveredmethods="15"/>
        <line num="1" count="1" type="stmt"/>
        <line num="3" count="1" type="stmt"/>
        <line num="4" count="1" type="stmt"/>
        <line num="5" count="1" type="stmt"/>
        <line num="7" count="1" type="stmt"/>
        <line num="8" count="1" type="stmt"/>
        <line num="10" count="1" type="stmt"/>
        <line num="12" count="1" type="cond" truecount="2" falsecount="0"/>
        <line num="22" count="8" type="stmt"/>
        <line num="24" count="8" type="stmt"/>
        <line num="37" count="9" type="stmt"/>
        <line num="39" count="9" type="cond" truecount="2" falsecount="0"/>
        <line num="40" count="3" type="stmt"/>
        <line num="43" count="6" type="stmt"/>
        <line num="53" count="5" type="stmt"/>
        <line num="54" count="4" type="stmt"/>
        <line num="56" count="4" type="cond" truecount="2" falsecount="0"/>
        <line num="57" count="1" type="stmt"/>
        <line num="69" count="3" type="stmt"/>
        <line num="71" count="3" type="stmt"/>
        <line num="75" count="0" type="stmt"/>
        <line num="77" count="0" type="stmt"/>
        <line num="78" count="0" type="stmt"/>
        <line num="84" count="9" type="stmt"/>
        <line num="86" count="9" type="cond" truecount="2" falsecount="0"/>
        <line num="87" count="1" type="stmt"/>
        <line num="90" count="8" type="stmt"/>
        <line num="94" count="2" type="stmt"/>
        <line num="96" count="1" type="stmt"/>
        <line num="98" count="1" type="stmt"/>
        <line num="100" count="1" type="stmt"/>
        <line num="104" count="4" type="stmt"/>
        <line num="106" count="4" type="cond" truecount="2" falsecount="0"/>
        <line num="107" count="1" type="stmt"/>
        <line num="110" count="3" type="stmt"/>
        <line num="112" count="2" type="stmt"/>
        <line num="118" count="2" type="cond" truecount="2" falsecount="0"/>
        <line num="119" count="1" type="stmt"/>
        <line num="122" count="2" type="stmt"/>
        <line num="123" count="1" type="stmt"/>
        <line num="125" count="1" type="stmt"/>
        <line num="127" count="2" type="stmt"/>
        <line num="133" count="2" type="stmt"/>
        <line num="137" count="2" type="stmt"/>
        <line num="139" count="1" type="stmt"/>
        <line num="141" count="1" type="stmt"/>
        <line num="145" count="1" type="cond" truecount="1" falsecount="1"/>
        <line num="146" count="1" type="stmt"/>
        <line num="149" count="1" type="stmt"/>
        <line num="151" count="1" type="cond" truecount="1" falsecount="1"/>
        <line num="152" count="1" type="stmt"/>
        <line num="154" count="1" type="stmt"/>
        <line num="157" count="1" type="stmt"/>
        <line num="159" count="1" type="stmt"/>
        <line num="162" count="1" type="stmt"/>
        <line num="167" count="1" type="stmt"/>
        <line num="173" count="1" type="stmt"/>
        <line num="177" count="3" type="stmt"/>
        <line num="179" count="3" type="cond" truecount="2" falsecount="0"/>
        <line num="180" count="1" type="stmt"/>
        <line num="183" count="2" type="stmt"/>
        <line num="185" count="2" type="cond" truecount="2" falsecount="0"/>
        <line num="187" count="2" type="cond" truecount="5" falsecount="0"/>
        <line num="188" count="1" type="stmt"/>
        <line num="191" count="1" type="stmt"/>
        <line num="193" count="1" type="stmt"/>
        <line num="197" count="1" type="stmt"/>
        <line num="201" count="2" type="stmt"/>
        <line num="203" count="1" type="stmt"/>
        <line num="205" count="1" type="stmt"/>
        <line num="209" count="1" type="stmt"/>
        <line num="213" count="1" type="stmt"/>
      </file>
    </package>
    <package name="utils">
      <metrics statements="14" coveredstatements="14" conditionals="10" coveredconditionals="9" methods="2" coveredmethods="2"/>
      <file name="AppError.js" path="C:\Users\siash\Desktop\GWR Code Projects\Pit Stop Plans\backend\utils\AppError.js">
        <metrics statements="5" coveredstatements="5" conditionals="1" coveredconditionals="0" methods="1" coveredmethods="1"/>
        <line num="28" count="54" type="stmt"/>
        <line num="35" count="54" type="stmt"/>
        <line num="42" count="54" type="stmt"/>
        <line num="44" count="54" type="stmt"/>
        <line num="48" count="4" type="stmt"/>
      </file>
      <file name="validatePassword.js" path="C:\Users\siash\Desktop\GWR Code Projects\Pit Stop Plans\backend\utils\validatePassword.js">
        <metrics statements="9" coveredstatements="9" conditionals="9" coveredconditionals="9" methods="1" coveredmethods="1"/>
        <line num="1" count="2" type="stmt"/>
        <line num="10" count="11" type="cond" truecount="4" falsecount="0"/>
        <line num="11" count="1" type="stmt"/>
        <line num="14" count="10" type="stmt"/>
        <line num="15" count="10" type="stmt"/>
        <line num="16" count="10" type="stmt"/>
        <line num="18" count="10" type="cond" truecount="5" falsecount="0"/>
        <line num="19" count="4" type="stmt"/>
        <line num="26" count="2" type="stmt"/>
      </file>
    </package>
  </project>
</coverage>
