{"C:\\Users\\siash\\Desktop\\GWR Code Projects\\Pit Stop Plans\\backend\\data\\db.js": {"path":"C:\\Users\\siash\\Desktop\\GWR Code Projects\\Pit Stop Plans\\backend\\data\\db.js","statementMap":{"0":{"start":{"line":21,"column":17},"end":{"line":21,"column":42}},"1":{"start":{"line":22,"column":13},"end":{"line":22,"column":28}},"2":{"start":{"line":29,"column":15},"end":{"line":29,"column":54}},"3":{"start":{"line":39,"column":11},"end":{"line":39,"column":31}},"4":{"start":{"line":46,"column":0},"end":{"line":46,"column":31}},"5":{"start":{"line":48,"column":0},"end":{"line":48,"column":32}},"6":{"start":{"line":50,"column":0},"end":{"line":50,"column":34}},"7":{"start":{"line":52,"column":0},"end":{"line":52,"column":20}}},"fnMap":{},"branchMap":{},"s":{"0":20,"1":20,"2":20,"3":20,"4":20,"5":20,"6":20,"7":20},"f":{},"b":{},"_coverageSchema":"1a1c01bbd47fc00a2c39e90264f33305004495a9","hash":"ea67797e4a4b16563ef94a1761904e946e4e5e9a"}
,"C:\\Users\\siash\\Desktop\\GWR Code Projects\\Pit Stop Plans\\backend\\data\\repositories\\auditLogRepository.js": {"path":"C:\\Users\\siash\\Desktop\\GWR Code Projects\\Pit Stop Plans\\backend\\data\\repositories\\auditLogRepository.js","statementMap":{"0":{"start":{"line":1,"column":23},"end":{"line":1,"column":50}},"1":{"start":{"line":5,"column":4},"end":{"line":5,"column":24}},"2":{"start":{"line":14,"column":4},"end":{"line":19,"column":6}},"3":{"start":{"line":29,"column":4},"end":{"line":29,"column":30}},"4":{"start":{"line":39,"column":20},"end":{"line":39,"column":37}},"5":{"start":{"line":40,"column":20},"end":{"line":40,"column":22}},"6":{"start":{"line":42,"column":4},"end":{"line":44,"column":5}},"7":{"start":{"line":43,"column":6},"end":{"line":43,"column":46}},"8":{"start":{"line":46,"column":4},"end":{"line":68,"column":5}},"9":{"start":{"line":47,"column":6},"end":{"line":61,"column":7}},"10":{"start":{"line":60,"column":8},"end":{"line":60,"column":17}},"11":{"start":{"line":63,"column":6},"end":{"line":65,"column":7}},"12":{"start":{"line":64,"column":8},"end":{"line":64,"column":17}},"13":{"start":{"line":67,"column":6},"end":{"line":67,"column":27}},"14":{"start":{"line":70,"column":19},"end":{"line":70,"column":46}},"15":{"start":{"line":72,"column":19},"end":{"line":72,"column":64}},"16":{"start":{"line":74,"column":22},"end":{"line":74,"column":78}},"17":{"start":{"line":76,"column":18},"end":{"line":76,"column":73}},"18":{"start":{"line":78,"column":17},"end":{"line":78,"column":55}},"19":{"start":{"line":81,"column":6},"end":{"line":83,"column":28}},"20":{"start":{"line":85,"column":18},"end":{"line":85,"column":66}},"21":{"start":{"line":87,"column":31},"end":{"line":87,"column":74}},"22":{"start":{"line":90,"column":6},"end":{"line":92,"column":47}},"23":{"start":{"line":94,"column":16},"end":{"line":110,"column":5}},"24":{"start":{"line":112,"column":17},"end":{"line":112,"column":73}},"25":{"start":{"line":114,"column":24},"end":{"line":130,"column":27}},"26":{"start":{"line":132,"column":18},"end":{"line":132,"column":41}},"27":{"start":{"line":134,"column":4},"end":{"line":143,"column":6}},"28":{"start":{"line":153,"column":4},"end":{"line":153,"column":47}},"29":{"start":{"line":157,"column":0},"end":{"line":157,"column":42}}},"fnMap":{"0":{"name":"(anonymous_0)","decl":{"start":{"line":4,"column":2},"end":{"line":4,"column":3}},"loc":{"start":{"line":4,"column":16},"end":{"line":6,"column":3}},"line":4},"1":{"name":"(anonymous_1)","decl":{"start":{"line":13,"column":2},"end":{"line":13,"column":3}},"loc":{"start":{"line":13,"column":16},"end":{"line":20,"column":3}},"line":13},"2":{"name":"(anonymous_2)","decl":{"start":{"line":28,"column":2},"end":{"line":28,"column":3}},"loc":{"start":{"line":28,"column":16},"end":{"line":30,"column":3}},"line":28},"3":{"name":"(anonymous_3)","decl":{"start":{"line":38,"column":2},"end":{"line":38,"column":3}},"loc":{"start":{"line":38,"column":36},"end":{"line":144,"column":3}},"line":38},"4":{"name":"(anonymous_4)","decl":{"start":{"line":152,"column":2},"end":{"line":152,"column":3}},"loc":{"start":{"line":152,"column":25},"end":{"line":154,"column":3}},"line":152}},"branchMap":{"0":{"loc":{"start":{"line":38,"column":22},"end":{"line":38,"column":34}},"type":"default-arg","locations":[{"start":{"line":38,"column":32},"end":{"line":38,"column":34}}],"line":38},"1":{"loc":{"start":{"line":42,"column":4},"end":{"line":44,"column":5}},"type":"if","locations":[{"start":{"line":42,"column":4},"end":{"line":44,"column":5}},{"start":{},"end":{}}],"line":42},"2":{"loc":{"start":{"line":42,"column":8},"end":{"line":42,"column":62}},"type":"binary-expr","locations":[{"start":{"line":42,"column":8},"end":{"line":42,"column":23}},{"start":{"line":42,"column":27},"end":{"line":42,"column":62}}],"line":42},"3":{"loc":{"start":{"line":47,"column":6},"end":{"line":61,"column":7}},"type":"if","locations":[{"start":{"line":47,"column":6},"end":{"line":61,"column":7}},{"start":{},"end":{}}],"line":47},"4":{"loc":{"start":{"line":63,"column":6},"end":{"line":65,"column":7}},"type":"if","locations":[{"start":{"line":63,"column":6},"end":{"line":65,"column":7}},{"start":{},"end":{}}],"line":63},"5":{"loc":{"start":{"line":70,"column":19},"end":{"line":70,"column":46}},"type":"binary-expr","locations":[{"start":{"line":70,"column":19},"end":{"line":70,"column":33}},{"start":{"line":70,"column":37},"end":{"line":70,"column":46}}],"line":70},"6":{"loc":{"start":{"line":72,"column":20},"end":{"line":72,"column":56}},"type":"binary-expr","locations":[{"start":{"line":72,"column":20},"end":{"line":72,"column":34}},{"start":{"line":72,"column":38},"end":{"line":72,"column":50}},{"start":{"line":72,"column":54},"end":{"line":72,"column":56}}],"line":72},"7":{"loc":{"start":{"line":74,"column":22},"end":{"line":74,"column":78}},"type":"cond-expr","locations":[{"start":{"line":74,"column":64},"end":{"line":74,"column":70}},{"start":{"line":74,"column":73},"end":{"line":74,"column":78}}],"line":74},"8":{"loc":{"start":{"line":76,"column":39},"end":{"line":76,"column":66}},"type":"binary-expr","locations":[{"start":{"line":76,"column":39},"end":{"line":76,"column":60}},{"start":{"line":76,"column":64},"end":{"line":76,"column":66}}],"line":76},"9":{"loc":{"start":{"line":78,"column":29},"end":{"line":78,"column":54}},"type":"binary-expr","locations":[{"start":{"line":78,"column":29},"end":{"line":78,"column":49}},{"start":{"line":78,"column":53},"end":{"line":78,"column":54}}],"line":78},"10":{"loc":{"start":{"line":81,"column":6},"end":{"line":83,"column":28}},"type":"cond-expr","locations":[{"start":{"line":82,"column":10},"end":{"line":82,"column":50}},{"start":{"line":83,"column":10},"end":{"line":83,"column":28}}],"line":81},"11":{"loc":{"start":{"line":82,"column":22},"end":{"line":82,"column":49}},"type":"binary-expr","locations":[{"start":{"line":82,"column":22},"end":{"line":82,"column":44}},{"start":{"line":82,"column":48},"end":{"line":82,"column":49}}],"line":82},"12":{"loc":{"start":{"line":90,"column":6},"end":{"line":92,"column":47}},"type":"cond-expr","locations":[{"start":{"line":91,"column":10},"end":{"line":91,"column":43}},{"start":{"line":92,"column":10},"end":{"line":92,"column":47}}],"line":90},"13":{"loc":{"start":{"line":90,"column":6},"end":{"line":90,"column":51}},"type":"binary-expr","locations":[{"start":{"line":90,"column":6},"end":{"line":90,"column":12}},{"start":{"line":90,"column":16},"end":{"line":90,"column":51}}],"line":90},"14":{"loc":{"start":{"line":132,"column":18},"end":{"line":132,"column":41}},"type":"binary-expr","locations":[{"start":{"line":132,"column":18},"end":{"line":132,"column":36}},{"start":{"line":132,"column":40},"end":{"line":132,"column":41}}],"line":132},"15":{"loc":{"start":{"line":152,"column":12},"end":{"line":152,"column":23}},"type":"default-arg","locations":[{"start":{"line":152,"column":20},"end":{"line":152,"column":23}}],"line":152}},"s":{"0":3,"1":3,"2":0,"3":0,"4":0,"5":0,"6":0,"7":0,"8":0,"9":0,"10":0,"11":0,"12":0,"13":0,"14":0,"15":0,"16":0,"17":0,"18":0,"19":0,"20":0,"21":0,"22":0,"23":0,"24":0,"25":0,"26":0,"27":0,"28":0,"29":3},"f":{"0":3,"1":0,"2":0,"3":0,"4":0},"b":{"0":[0],"1":[0,0],"2":[0,0],"3":[0,0],"4":[0,0],"5":[0,0],"6":[0,0,0],"7":[0,0],"8":[0,0],"9":[0,0],"10":[0,0],"11":[0,0],"12":[0,0],"13":[0,0],"14":[0,0],"15":[0]},"_coverageSchema":"1a1c01bbd47fc00a2c39e90264f33305004495a9","hash":"24bfff306496f77ddb8d076d71656b608691d459"}
,"C:\\Users\\siash\\Desktop\\GWR Code Projects\\Pit Stop Plans\\backend\\data\\repositories\\baseRepository.js": {"path":"C:\\Users\\siash\\Desktop\\GWR Code Projects\\Pit Stop Plans\\backend\\data\\repositories\\baseRepository.js","statementMap":{"0":{"start":{"line":1,"column":11},"end":{"line":1,"column":27}},"1":{"start":{"line":8,"column":4},"end":{"line":8,"column":23}},"2":{"start":{"line":9,"column":4},"end":{"line":9,"column":17}},"3":{"start":{"line":10,"column":4},"end":{"line":10,"column":25}},"4":{"start":{"line":19,"column":4},"end":{"line":21,"column":5}},"5":{"start":{"line":20,"column":6},"end":{"line":20,"column":27}},"6":{"start":{"line":23,"column":4},"end":{"line":26,"column":36}},"7":{"start":{"line":26,"column":23},"end":{"line":26,"column":34}},"8":{"start":{"line":28,"column":4},"end":{"line":28,"column":25}},"9":{"start":{"line":32,"column":4},"end":{"line":32,"column":29}},"10":{"start":{"line":41,"column":4},"end":{"line":41,"column":64}},"11":{"start":{"line":51,"column":20},"end":{"line":51,"column":37}},"12":{"start":{"line":53,"column":25},"end":{"line":63,"column":6}},"13":{"start":{"line":65,"column":20},"end":{"line":65,"column":22}},"14":{"start":{"line":67,"column":4},"end":{"line":69,"column":5}},"15":{"start":{"line":68,"column":6},"end":{"line":68,"column":46}},"16":{"start":{"line":71,"column":4},"end":{"line":81,"column":5}},"17":{"start":{"line":72,"column":6},"end":{"line":74,"column":7}},"18":{"start":{"line":73,"column":8},"end":{"line":73,"column":17}},"19":{"start":{"line":76,"column":6},"end":{"line":78,"column":7}},"20":{"start":{"line":77,"column":8},"end":{"line":77,"column":17}},"21":{"start":{"line":80,"column":6},"end":{"line":80,"column":27}},"22":{"start":{"line":83,"column":4},"end":{"line":96,"column":6}},"23":{"start":{"line":106,"column":18},"end":{"line":106,"column":54}},"24":{"start":{"line":108,"column":18},"end":{"line":112,"column":5}},"25":{"start":{"line":115,"column":6},"end":{"line":117,"column":12}},"26":{"start":{"line":119,"column":16},"end":{"line":126,"column":5}},"27":{"start":{"line":128,"column":17},"end":{"line":130,"column":54}},"28":{"start":{"line":132,"column":24},"end":{"line":140,"column":27}},"29":{"start":{"line":142,"column":18},"end":{"line":142,"column":41}},"30":{"start":{"line":144,"column":4},"end":{"line":153,"column":6}},"31":{"start":{"line":165,"column":20},"end":{"line":165,"column":22}},"32":{"start":{"line":166,"column":19},"end":{"line":166,"column":21}},"33":{"start":{"line":168,"column":4},"end":{"line":192,"column":5}},"34":{"start":{"line":169,"column":6},"end":{"line":171,"column":7}},"35":{"start":{"line":170,"column":8},"end":{"line":170,"column":17}},"36":{"start":{"line":173,"column":6},"end":{"line":176,"column":7}},"37":{"start":{"line":174,"column":8},"end":{"line":174,"column":42}},"38":{"start":{"line":175,"column":8},"end":{"line":175,"column":17}},"39":{"start":{"line":178,"column":6},"end":{"line":182,"column":7}},"40":{"start":{"line":179,"column":8},"end":{"line":179,"column":41}},"41":{"start":{"line":180,"column":8},"end":{"line":180,"column":27}},"42":{"start":{"line":181,"column":8},"end":{"line":181,"column":17}},"43":{"start":{"line":184,"column":6},"end":{"line":188,"column":7}},"44":{"start":{"line":185,"column":8},"end":{"line":185,"column":38}},"45":{"start":{"line":186,"column":8},"end":{"line":186,"column":46}},"46":{"start":{"line":187,"column":8},"end":{"line":187,"column":17}},"47":{"start":{"line":190,"column":6},"end":{"line":190,"column":36}},"48":{"start":{"line":191,"column":6},"end":{"line":191,"column":25}},"49":{"start":{"line":194,"column":4},"end":{"line":206,"column":5}},"50":{"start":{"line":195,"column":28},"end":{"line":197,"column":7}},"51":{"start":{"line":196,"column":20},"end":{"line":196,"column":38}},"52":{"start":{"line":199,"column":6},"end":{"line":205,"column":7}},"53":{"start":{"line":200,"column":8},"end":{"line":200,"column":56}},"54":{"start":{"line":202,"column":8},"end":{"line":204,"column":9}},"55":{"start":{"line":202,"column":21},"end":{"line":202,"column":22}},"56":{"start":{"line":203,"column":10},"end":{"line":203,"column":37}},"57":{"start":{"line":208,"column":4},"end":{"line":211,"column":6}},"58":{"start":{"line":221,"column":4},"end":{"line":221,"column":79}},"59":{"start":{"line":231,"column":4},"end":{"line":231,"column":77}},"60":{"start":{"line":241,"column":17},"end":{"line":241,"column":36}},"61":{"start":{"line":243,"column":4},"end":{"line":245,"column":5}},"62":{"start":{"line":244,"column":6},"end":{"line":244,"column":55}},"63":{"start":{"line":247,"column":19},"end":{"line":247,"column":40}},"64":{"start":{"line":249,"column":25},"end":{"line":249,"column":55}},"65":{"start":{"line":249,"column":40},"end":{"line":249,"column":43}},"66":{"start":{"line":251,"column":4},"end":{"line":259,"column":22}},"67":{"start":{"line":270,"column":17},"end":{"line":270,"column":36}},"68":{"start":{"line":272,"column":4},"end":{"line":274,"column":5}},"69":{"start":{"line":273,"column":6},"end":{"line":273,"column":55}},"70":{"start":{"line":276,"column":19},"end":{"line":276,"column":40}},"71":{"start":{"line":278,"column":22},"end":{"line":278,"column":64}},"72":{"start":{"line":278,"column":40},"end":{"line":278,"column":52}},"73":{"start":{"line":280,"column":4},"end":{"line":288,"column":26}},"74":{"start":{"line":292,"column":0},"end":{"line":292,"column":32}}},"fnMap":{"0":{"name":"(anonymous_0)","decl":{"start":{"line":7,"column":2},"end":{"line":7,"column":3}},"loc":{"start":{"line":7,"column":21},"end":{"line":11,"column":3}},"line":7},"1":{"name":"(anonymous_1)","decl":{"start":{"line":18,"column":2},"end":{"line":18,"column":3}},"loc":{"start":{"line":18,"column":15},"end":{"line":29,"column":3}},"line":18},"2":{"name":"(anonymous_2)","decl":{"start":{"line":26,"column":11},"end":{"line":26,"column":12}},"loc":{"start":{"line":26,"column":23},"end":{"line":26,"column":34}},"line":26},"3":{"name":"(anonymous_3)","decl":{"start":{"line":31,"column":2},"end":{"line":31,"column":3}},"loc":{"start":{"line":31,"column":25},"end":{"line":33,"column":3}},"line":31},"4":{"name":"(anonymous_4)","decl":{"start":{"line":40,"column":2},"end":{"line":40,"column":3}},"loc":{"start":{"line":40,"column":12},"end":{"line":42,"column":3}},"line":40},"5":{"name":"(anonymous_5)","decl":{"start":{"line":50,"column":2},"end":{"line":50,"column":3}},"loc":{"start":{"line":50,"column":39},"end":{"line":97,"column":3}},"line":50},"6":{"name":"(anonymous_6)","decl":{"start":{"line":105,"column":2},"end":{"line":105,"column":3}},"loc":{"start":{"line":105,"column":33},"end":{"line":154,"column":3}},"line":105},"7":{"name":"(anonymous_7)","decl":{"start":{"line":164,"column":2},"end":{"line":164,"column":3}},"loc":{"start":{"line":164,"column":46},"end":{"line":212,"column":3}},"line":164},"8":{"name":"(anonymous_8)","decl":{"start":{"line":196,"column":8},"end":{"line":196,"column":9}},"loc":{"start":{"line":196,"column":20},"end":{"line":196,"column":38}},"line":196},"9":{"name":"(anonymous_9)","decl":{"start":{"line":220,"column":2},"end":{"line":220,"column":3}},"loc":{"start":{"line":220,"column":15},"end":{"line":222,"column":3}},"line":220},"10":{"name":"(anonymous_10)","decl":{"start":{"line":230,"column":2},"end":{"line":230,"column":3}},"loc":{"start":{"line":230,"column":17},"end":{"line":232,"column":3}},"line":230},"11":{"name":"(anonymous_11)","decl":{"start":{"line":240,"column":2},"end":{"line":240,"column":3}},"loc":{"start":{"line":240,"column":17},"end":{"line":260,"column":3}},"line":240},"12":{"name":"(anonymous_12)","decl":{"start":{"line":249,"column":34},"end":{"line":249,"column":35}},"loc":{"start":{"line":249,"column":40},"end":{"line":249,"column":43}},"line":249},"13":{"name":"(anonymous_13)","decl":{"start":{"line":269,"column":2},"end":{"line":269,"column":3}},"loc":{"start":{"line":269,"column":25},"end":{"line":289,"column":3}},"line":269},"14":{"name":"(anonymous_14)","decl":{"start":{"line":278,"column":31},"end":{"line":278,"column":32}},"loc":{"start":{"line":278,"column":40},"end":{"line":278,"column":52}},"line":278}},"branchMap":{"0":{"loc":{"start":{"line":19,"column":4},"end":{"line":21,"column":5}},"type":"if","locations":[{"start":{"line":19,"column":4},"end":{"line":21,"column":5}},{"start":{},"end":{}}],"line":19},"1":{"loc":{"start":{"line":50,"column":25},"end":{"line":50,"column":37}},"type":"default-arg","locations":[{"start":{"line":50,"column":35},"end":{"line":50,"column":37}}],"line":50},"2":{"loc":{"start":{"line":67,"column":4},"end":{"line":69,"column":5}},"type":"if","locations":[{"start":{"line":67,"column":4},"end":{"line":69,"column":5}},{"start":{},"end":{}}],"line":67},"3":{"loc":{"start":{"line":67,"column":8},"end":{"line":67,"column":62}},"type":"binary-expr","locations":[{"start":{"line":67,"column":8},"end":{"line":67,"column":23}},{"start":{"line":67,"column":27},"end":{"line":67,"column":62}}],"line":67},"4":{"loc":{"start":{"line":72,"column":6},"end":{"line":74,"column":7}},"type":"if","locations":[{"start":{"line":72,"column":6},"end":{"line":74,"column":7}},{"start":{},"end":{}}],"line":72},"5":{"loc":{"start":{"line":76,"column":6},"end":{"line":78,"column":7}},"type":"if","locations":[{"start":{"line":76,"column":6},"end":{"line":78,"column":7}},{"start":{},"end":{}}],"line":76},"6":{"loc":{"start":{"line":86,"column":14},"end":{"line":86,"column":41}},"type":"binary-expr","locations":[{"start":{"line":86,"column":14},"end":{"line":86,"column":28}},{"start":{"line":86,"column":32},"end":{"line":86,"column":41}}],"line":86},"7":{"loc":{"start":{"line":87,"column":15},"end":{"line":87,"column":51}},"type":"binary-expr","locations":[{"start":{"line":87,"column":15},"end":{"line":87,"column":29}},{"start":{"line":87,"column":33},"end":{"line":87,"column":45}},{"start":{"line":87,"column":49},"end":{"line":87,"column":51}}],"line":87},"8":{"loc":{"start":{"line":88,"column":17},"end":{"line":88,"column":73}},"type":"cond-expr","locations":[{"start":{"line":88,"column":59},"end":{"line":88,"column":65}},{"start":{"line":88,"column":68},"end":{"line":88,"column":73}}],"line":88},"9":{"loc":{"start":{"line":89,"column":34},"end":{"line":89,"column":61}},"type":"binary-expr","locations":[{"start":{"line":89,"column":34},"end":{"line":89,"column":55}},{"start":{"line":89,"column":59},"end":{"line":89,"column":61}}],"line":89},"10":{"loc":{"start":{"line":90,"column":24},"end":{"line":90,"column":49}},"type":"binary-expr","locations":[{"start":{"line":90,"column":24},"end":{"line":90,"column":44}},{"start":{"line":90,"column":48},"end":{"line":90,"column":49}}],"line":90},"11":{"loc":{"start":{"line":92,"column":8},"end":{"line":95,"column":67}},"type":"cond-expr","locations":[{"start":{"line":93,"column":12},"end":{"line":93,"column":52}},{"start":{"line":94,"column":12},"end":{"line":95,"column":67}}],"line":92},"12":{"loc":{"start":{"line":93,"column":24},"end":{"line":93,"column":51}},"type":"binary-expr","locations":[{"start":{"line":93,"column":24},"end":{"line":93,"column":46}},{"start":{"line":93,"column":50},"end":{"line":93,"column":51}}],"line":93},"13":{"loc":{"start":{"line":94,"column":25},"end":{"line":94,"column":50}},"type":"binary-expr","locations":[{"start":{"line":94,"column":25},"end":{"line":94,"column":45}},{"start":{"line":94,"column":49},"end":{"line":94,"column":50}}],"line":94},"14":{"loc":{"start":{"line":95,"column":33},"end":{"line":95,"column":60}},"type":"binary-expr","locations":[{"start":{"line":95,"column":33},"end":{"line":95,"column":54}},{"start":{"line":95,"column":58},"end":{"line":95,"column":60}}],"line":95},"15":{"loc":{"start":{"line":105,"column":19},"end":{"line":105,"column":31}},"type":"default-arg","locations":[{"start":{"line":105,"column":29},"end":{"line":105,"column":31}}],"line":105},"16":{"loc":{"start":{"line":115,"column":6},"end":{"line":117,"column":12}},"type":"cond-expr","locations":[{"start":{"line":116,"column":10},"end":{"line":116,"column":55}},{"start":{"line":117,"column":10},"end":{"line":117,"column":12}}],"line":115},"17":{"loc":{"start":{"line":115,"column":6},"end":{"line":115,"column":58}},"type":"binary-expr","locations":[{"start":{"line":115,"column":6},"end":{"line":115,"column":18}},{"start":{"line":115,"column":22},"end":{"line":115,"column":58}}],"line":115},"18":{"loc":{"start":{"line":142,"column":18},"end":{"line":142,"column":41}},"type":"binary-expr","locations":[{"start":{"line":142,"column":18},"end":{"line":142,"column":36}},{"start":{"line":142,"column":40},"end":{"line":142,"column":41}}],"line":142},"19":{"loc":{"start":{"line":169,"column":6},"end":{"line":171,"column":7}},"type":"if","locations":[{"start":{"line":169,"column":6},"end":{"line":171,"column":7}},{"start":{},"end":{}}],"line":169},"20":{"loc":{"start":{"line":173,"column":6},"end":{"line":176,"column":7}},"type":"if","locations":[{"start":{"line":173,"column":6},"end":{"line":176,"column":7}},{"start":{},"end":{}}],"line":173},"21":{"loc":{"start":{"line":173,"column":10},"end":{"line":173,"column":44}},"type":"binary-expr","locations":[{"start":{"line":173,"column":10},"end":{"line":173,"column":24}},{"start":{"line":173,"column":28},"end":{"line":173,"column":44}}],"line":173},"22":{"loc":{"start":{"line":178,"column":6},"end":{"line":182,"column":7}},"type":"if","locations":[{"start":{"line":178,"column":6},"end":{"line":182,"column":7}},{"start":{},"end":{}}],"line":178},"23":{"loc":{"start":{"line":178,"column":10},"end":{"line":178,"column":58}},"type":"binary-expr","locations":[{"start":{"line":178,"column":10},"end":{"line":178,"column":35}},{"start":{"line":178,"column":39},"end":{"line":178,"column":58}}],"line":178},"24":{"loc":{"start":{"line":184,"column":6},"end":{"line":188,"column":7}},"type":"if","locations":[{"start":{"line":184,"column":6},"end":{"line":188,"column":7}},{"start":{},"end":{}}],"line":184},"25":{"loc":{"start":{"line":184,"column":10},"end":{"line":184,"column":47}},"type":"binary-expr","locations":[{"start":{"line":184,"column":10},"end":{"line":184,"column":26}},{"start":{"line":184,"column":30},"end":{"line":184,"column":47}}],"line":184},"26":{"loc":{"start":{"line":186,"column":20},"end":{"line":186,"column":44}},"type":"cond-expr","locations":[{"start":{"line":186,"column":39},"end":{"line":186,"column":40}},{"start":{"line":186,"column":43},"end":{"line":186,"column":44}}],"line":186},"27":{"loc":{"start":{"line":194,"column":4},"end":{"line":206,"column":5}},"type":"if","locations":[{"start":{"line":194,"column":4},"end":{"line":206,"column":5}},{"start":{},"end":{}}],"line":194},"28":{"loc":{"start":{"line":199,"column":6},"end":{"line":205,"column":7}},"type":"if","locations":[{"start":{"line":199,"column":6},"end":{"line":205,"column":7}},{"start":{},"end":{}}],"line":199},"29":{"loc":{"start":{"line":209,"column":14},"end":{"line":209,"column":68}},"type":"cond-expr","locations":[{"start":{"line":209,"column":31},"end":{"line":209,"column":63}},{"start":{"line":209,"column":66},"end":{"line":209,"column":68}}],"line":209},"30":{"loc":{"start":{"line":243,"column":4},"end":{"line":245,"column":5}},"type":"if","locations":[{"start":{"line":243,"column":4},"end":{"line":245,"column":5}},{"start":{},"end":{}}],"line":243},"31":{"loc":{"start":{"line":272,"column":4},"end":{"line":274,"column":5}},"type":"if","locations":[{"start":{"line":272,"column":4},"end":{"line":274,"column":5}},{"start":{},"end":{}}],"line":272}},"s":{"0":16,"1":16,"2":16,"3":16,"4":0,"5":0,"6":0,"7":0,"8":0,"9":0,"10":0,"11":0,"12":0,"13":0,"14":0,"15":0,"16":0,"17":0,"18":0,"19":0,"20":0,"21":0,"22":0,"23":0,"24":0,"25":0,"26":0,"27":0,"28":0,"29":0,"30":0,"31":0,"32":0,"33":0,"34":0,"35":0,"36":0,"37":0,"38":0,"39":0,"40":0,"41":0,"42":0,"43":0,"44":0,"45":0,"46":0,"47":0,"48":0,"49":0,"50":0,"51":0,"52":0,"53":0,"54":0,"55":0,"56":0,"57":0,"58":0,"59":0,"60":0,"61":0,"62":0,"63":0,"64":0,"65":0,"66":0,"67":0,"68":0,"69":0,"70":0,"71":0,"72":0,"73":0,"74":16},"f":{"0":16,"1":0,"2":0,"3":0,"4":0,"5":0,"6":0,"7":0,"8":0,"9":0,"10":0,"11":0,"12":0,"13":0,"14":0},"b":{"0":[0,0],"1":[0],"2":[0,0],"3":[0,0],"4":[0,0],"5":[0,0],"6":[0,0],"7":[0,0,0],"8":[0,0],"9":[0,0],"10":[0,0],"11":[0,0],"12":[0,0],"13":[0,0],"14":[0,0],"15":[0],"16":[0,0],"17":[0,0],"18":[0,0],"19":[0,0],"20":[0,0],"21":[0,0],"22":[0,0],"23":[0,0],"24":[0,0],"25":[0,0],"26":[0,0],"27":[0,0],"28":[0,0],"29":[0,0],"30":[0,0],"31":[0,0]},"_coverageSchema":"1a1c01bbd47fc00a2c39e90264f33305004495a9","hash":"c0f7a140b99ab2b0fffd2b50d50539f6343188aa"}
,"C:\\Users\\siash\\Desktop\\GWR Code Projects\\Pit Stop Plans\\backend\\data\\repositories\\incidentActionRepository.js": {"path":"C:\\Users\\siash\\Desktop\\GWR Code Projects\\Pit Stop Plans\\backend\\data\\repositories\\incidentActionRepository.js","statementMap":{"0":{"start":{"line":1,"column":23},"end":{"line":1,"column":50}},"1":{"start":{"line":5,"column":4},"end":{"line":5,"column":30}},"2":{"start":{"line":9,"column":4},"end":{"line":13,"column":6}},"3":{"start":{"line":17,"column":4},"end":{"line":26,"column":23}},"4":{"start":{"line":30,"column":4},"end":{"line":30,"column":29}},"5":{"start":{"line":34,"column":19},"end":{"line":34,"column":50}},"6":{"start":{"line":36,"column":4},"end":{"line":43,"column":6}},"7":{"start":{"line":39,"column":8},"end":{"line":41,"column":43}},"8":{"start":{"line":47,"column":19},"end":{"line":50,"column":6}},"9":{"start":{"line":52,"column":4},"end":{"line":59,"column":6}},"10":{"start":{"line":55,"column":8},"end":{"line":57,"column":43}},"11":{"start":{"line":62,"column":19},"end":{"line":62,"column":70}},"12":{"start":{"line":64,"column":4},"end":{"line":67,"column":6}},"13":{"start":{"line":71,"column":4},"end":{"line":73,"column":5}},"14":{"start":{"line":72,"column":6},"end":{"line":72,"column":16}},"15":{"start":{"line":75,"column":21},"end":{"line":77,"column":5}},"16":{"start":{"line":76,"column":30},"end":{"line":76,"column":39}},"17":{"start":{"line":79,"column":20},"end":{"line":79,"column":29}},"18":{"start":{"line":81,"column":4},"end":{"line":90,"column":5}},"19":{"start":{"line":82,"column":6},"end":{"line":84,"column":7}},"20":{"start":{"line":83,"column":8},"end":{"line":83,"column":39}},"21":{"start":{"line":86,"column":6},"end":{"line":89,"column":9}},"22":{"start":{"line":92,"column":4},"end":{"line":95,"column":8}},"23":{"start":{"line":92,"column":36},"end":{"line":95,"column":5}},"24":{"start":{"line":99,"column":4},"end":{"line":109,"column":31}},"25":{"start":{"line":113,"column":4},"end":{"line":123,"column":23}},"26":{"start":{"line":127,"column":4},"end":{"line":127,"column":65}},"27":{"start":{"line":131,"column":4},"end":{"line":140,"column":19}},"28":{"start":{"line":144,"column":4},"end":{"line":152,"column":13}},"29":{"start":{"line":156,"column":4},"end":{"line":172,"column":21}},"30":{"start":{"line":176,"column":20},"end":{"line":176,"column":53}},"31":{"start":{"line":178,"column":4},"end":{"line":178,"column":38}},"32":{"start":{"line":182,"column":4},"end":{"line":199,"column":13}},"33":{"start":{"line":203,"column":20},"end":{"line":203,"column":22}},"34":{"start":{"line":204,"column":19},"end":{"line":204,"column":21}},"35":{"start":{"line":206,"column":4},"end":{"line":209,"column":5}},"36":{"start":{"line":207,"column":6},"end":{"line":207,"column":32}},"37":{"start":{"line":208,"column":6},"end":{"line":208,"column":37}},"38":{"start":{"line":211,"column":4},"end":{"line":214,"column":5}},"39":{"start":{"line":212,"column":6},"end":{"line":212,"column":41}},"40":{"start":{"line":213,"column":6},"end":{"line":213,"column":39}},"41":{"start":{"line":216,"column":4},"end":{"line":219,"column":5}},"42":{"start":{"line":217,"column":6},"end":{"line":217,"column":31}},"43":{"start":{"line":218,"column":6},"end":{"line":218,"column":35}},"44":{"start":{"line":222,"column":6},"end":{"line":222,"column":64}},"45":{"start":{"line":223,"column":18},"end":{"line":223,"column":77}},"46":{"start":{"line":224,"column":17},"end":{"line":224,"column":55}},"47":{"start":{"line":225,"column":19},"end":{"line":225,"column":37}},"48":{"start":{"line":227,"column":17},"end":{"line":247,"column":36}},"49":{"start":{"line":249,"column":18},"end":{"line":262,"column":27}},"50":{"start":{"line":264,"column":4},"end":{"line":273,"column":6}},"51":{"start":{"line":277,"column":4},"end":{"line":279,"column":5}},"52":{"start":{"line":278,"column":6},"end":{"line":278,"column":16}},"53":{"start":{"line":281,"column":25},"end":{"line":281,"column":59}},"54":{"start":{"line":281,"column":45},"end":{"line":281,"column":48}},"55":{"start":{"line":283,"column":4},"end":{"line":300,"column":25}},"56":{"start":{"line":304,"column":0},"end":{"line":304,"column":48}}},"fnMap":{"0":{"name":"(anonymous_0)","decl":{"start":{"line":4,"column":2},"end":{"line":4,"column":3}},"loc":{"start":{"line":4,"column":16},"end":{"line":6,"column":3}},"line":4},"1":{"name":"(anonymous_1)","decl":{"start":{"line":8,"column":2},"end":{"line":8,"column":3}},"loc":{"start":{"line":8,"column":18},"end":{"line":14,"column":3}},"line":8},"2":{"name":"(anonymous_2)","decl":{"start":{"line":16,"column":2},"end":{"line":16,"column":3}},"loc":{"start":{"line":16,"column":31},"end":{"line":27,"column":3}},"line":16},"3":{"name":"(anonymous_3)","decl":{"start":{"line":29,"column":2},"end":{"line":29,"column":3}},"loc":{"start":{"line":29,"column":26},"end":{"line":31,"column":3}},"line":29},"4":{"name":"(anonymous_4)","decl":{"start":{"line":33,"column":2},"end":{"line":33,"column":3}},"loc":{"start":{"line":33,"column":33},"end":{"line":44,"column":3}},"line":33},"5":{"name":"(anonymous_5)","decl":{"start":{"line":38,"column":29},"end":{"line":38,"column":30}},"loc":{"start":{"line":39,"column":8},"end":{"line":41,"column":43}},"line":39},"6":{"name":"(anonymous_6)","decl":{"start":{"line":46,"column":2},"end":{"line":46,"column":3}},"loc":{"start":{"line":46,"column":54},"end":{"line":60,"column":3}},"line":46},"7":{"name":"(anonymous_7)","decl":{"start":{"line":54,"column":29},"end":{"line":54,"column":30}},"loc":{"start":{"line":55,"column":8},"end":{"line":57,"column":43}},"line":55},"8":{"name":"(anonymous_8)","decl":{"start":{"line":61,"column":2},"end":{"line":61,"column":3}},"loc":{"start":{"line":61,"column":59},"end":{"line":68,"column":3}},"line":61},"9":{"name":"(anonymous_9)","decl":{"start":{"line":70,"column":2},"end":{"line":70,"column":3}},"loc":{"start":{"line":70,"column":24},"end":{"line":96,"column":3}},"line":70},"10":{"name":"(anonymous_10)","decl":{"start":{"line":76,"column":18},"end":{"line":76,"column":19}},"loc":{"start":{"line":76,"column":30},"end":{"line":76,"column":39}},"line":76},"11":{"name":"(anonymous_11)","decl":{"start":{"line":92,"column":23},"end":{"line":92,"column":24}},"loc":{"start":{"line":92,"column":36},"end":{"line":95,"column":5}},"line":92},"12":{"name":"(anonymous_12)","decl":{"start":{"line":98,"column":2},"end":{"line":98,"column":3}},"loc":{"start":{"line":98,"column":46},"end":{"line":110,"column":3}},"line":98},"13":{"name":"(anonymous_13)","decl":{"start":{"line":112,"column":2},"end":{"line":112,"column":3}},"loc":{"start":{"line":112,"column":42},"end":{"line":124,"column":3}},"line":112},"14":{"name":"(anonymous_14)","decl":{"start":{"line":126,"column":2},"end":{"line":126,"column":3}},"loc":{"start":{"line":126,"column":40},"end":{"line":128,"column":3}},"line":126},"15":{"name":"(anonymous_15)","decl":{"start":{"line":130,"column":2},"end":{"line":130,"column":3}},"loc":{"start":{"line":130,"column":29},"end":{"line":141,"column":3}},"line":130},"16":{"name":"(anonymous_16)","decl":{"start":{"line":143,"column":2},"end":{"line":143,"column":3}},"loc":{"start":{"line":143,"column":16},"end":{"line":153,"column":3}},"line":143},"17":{"name":"(anonymous_17)","decl":{"start":{"line":155,"column":2},"end":{"line":155,"column":3}},"loc":{"start":{"line":155,"column":21},"end":{"line":173,"column":3}},"line":155},"18":{"name":"(anonymous_18)","decl":{"start":{"line":175,"column":2},"end":{"line":175,"column":3}},"loc":{"start":{"line":175,"column":40},"end":{"line":179,"column":3}},"line":175},"19":{"name":"(anonymous_19)","decl":{"start":{"line":181,"column":2},"end":{"line":181,"column":3}},"loc":{"start":{"line":181,"column":23},"end":{"line":200,"column":3}},"line":181},"20":{"name":"(anonymous_20)","decl":{"start":{"line":202,"column":2},"end":{"line":202,"column":3}},"loc":{"start":{"line":202,"column":44},"end":{"line":274,"column":3}},"line":202},"21":{"name":"(anonymous_21)","decl":{"start":{"line":276,"column":2},"end":{"line":276,"column":3}},"loc":{"start":{"line":276,"column":32},"end":{"line":301,"column":3}},"line":276},"22":{"name":"(anonymous_22)","decl":{"start":{"line":281,"column":39},"end":{"line":281,"column":40}},"loc":{"start":{"line":281,"column":45},"end":{"line":281,"column":48}},"line":281}},"branchMap":{"0":{"loc":{"start":{"line":33,"column":19},"end":{"line":33,"column":31}},"type":"default-arg","locations":[{"start":{"line":33,"column":29},"end":{"line":33,"column":31}}],"line":33},"1":{"loc":{"start":{"line":39,"column":8},"end":{"line":41,"column":43}},"type":"cond-expr","locations":[{"start":{"line":40,"column":12},"end":{"line":40,"column":45}},{"start":{"line":41,"column":12},"end":{"line":41,"column":43}}],"line":39},"2":{"loc":{"start":{"line":46,"column":40},"end":{"line":46,"column":52}},"type":"default-arg","locations":[{"start":{"line":46,"column":50},"end":{"line":46,"column":52}}],"line":46},"3":{"loc":{"start":{"line":55,"column":8},"end":{"line":57,"column":43}},"type":"cond-expr","locations":[{"start":{"line":56,"column":12},"end":{"line":56,"column":45}},{"start":{"line":57,"column":12},"end":{"line":57,"column":43}}],"line":55},"4":{"loc":{"start":{"line":61,"column":45},"end":{"line":61,"column":57}},"type":"default-arg","locations":[{"start":{"line":61,"column":55},"end":{"line":61,"column":57}}],"line":61},"5":{"loc":{"start":{"line":71,"column":4},"end":{"line":73,"column":5}},"type":"if","locations":[{"start":{"line":71,"column":4},"end":{"line":73,"column":5}},{"start":{},"end":{}}],"line":71},"6":{"loc":{"start":{"line":82,"column":6},"end":{"line":84,"column":7}},"type":"if","locations":[{"start":{"line":82,"column":6},"end":{"line":84,"column":7}},{"start":{},"end":{}}],"line":82},"7":{"loc":{"start":{"line":94,"column":13},"end":{"line":94,"column":41}},"type":"binary-expr","locations":[{"start":{"line":94,"column":13},"end":{"line":94,"column":35}},{"start":{"line":94,"column":39},"end":{"line":94,"column":41}}],"line":94},"8":{"loc":{"start":{"line":202,"column":30},"end":{"line":202,"column":42}},"type":"default-arg","locations":[{"start":{"line":202,"column":40},"end":{"line":202,"column":42}}],"line":202},"9":{"loc":{"start":{"line":206,"column":4},"end":{"line":209,"column":5}},"type":"if","locations":[{"start":{"line":206,"column":4},"end":{"line":209,"column":5}},{"start":{},"end":{}}],"line":206},"10":{"loc":{"start":{"line":211,"column":4},"end":{"line":214,"column":5}},"type":"if","locations":[{"start":{"line":211,"column":4},"end":{"line":214,"column":5}},{"start":{},"end":{}}],"line":211},"11":{"loc":{"start":{"line":216,"column":4},"end":{"line":219,"column":5}},"type":"if","locations":[{"start":{"line":216,"column":4},"end":{"line":219,"column":5}},{"start":{},"end":{}}],"line":216},"12":{"loc":{"start":{"line":222,"column":6},"end":{"line":222,"column":64}},"type":"cond-expr","locations":[{"start":{"line":222,"column":27},"end":{"line":222,"column":59}},{"start":{"line":222,"column":62},"end":{"line":222,"column":64}}],"line":222},"13":{"loc":{"start":{"line":223,"column":39},"end":{"line":223,"column":68}},"type":"binary-expr","locations":[{"start":{"line":223,"column":39},"end":{"line":223,"column":60}},{"start":{"line":223,"column":64},"end":{"line":223,"column":68}}],"line":223},"14":{"loc":{"start":{"line":224,"column":29},"end":{"line":224,"column":54}},"type":"binary-expr","locations":[{"start":{"line":224,"column":29},"end":{"line":224,"column":49}},{"start":{"line":224,"column":53},"end":{"line":224,"column":54}}],"line":224},"15":{"loc":{"start":{"line":277,"column":4},"end":{"line":279,"column":5}},"type":"if","locations":[{"start":{"line":277,"column":4},"end":{"line":279,"column":5}},{"start":{},"end":{}}],"line":277}},"s":{"0":1,"1":1,"2":0,"3":0,"4":0,"5":0,"6":0,"7":0,"8":0,"9":0,"10":0,"11":0,"12":0,"13":0,"14":0,"15":0,"16":0,"17":0,"18":0,"19":0,"20":0,"21":0,"22":0,"23":0,"24":0,"25":0,"26":0,"27":0,"28":0,"29":0,"30":0,"31":0,"32":0,"33":0,"34":0,"35":0,"36":0,"37":0,"38":0,"39":0,"40":0,"41":0,"42":0,"43":0,"44":0,"45":0,"46":0,"47":0,"48":0,"49":0,"50":0,"51":0,"52":0,"53":0,"54":0,"55":0,"56":1},"f":{"0":1,"1":0,"2":0,"3":0,"4":0,"5":0,"6":0,"7":0,"8":0,"9":0,"10":0,"11":0,"12":0,"13":0,"14":0,"15":0,"16":0,"17":0,"18":0,"19":0,"20":0,"21":0,"22":0},"b":{"0":[0],"1":[0,0],"2":[0],"3":[0,0],"4":[0],"5":[0,0],"6":[0,0],"7":[0,0],"8":[0],"9":[0,0],"10":[0,0],"11":[0,0],"12":[0,0],"13":[0,0],"14":[0,0],"15":[0,0]},"_coverageSchema":"1a1c01bbd47fc00a2c39e90264f33305004495a9","hash":"b6354818ad26874dcb73b0fda5bbb98fbcfe22ee"}
,"C:\\Users\\siash\\Desktop\\GWR Code Projects\\Pit Stop Plans\\backend\\data\\repositories\\incidentRepository.js": {"path":"C:\\Users\\siash\\Desktop\\GWR Code Projects\\Pit Stop Plans\\backend\\data\\repositories\\incidentRepository.js","statementMap":{"0":{"start":{"line":1,"column":23},"end":{"line":1,"column":50}},"1":{"start":{"line":5,"column":4},"end":{"line":5,"column":23}},"2":{"start":{"line":14,"column":4},"end":{"line":18,"column":6}},"3":{"start":{"line":28,"column":4},"end":{"line":41,"column":15}},"4":{"start":{"line":50,"column":4},"end":{"line":63,"column":13}},"5":{"start":{"line":74,"column":20},"end":{"line":74,"column":37}},"6":{"start":{"line":75,"column":20},"end":{"line":75,"column":22}},"7":{"start":{"line":77,"column":4},"end":{"line":79,"column":5}},"8":{"start":{"line":78,"column":6},"end":{"line":78,"column":46}},"9":{"start":{"line":81,"column":4},"end":{"line":103,"column":5}},"10":{"start":{"line":82,"column":6},"end":{"line":96,"column":7}},"11":{"start":{"line":95,"column":8},"end":{"line":95,"column":17}},"12":{"start":{"line":98,"column":6},"end":{"line":100,"column":7}},"13":{"start":{"line":99,"column":8},"end":{"line":99,"column":17}},"14":{"start":{"line":102,"column":6},"end":{"line":102,"column":27}},"15":{"start":{"line":105,"column":19},"end":{"line":105,"column":46}},"16":{"start":{"line":107,"column":19},"end":{"line":107,"column":64}},"17":{"start":{"line":109,"column":22},"end":{"line":109,"column":78}},"18":{"start":{"line":111,"column":18},"end":{"line":111,"column":73}},"19":{"start":{"line":113,"column":17},"end":{"line":113,"column":55}},"20":{"start":{"line":116,"column":6},"end":{"line":118,"column":28}},"21":{"start":{"line":120,"column":18},"end":{"line":120,"column":66}},"22":{"start":{"line":122,"column":31},"end":{"line":126,"column":5}},"23":{"start":{"line":129,"column":6},"end":{"line":131,"column":38}},"24":{"start":{"line":133,"column":16},"end":{"line":145,"column":5}},"25":{"start":{"line":147,"column":17},"end":{"line":147,"column":73}},"26":{"start":{"line":149,"column":24},"end":{"line":161,"column":27}},"27":{"start":{"line":163,"column":18},"end":{"line":163,"column":41}},"28":{"start":{"line":165,"column":4},"end":{"line":174,"column":6}},"29":{"start":{"line":184,"column":4},"end":{"line":214,"column":8}},"30":{"start":{"line":224,"column":4},"end":{"line":233,"column":19}},"31":{"start":{"line":242,"column":4},"end":{"line":242,"column":39}},"32":{"start":{"line":251,"column":4},"end":{"line":251,"column":39}},"33":{"start":{"line":255,"column":0},"end":{"line":255,"column":42}}},"fnMap":{"0":{"name":"(anonymous_0)","decl":{"start":{"line":4,"column":2},"end":{"line":4,"column":3}},"loc":{"start":{"line":4,"column":16},"end":{"line":6,"column":3}},"line":4},"1":{"name":"(anonymous_1)","decl":{"start":{"line":13,"column":2},"end":{"line":13,"column":3}},"loc":{"start":{"line":13,"column":16},"end":{"line":19,"column":3}},"line":13},"2":{"name":"(anonymous_2)","decl":{"start":{"line":27,"column":2},"end":{"line":27,"column":3}},"loc":{"start":{"line":27,"column":26},"end":{"line":42,"column":3}},"line":27},"3":{"name":"(anonymous_3)","decl":{"start":{"line":49,"column":2},"end":{"line":49,"column":3}},"loc":{"start":{"line":49,"column":23},"end":{"line":64,"column":3}},"line":49},"4":{"name":"(anonymous_4)","decl":{"start":{"line":73,"column":2},"end":{"line":73,"column":3}},"loc":{"start":{"line":73,"column":40},"end":{"line":175,"column":3}},"line":73},"5":{"name":"(anonymous_5)","decl":{"start":{"line":183,"column":2},"end":{"line":183,"column":3}},"loc":{"start":{"line":183,"column":23},"end":{"line":215,"column":3}},"line":183},"6":{"name":"(anonymous_6)","decl":{"start":{"line":223,"column":2},"end":{"line":223,"column":3}},"loc":{"start":{"line":223,"column":23},"end":{"line":234,"column":3}},"line":223},"7":{"name":"(anonymous_7)","decl":{"start":{"line":241,"column":2},"end":{"line":241,"column":3}},"loc":{"start":{"line":241,"column":13},"end":{"line":243,"column":3}},"line":241},"8":{"name":"(anonymous_8)","decl":{"start":{"line":250,"column":2},"end":{"line":250,"column":3}},"loc":{"start":{"line":250,"column":15},"end":{"line":252,"column":3}},"line":250}},"branchMap":{"0":{"loc":{"start":{"line":73,"column":26},"end":{"line":73,"column":38}},"type":"default-arg","locations":[{"start":{"line":73,"column":36},"end":{"line":73,"column":38}}],"line":73},"1":{"loc":{"start":{"line":77,"column":4},"end":{"line":79,"column":5}},"type":"if","locations":[{"start":{"line":77,"column":4},"end":{"line":79,"column":5}},{"start":{},"end":{}}],"line":77},"2":{"loc":{"start":{"line":77,"column":8},"end":{"line":77,"column":62}},"type":"binary-expr","locations":[{"start":{"line":77,"column":8},"end":{"line":77,"column":23}},{"start":{"line":77,"column":27},"end":{"line":77,"column":62}}],"line":77},"3":{"loc":{"start":{"line":82,"column":6},"end":{"line":96,"column":7}},"type":"if","locations":[{"start":{"line":82,"column":6},"end":{"line":96,"column":7}},{"start":{},"end":{}}],"line":82},"4":{"loc":{"start":{"line":98,"column":6},"end":{"line":100,"column":7}},"type":"if","locations":[{"start":{"line":98,"column":6},"end":{"line":100,"column":7}},{"start":{},"end":{}}],"line":98},"5":{"loc":{"start":{"line":105,"column":19},"end":{"line":105,"column":46}},"type":"binary-expr","locations":[{"start":{"line":105,"column":19},"end":{"line":105,"column":33}},{"start":{"line":105,"column":37},"end":{"line":105,"column":46}}],"line":105},"6":{"loc":{"start":{"line":107,"column":20},"end":{"line":107,"column":56}},"type":"binary-expr","locations":[{"start":{"line":107,"column":20},"end":{"line":107,"column":34}},{"start":{"line":107,"column":38},"end":{"line":107,"column":50}},{"start":{"line":107,"column":54},"end":{"line":107,"column":56}}],"line":107},"7":{"loc":{"start":{"line":109,"column":22},"end":{"line":109,"column":78}},"type":"cond-expr","locations":[{"start":{"line":109,"column":64},"end":{"line":109,"column":70}},{"start":{"line":109,"column":73},"end":{"line":109,"column":78}}],"line":109},"8":{"loc":{"start":{"line":111,"column":39},"end":{"line":111,"column":66}},"type":"binary-expr","locations":[{"start":{"line":111,"column":39},"end":{"line":111,"column":60}},{"start":{"line":111,"column":64},"end":{"line":111,"column":66}}],"line":111},"9":{"loc":{"start":{"line":113,"column":29},"end":{"line":113,"column":54}},"type":"binary-expr","locations":[{"start":{"line":113,"column":29},"end":{"line":113,"column":49}},{"start":{"line":113,"column":53},"end":{"line":113,"column":54}}],"line":113},"10":{"loc":{"start":{"line":116,"column":6},"end":{"line":118,"column":28}},"type":"cond-expr","locations":[{"start":{"line":117,"column":10},"end":{"line":117,"column":50}},{"start":{"line":118,"column":10},"end":{"line":118,"column":28}}],"line":116},"11":{"loc":{"start":{"line":117,"column":22},"end":{"line":117,"column":49}},"type":"binary-expr","locations":[{"start":{"line":117,"column":22},"end":{"line":117,"column":44}},{"start":{"line":117,"column":48},"end":{"line":117,"column":49}}],"line":117},"12":{"loc":{"start":{"line":129,"column":6},"end":{"line":131,"column":38}},"type":"cond-expr","locations":[{"start":{"line":130,"column":10},"end":{"line":130,"column":43}},{"start":{"line":131,"column":10},"end":{"line":131,"column":38}}],"line":129},"13":{"loc":{"start":{"line":129,"column":6},"end":{"line":129,"column":51}},"type":"binary-expr","locations":[{"start":{"line":129,"column":6},"end":{"line":129,"column":12}},{"start":{"line":129,"column":16},"end":{"line":129,"column":51}}],"line":129},"14":{"loc":{"start":{"line":163,"column":18},"end":{"line":163,"column":41}},"type":"binary-expr","locations":[{"start":{"line":163,"column":18},"end":{"line":163,"column":36}},{"start":{"line":163,"column":40},"end":{"line":163,"column":41}}],"line":163}},"s":{"0":1,"1":1,"2":0,"3":0,"4":0,"5":0,"6":0,"7":0,"8":0,"9":0,"10":0,"11":0,"12":0,"13":0,"14":0,"15":0,"16":0,"17":0,"18":0,"19":0,"20":0,"21":0,"22":0,"23":0,"24":0,"25":0,"26":0,"27":0,"28":0,"29":0,"30":0,"31":0,"32":0,"33":1},"f":{"0":1,"1":0,"2":0,"3":0,"4":0,"5":0,"6":0,"7":0,"8":0},"b":{"0":[0],"1":[0,0],"2":[0,0],"3":[0,0],"4":[0,0],"5":[0,0],"6":[0,0,0],"7":[0,0],"8":[0,0],"9":[0,0],"10":[0,0],"11":[0,0],"12":[0,0],"13":[0,0],"14":[0,0]},"_coverageSchema":"1a1c01bbd47fc00a2c39e90264f33305004495a9","hash":"eff2b9c72aea31cb123e57ac4b125cc3e287a7a6"}
,"C:\\Users\\siash\\Desktop\\GWR Code Projects\\Pit Stop Plans\\backend\\data\\repositories\\incidentTypeRepository.js": {"path":"C:\\Users\\siash\\Desktop\\GWR Code Projects\\Pit Stop Plans\\backend\\data\\repositories\\incidentTypeRepository.js","statementMap":{"0":{"start":{"line":1,"column":23},"end":{"line":1,"column":50}},"1":{"start":{"line":5,"column":4},"end":{"line":5,"column":28}},"2":{"start":{"line":9,"column":4},"end":{"line":17,"column":17}},"3":{"start":{"line":21,"column":0},"end":{"line":21,"column":46}}},"fnMap":{"0":{"name":"(anonymous_0)","decl":{"start":{"line":4,"column":2},"end":{"line":4,"column":3}},"loc":{"start":{"line":4,"column":16},"end":{"line":6,"column":3}},"line":4},"1":{"name":"(anonymous_1)","decl":{"start":{"line":8,"column":2},"end":{"line":8,"column":3}},"loc":{"start":{"line":8,"column":19},"end":{"line":18,"column":3}},"line":8}},"branchMap":{},"s":{"0":2,"1":2,"2":0,"3":2},"f":{"0":2,"1":0},"b":{},"_coverageSchema":"1a1c01bbd47fc00a2c39e90264f33305004495a9","hash":"2796fa26e5508bd325ffe93fac962dd6d684f492"}
,"C:\\Users\\siash\\Desktop\\GWR Code Projects\\Pit Stop Plans\\backend\\data\\repositories\\loginAttemptRepository.js": {"path":"C:\\Users\\siash\\Desktop\\GWR Code Projects\\Pit Stop Plans\\backend\\data\\repositories\\loginAttemptRepository.js","statementMap":{"0":{"start":{"line":1,"column":11},"end":{"line":1,"column":27}},"1":{"start":{"line":5,"column":4},"end":{"line":17,"column":18}},"2":{"start":{"line":21,"column":21},"end":{"line":21,"column":44}},"3":{"start":{"line":23,"column":4},"end":{"line":42,"column":5}},"4":{"start":{"line":24,"column":6},"end":{"line":39,"column":19}},"5":{"start":{"line":41,"column":6},"end":{"line":41,"column":13}},"6":{"start":{"line":44,"column":27},"end":{"line":44,"column":55}},"7":{"start":{"line":46,"column":4},"end":{"line":62,"column":5}},"8":{"start":{"line":47,"column":6},"end":{"line":59,"column":51}},"9":{"start":{"line":61,"column":6},"end":{"line":61,"column":13}},"10":{"start":{"line":64,"column":4},"end":{"line":72,"column":33}},"11":{"start":{"line":76,"column":20},"end":{"line":76,"column":43}},"12":{"start":{"line":78,"column":4},"end":{"line":84,"column":5}},"13":{"start":{"line":79,"column":6},"end":{"line":83,"column":8}},"14":{"start":{"line":86,"column":4},"end":{"line":92,"column":5}},"15":{"start":{"line":87,"column":6},"end":{"line":91,"column":8}},"16":{"start":{"line":94,"column":19},"end":{"line":111,"column":17}},"17":{"start":{"line":113,"column":4},"end":{"line":121,"column":5}},"18":{"start":{"line":114,"column":6},"end":{"line":114,"column":38}},"19":{"start":{"line":116,"column":6},"end":{"line":120,"column":8}},"20":{"start":{"line":123,"column":4},"end":{"line":127,"column":6}},"21":{"start":{"line":131,"column":4},"end":{"line":136,"column":17}},"22":{"start":{"line":140,"column":4},"end":{"line":150,"column":17}},"23":{"start":{"line":154,"column":20},"end":{"line":154,"column":43}},"24":{"start":{"line":156,"column":4},"end":{"line":158,"column":5}},"25":{"start":{"line":157,"column":6},"end":{"line":157,"column":19}},"26":{"start":{"line":160,"column":19},"end":{"line":172,"column":17}},"27":{"start":{"line":174,"column":4},"end":{"line":177,"column":5}},"28":{"start":{"line":175,"column":6},"end":{"line":175,"column":38}},"29":{"start":{"line":176,"column":6},"end":{"line":176,"column":19}},"30":{"start":{"line":179,"column":4},"end":{"line":179,"column":16}},"31":{"start":{"line":183,"column":0},"end":{"line":183,"column":46}}},"fnMap":{"0":{"name":"(anonymous_0)","decl":{"start":{"line":4,"column":2},"end":{"line":4,"column":3}},"loc":{"start":{"line":4,"column":21},"end":{"line":18,"column":3}},"line":4},"1":{"name":"(anonymous_1)","decl":{"start":{"line":20,"column":2},"end":{"line":20,"column":3}},"loc":{"start":{"line":20,"column":52},"end":{"line":73,"column":3}},"line":20},"2":{"name":"(anonymous_2)","decl":{"start":{"line":75,"column":2},"end":{"line":75,"column":3}},"loc":{"start":{"line":75,"column":32},"end":{"line":128,"column":3}},"line":75},"3":{"name":"(anonymous_3)","decl":{"start":{"line":130,"column":2},"end":{"line":130,"column":3}},"loc":{"start":{"line":130,"column":15},"end":{"line":137,"column":3}},"line":130},"4":{"name":"(anonymous_4)","decl":{"start":{"line":139,"column":2},"end":{"line":139,"column":3}},"loc":{"start":{"line":139,"column":29},"end":{"line":151,"column":3}},"line":139},"5":{"name":"(anonymous_5)","decl":{"start":{"line":153,"column":2},"end":{"line":153,"column":3}},"loc":{"start":{"line":153,"column":18},"end":{"line":180,"column":3}},"line":153}},"branchMap":{"0":{"loc":{"start":{"line":23,"column":4},"end":{"line":42,"column":5}},"type":"if","locations":[{"start":{"line":23,"column":4},"end":{"line":42,"column":5}},{"start":{},"end":{}}],"line":23},"1":{"loc":{"start":{"line":46,"column":4},"end":{"line":62,"column":5}},"type":"if","locations":[{"start":{"line":46,"column":4},"end":{"line":62,"column":5}},{"start":{},"end":{}}],"line":46},"2":{"loc":{"start":{"line":78,"column":4},"end":{"line":84,"column":5}},"type":"if","locations":[{"start":{"line":78,"column":4},"end":{"line":84,"column":5}},{"start":{},"end":{}}],"line":78},"3":{"loc":{"start":{"line":86,"column":4},"end":{"line":92,"column":5}},"type":"if","locations":[{"start":{"line":86,"column":4},"end":{"line":92,"column":5}},{"start":{},"end":{}}],"line":86},"4":{"loc":{"start":{"line":113,"column":4},"end":{"line":121,"column":5}},"type":"if","locations":[{"start":{"line":113,"column":4},"end":{"line":121,"column":5}},{"start":{},"end":{}}],"line":113},"5":{"loc":{"start":{"line":113,"column":8},"end":{"line":113,"column":48}},"type":"binary-expr","locations":[{"start":{"line":113,"column":8},"end":{"line":113,"column":15}},{"start":{"line":113,"column":19},"end":{"line":113,"column":48}}],"line":113},"6":{"loc":{"start":{"line":156,"column":4},"end":{"line":158,"column":5}},"type":"if","locations":[{"start":{"line":156,"column":4},"end":{"line":158,"column":5}},{"start":{},"end":{}}],"line":156},"7":{"loc":{"start":{"line":156,"column":8},"end":{"line":156,"column":41}},"type":"binary-expr","locations":[{"start":{"line":156,"column":8},"end":{"line":156,"column":16}},{"start":{"line":156,"column":20},"end":{"line":156,"column":41}}],"line":156},"8":{"loc":{"start":{"line":174,"column":4},"end":{"line":177,"column":5}},"type":"if","locations":[{"start":{"line":174,"column":4},"end":{"line":177,"column":5}},{"start":{},"end":{}}],"line":174},"9":{"loc":{"start":{"line":174,"column":8},"end":{"line":174,"column":38}},"type":"binary-expr","locations":[{"start":{"line":174,"column":8},"end":{"line":174,"column":15}},{"start":{"line":174,"column":19},"end":{"line":174,"column":38}}],"line":174}},"s":{"0":1,"1":0,"2":0,"3":0,"4":0,"5":0,"6":0,"7":0,"8":0,"9":0,"10":0,"11":0,"12":0,"13":0,"14":0,"15":0,"16":0,"17":0,"18":0,"19":0,"20":0,"21":0,"22":0,"23":0,"24":0,"25":0,"26":0,"27":0,"28":0,"29":0,"30":0,"31":1},"f":{"0":0,"1":0,"2":0,"3":0,"4":0,"5":0},"b":{"0":[0,0],"1":[0,0],"2":[0,0],"3":[0,0],"4":[0,0],"5":[0,0],"6":[0,0],"7":[0,0],"8":[0,0],"9":[0,0]},"_coverageSchema":"1a1c01bbd47fc00a2c39e90264f33305004495a9","hash":"bc9a93652693872ecc09d3e0abb99d2ee0153fba"}
,"C:\\Users\\siash\\Desktop\\GWR Code Projects\\Pit Stop Plans\\backend\\data\\repositories\\planStageActionRepository.js": {"path":"C:\\Users\\siash\\Desktop\\GWR Code Projects\\Pit Stop Plans\\backend\\data\\repositories\\planStageActionRepository.js","statementMap":{"0":{"start":{"line":1,"column":23},"end":{"line":1,"column":50}},"1":{"start":{"line":5,"column":4},"end":{"line":5,"column":32}},"2":{"start":{"line":14,"column":4},"end":{"line":14,"column":36}},"3":{"start":{"line":24,"column":4},"end":{"line":33,"column":20}},"4":{"start":{"line":44,"column":19},"end":{"line":47,"column":6}},"5":{"start":{"line":49,"column":4},"end":{"line":52,"column":6}},"6":{"start":{"line":51,"column":39},"end":{"line":51,"column":72}},"7":{"start":{"line":63,"column":19},"end":{"line":63,"column":64}},"8":{"start":{"line":65,"column":4},"end":{"line":71,"column":6}},"9":{"start":{"line":66,"column":41},"end":{"line":69,"column":7}},"10":{"start":{"line":82,"column":4},"end":{"line":91,"column":34}},"11":{"start":{"line":101,"column":4},"end":{"line":114,"column":21}},"12":{"start":{"line":124,"column":4},"end":{"line":132,"column":21}},"13":{"start":{"line":142,"column":24},"end":{"line":157,"column":6}},"14":{"start":{"line":143,"column":6},"end":{"line":143,"column":32}},"15":{"start":{"line":145,"column":19},"end":{"line":152,"column":8}},"16":{"start":{"line":154,"column":6},"end":{"line":156,"column":7}},"17":{"start":{"line":155,"column":8},"end":{"line":155,"column":35}},"18":{"start":{"line":159,"column":4},"end":{"line":159,"column":18}},"19":{"start":{"line":169,"column":19},"end":{"line":169,"column":42}},"20":{"start":{"line":171,"column":4},"end":{"line":173,"column":5}},"21":{"start":{"line":172,"column":6},"end":{"line":172,"column":18}},"22":{"start":{"line":175,"column":4},"end":{"line":178,"column":6}},"23":{"start":{"line":188,"column":20},"end":{"line":188,"column":47}},"24":{"start":{"line":190,"column":4},"end":{"line":193,"column":8}},"25":{"start":{"line":190,"column":36},"end":{"line":193,"column":5}},"26":{"start":{"line":204,"column":19},"end":{"line":204,"column":42}},"27":{"start":{"line":206,"column":4},"end":{"line":208,"column":5}},"28":{"start":{"line":207,"column":6},"end":{"line":207,"column":18}},"29":{"start":{"line":210,"column":19},"end":{"line":217,"column":6}},"30":{"start":{"line":219,"column":18},"end":{"line":219,"column":41}},"31":{"start":{"line":221,"column":4},"end":{"line":224,"column":6}},"32":{"start":{"line":223,"column":26},"end":{"line":223,"column":33}},"33":{"start":{"line":226,"column":4},"end":{"line":226,"column":53}},"34":{"start":{"line":230,"column":0},"end":{"line":230,"column":49}}},"fnMap":{"0":{"name":"(anonymous_0)","decl":{"start":{"line":4,"column":2},"end":{"line":4,"column":3}},"loc":{"start":{"line":4,"column":16},"end":{"line":6,"column":3}},"line":4},"1":{"name":"(anonymous_1)","decl":{"start":{"line":13,"column":2},"end":{"line":13,"column":3}},"loc":{"start":{"line":13,"column":18},"end":{"line":15,"column":3}},"line":13},"2":{"name":"(anonymous_2)","decl":{"start":{"line":23,"column":2},"end":{"line":23,"column":3}},"loc":{"start":{"line":23,"column":25},"end":{"line":34,"column":3}},"line":23},"3":{"name":"(anonymous_3)","decl":{"start":{"line":43,"column":2},"end":{"line":43,"column":3}},"loc":{"start":{"line":43,"column":48},"end":{"line":53,"column":3}},"line":43},"4":{"name":"(anonymous_4)","decl":{"start":{"line":51,"column":29},"end":{"line":51,"column":30}},"loc":{"start":{"line":51,"column":39},"end":{"line":51,"column":72}},"line":51},"5":{"name":"(anonymous_5)","decl":{"start":{"line":62,"column":2},"end":{"line":62,"column":3}},"loc":{"start":{"line":62,"column":53},"end":{"line":72,"column":3}},"line":62},"6":{"name":"(anonymous_6)","decl":{"start":{"line":66,"column":28},"end":{"line":66,"column":29}},"loc":{"start":{"line":66,"column":41},"end":{"line":69,"column":7}},"line":66},"7":{"name":"(anonymous_7)","decl":{"start":{"line":81,"column":2},"end":{"line":81,"column":3}},"loc":{"start":{"line":81,"column":52},"end":{"line":92,"column":3}},"line":81},"8":{"name":"(anonymous_8)","decl":{"start":{"line":100,"column":2},"end":{"line":100,"column":3}},"loc":{"start":{"line":100,"column":21},"end":{"line":115,"column":3}},"line":100},"9":{"name":"(anonymous_9)","decl":{"start":{"line":123,"column":2},"end":{"line":123,"column":3}},"loc":{"start":{"line":123,"column":23},"end":{"line":133,"column":3}},"line":123},"10":{"name":"(anonymous_10)","decl":{"start":{"line":141,"column":2},"end":{"line":141,"column":3}},"loc":{"start":{"line":141,"column":35},"end":{"line":160,"column":3}},"line":141},"11":{"name":"(anonymous_11)","decl":{"start":{"line":142,"column":44},"end":{"line":142,"column":45}},"loc":{"start":{"line":142,"column":50},"end":{"line":157,"column":5}},"line":142},"12":{"name":"(anonymous_12)","decl":{"start":{"line":168,"column":2},"end":{"line":168,"column":3}},"loc":{"start":{"line":168,"column":25},"end":{"line":179,"column":3}},"line":168},"13":{"name":"(anonymous_13)","decl":{"start":{"line":187,"column":2},"end":{"line":187,"column":3}},"loc":{"start":{"line":187,"column":34},"end":{"line":194,"column":3}},"line":187},"14":{"name":"(anonymous_14)","decl":{"start":{"line":190,"column":23},"end":{"line":190,"column":24}},"loc":{"start":{"line":190,"column":36},"end":{"line":193,"column":5}},"line":190},"15":{"name":"(anonymous_15)","decl":{"start":{"line":203,"column":2},"end":{"line":203,"column":3}},"loc":{"start":{"line":203,"column":36},"end":{"line":227,"column":3}},"line":203},"16":{"name":"(anonymous_16)","decl":{"start":{"line":223,"column":16},"end":{"line":223,"column":17}},"loc":{"start":{"line":223,"column":26},"end":{"line":223,"column":33}},"line":223}},"branchMap":{"0":{"loc":{"start":{"line":43,"column":34},"end":{"line":43,"column":46}},"type":"default-arg","locations":[{"start":{"line":43,"column":44},"end":{"line":43,"column":46}}],"line":43},"1":{"loc":{"start":{"line":62,"column":39},"end":{"line":62,"column":51}},"type":"default-arg","locations":[{"start":{"line":62,"column":49},"end":{"line":62,"column":51}}],"line":62},"2":{"loc":{"start":{"line":141,"column":21},"end":{"line":141,"column":33}},"type":"default-arg","locations":[{"start":{"line":141,"column":31},"end":{"line":141,"column":33}}],"line":141},"3":{"loc":{"start":{"line":171,"column":4},"end":{"line":173,"column":5}},"type":"if","locations":[{"start":{"line":171,"column":4},"end":{"line":173,"column":5}},{"start":{},"end":{}}],"line":171},"4":{"loc":{"start":{"line":206,"column":4},"end":{"line":208,"column":5}},"type":"if","locations":[{"start":{"line":206,"column":4},"end":{"line":208,"column":5}},{"start":{},"end":{}}],"line":206}},"s":{"0":2,"1":2,"2":0,"3":0,"4":0,"5":0,"6":0,"7":0,"8":0,"9":0,"10":0,"11":0,"12":0,"13":0,"14":0,"15":0,"16":0,"17":0,"18":0,"19":0,"20":0,"21":0,"22":0,"23":0,"24":0,"25":0,"26":0,"27":0,"28":0,"29":0,"30":0,"31":0,"32":0,"33":0,"34":2},"f":{"0":2,"1":0,"2":0,"3":0,"4":0,"5":0,"6":0,"7":0,"8":0,"9":0,"10":0,"11":0,"12":0,"13":0,"14":0,"15":0,"16":0},"b":{"0":[0],"1":[0],"2":[0],"3":[0,0],"4":[0,0]},"_coverageSchema":"1a1c01bbd47fc00a2c39e90264f33305004495a9","hash":"ba678e8130f05738466f16bf0916d951ccad0499"}
,"C:\\Users\\siash\\Desktop\\GWR Code Projects\\Pit Stop Plans\\backend\\data\\repositories\\planStageRepository.js": {"path":"C:\\Users\\siash\\Desktop\\GWR Code Projects\\Pit Stop Plans\\backend\\data\\repositories\\planStageRepository.js","statementMap":{"0":{"start":{"line":1,"column":23},"end":{"line":1,"column":50}},"1":{"start":{"line":5,"column":4},"end":{"line":5,"column":25}},"2":{"start":{"line":14,"column":4},"end":{"line":14,"column":35}},"3":{"start":{"line":24,"column":4},"end":{"line":33,"column":27}},"4":{"start":{"line":44,"column":19},"end":{"line":47,"column":6}},"5":{"start":{"line":49,"column":4},"end":{"line":52,"column":6}},"6":{"start":{"line":51,"column":39},"end":{"line":51,"column":70}},"7":{"start":{"line":63,"column":4},"end":{"line":72,"column":40}},"8":{"start":{"line":83,"column":18},"end":{"line":83,"column":40}},"9":{"start":{"line":85,"column":4},"end":{"line":87,"column":5}},"10":{"start":{"line":86,"column":6},"end":{"line":86,"column":18}},"11":{"start":{"line":89,"column":19},"end":{"line":94,"column":6}},"12":{"start":{"line":96,"column":4},"end":{"line":96,"column":49}},"13":{"start":{"line":100,"column":0},"end":{"line":100,"column":43}}},"fnMap":{"0":{"name":"(anonymous_0)","decl":{"start":{"line":4,"column":2},"end":{"line":4,"column":3}},"loc":{"start":{"line":4,"column":16},"end":{"line":6,"column":3}},"line":4},"1":{"name":"(anonymous_1)","decl":{"start":{"line":13,"column":2},"end":{"line":13,"column":3}},"loc":{"start":{"line":13,"column":18},"end":{"line":15,"column":3}},"line":13},"2":{"name":"(anonymous_2)","decl":{"start":{"line":23,"column":2},"end":{"line":23,"column":3}},"loc":{"start":{"line":23,"column":35},"end":{"line":34,"column":3}},"line":23},"3":{"name":"(anonymous_3)","decl":{"start":{"line":43,"column":2},"end":{"line":43,"column":3}},"loc":{"start":{"line":43,"column":58},"end":{"line":53,"column":3}},"line":43},"4":{"name":"(anonymous_4)","decl":{"start":{"line":51,"column":29},"end":{"line":51,"column":30}},"loc":{"start":{"line":51,"column":39},"end":{"line":51,"column":70}},"line":51},"5":{"name":"(anonymous_5)","decl":{"start":{"line":62,"column":2},"end":{"line":62,"column":3}},"loc":{"start":{"line":62,"column":60},"end":{"line":73,"column":3}},"line":62},"6":{"name":"(anonymous_6)","decl":{"start":{"line":82,"column":2},"end":{"line":82,"column":3}},"loc":{"start":{"line":82,"column":40},"end":{"line":97,"column":3}},"line":82}},"branchMap":{"0":{"loc":{"start":{"line":43,"column":44},"end":{"line":43,"column":56}},"type":"default-arg","locations":[{"start":{"line":43,"column":54},"end":{"line":43,"column":56}}],"line":43},"1":{"loc":{"start":{"line":85,"column":4},"end":{"line":87,"column":5}},"type":"if","locations":[{"start":{"line":85,"column":4},"end":{"line":87,"column":5}},{"start":{},"end":{}}],"line":85}},"s":{"0":2,"1":2,"2":0,"3":0,"4":0,"5":0,"6":0,"7":0,"8":0,"9":0,"10":0,"11":0,"12":0,"13":2},"f":{"0":2,"1":0,"2":0,"3":0,"4":0,"5":0,"6":0},"b":{"0":[0],"1":[0,0]},"_coverageSchema":"1a1c01bbd47fc00a2c39e90264f33305004495a9","hash":"244aa5a0cb1cdc8e7f89df4618807bcd66c47aea"}
,"C:\\Users\\siash\\Desktop\\GWR Code Projects\\Pit Stop Plans\\backend\\data\\repositories\\planTemplateRepository.js": {"path":"C:\\Users\\siash\\Desktop\\GWR Code Projects\\Pit Stop Plans\\backend\\data\\repositories\\planTemplateRepository.js","statementMap":{"0":{"start":{"line":1,"column":23},"end":{"line":1,"column":50}},"1":{"start":{"line":5,"column":4},"end":{"line":5,"column":28}},"2":{"start":{"line":14,"column":4},"end":{"line":23,"column":6}},"3":{"start":{"line":33,"column":4},"end":{"line":44,"column":27}},"4":{"start":{"line":54,"column":4},"end":{"line":64,"column":27}},"5":{"start":{"line":75,"column":4},"end":{"line":84,"column":36}},"6":{"start":{"line":95,"column":4},"end":{"line":105,"column":35}},"7":{"start":{"line":115,"column":4},"end":{"line":124,"column":19}},"8":{"start":{"line":133,"column":4},"end":{"line":133,"column":38}},"9":{"start":{"line":142,"column":4},"end":{"line":142,"column":41}},"10":{"start":{"line":151,"column":4},"end":{"line":164,"column":13}},"11":{"start":{"line":174,"column":20},"end":{"line":174,"column":37}},"12":{"start":{"line":175,"column":20},"end":{"line":175,"column":22}},"13":{"start":{"line":177,"column":4},"end":{"line":179,"column":5}},"14":{"start":{"line":178,"column":6},"end":{"line":178,"column":46}},"15":{"start":{"line":181,"column":4},"end":{"line":203,"column":5}},"16":{"start":{"line":182,"column":6},"end":{"line":196,"column":7}},"17":{"start":{"line":195,"column":8},"end":{"line":195,"column":17}},"18":{"start":{"line":198,"column":6},"end":{"line":200,"column":7}},"19":{"start":{"line":199,"column":8},"end":{"line":199,"column":17}},"20":{"start":{"line":202,"column":6},"end":{"line":202,"column":27}},"21":{"start":{"line":205,"column":19},"end":{"line":205,"column":46}},"22":{"start":{"line":207,"column":19},"end":{"line":207,"column":64}},"23":{"start":{"line":209,"column":22},"end":{"line":209,"column":78}},"24":{"start":{"line":211,"column":18},"end":{"line":211,"column":73}},"25":{"start":{"line":213,"column":17},"end":{"line":213,"column":55}},"26":{"start":{"line":216,"column":6},"end":{"line":218,"column":28}},"27":{"start":{"line":220,"column":18},"end":{"line":220,"column":66}},"28":{"start":{"line":222,"column":31},"end":{"line":222,"column":65}},"29":{"start":{"line":225,"column":6},"end":{"line":227,"column":45}},"30":{"start":{"line":229,"column":16},"end":{"line":239,"column":5}},"31":{"start":{"line":241,"column":17},"end":{"line":241,"column":73}},"32":{"start":{"line":243,"column":24},"end":{"line":253,"column":27}},"33":{"start":{"line":255,"column":18},"end":{"line":255,"column":41}},"34":{"start":{"line":257,"column":4},"end":{"line":266,"column":6}},"35":{"start":{"line":276,"column":4},"end":{"line":287,"column":15}},"36":{"start":{"line":297,"column":4},"end":{"line":306,"column":27}},"37":{"start":{"line":316,"column":4},"end":{"line":333,"column":13}},"38":{"start":{"line":337,"column":0},"end":{"line":337,"column":46}}},"fnMap":{"0":{"name":"(anonymous_0)","decl":{"start":{"line":4,"column":2},"end":{"line":4,"column":3}},"loc":{"start":{"line":4,"column":16},"end":{"line":6,"column":3}},"line":4},"1":{"name":"(anonymous_1)","decl":{"start":{"line":13,"column":2},"end":{"line":13,"column":3}},"loc":{"start":{"line":13,"column":24},"end":{"line":24,"column":3}},"line":13},"2":{"name":"(anonymous_2)","decl":{"start":{"line":32,"column":2},"end":{"line":32,"column":3}},"loc":{"start":{"line":32,"column":58},"end":{"line":45,"column":3}},"line":32},"3":{"name":"(anonymous_3)","decl":{"start":{"line":53,"column":2},"end":{"line":53,"column":3}},"loc":{"start":{"line":53,"column":50},"end":{"line":65,"column":3}},"line":53},"4":{"name":"(anonymous_4)","decl":{"start":{"line":74,"column":2},"end":{"line":74,"column":3}},"loc":{"start":{"line":74,"column":56},"end":{"line":85,"column":3}},"line":74},"5":{"name":"(anonymous_5)","decl":{"start":{"line":94,"column":2},"end":{"line":94,"column":3}},"loc":{"start":{"line":94,"column":54},"end":{"line":106,"column":3}},"line":94},"6":{"name":"(anonymous_6)","decl":{"start":{"line":114,"column":2},"end":{"line":114,"column":3}},"loc":{"start":{"line":114,"column":23},"end":{"line":125,"column":3}},"line":114},"7":{"name":"(anonymous_7)","decl":{"start":{"line":132,"column":2},"end":{"line":132,"column":3}},"loc":{"start":{"line":132,"column":15},"end":{"line":134,"column":3}},"line":132},"8":{"name":"(anonymous_8)","decl":{"start":{"line":141,"column":2},"end":{"line":141,"column":3}},"loc":{"start":{"line":141,"column":17},"end":{"line":143,"column":3}},"line":141},"9":{"name":"(anonymous_9)","decl":{"start":{"line":150,"column":2},"end":{"line":150,"column":3}},"loc":{"start":{"line":150,"column":28},"end":{"line":165,"column":3}},"line":150},"10":{"name":"(anonymous_10)","decl":{"start":{"line":173,"column":2},"end":{"line":173,"column":3}},"loc":{"start":{"line":173,"column":33},"end":{"line":267,"column":3}},"line":173},"11":{"name":"(anonymous_11)","decl":{"start":{"line":275,"column":2},"end":{"line":275,"column":3}},"loc":{"start":{"line":275,"column":31},"end":{"line":288,"column":3}},"line":275},"12":{"name":"(anonymous_12)","decl":{"start":{"line":296,"column":2},"end":{"line":296,"column":3}},"loc":{"start":{"line":296,"column":39},"end":{"line":307,"column":3}},"line":296},"13":{"name":"(anonymous_13)","decl":{"start":{"line":315,"column":2},"end":{"line":315,"column":3}},"loc":{"start":{"line":315,"column":31},"end":{"line":334,"column":3}},"line":315}},"branchMap":{"0":{"loc":{"start":{"line":173,"column":19},"end":{"line":173,"column":31}},"type":"default-arg","locations":[{"start":{"line":173,"column":29},"end":{"line":173,"column":31}}],"line":173},"1":{"loc":{"start":{"line":177,"column":4},"end":{"line":179,"column":5}},"type":"if","locations":[{"start":{"line":177,"column":4},"end":{"line":179,"column":5}},{"start":{},"end":{}}],"line":177},"2":{"loc":{"start":{"line":177,"column":8},"end":{"line":177,"column":62}},"type":"binary-expr","locations":[{"start":{"line":177,"column":8},"end":{"line":177,"column":23}},{"start":{"line":177,"column":27},"end":{"line":177,"column":62}}],"line":177},"3":{"loc":{"start":{"line":182,"column":6},"end":{"line":196,"column":7}},"type":"if","locations":[{"start":{"line":182,"column":6},"end":{"line":196,"column":7}},{"start":{},"end":{}}],"line":182},"4":{"loc":{"start":{"line":198,"column":6},"end":{"line":200,"column":7}},"type":"if","locations":[{"start":{"line":198,"column":6},"end":{"line":200,"column":7}},{"start":{},"end":{}}],"line":198},"5":{"loc":{"start":{"line":205,"column":19},"end":{"line":205,"column":46}},"type":"binary-expr","locations":[{"start":{"line":205,"column":19},"end":{"line":205,"column":33}},{"start":{"line":205,"column":37},"end":{"line":205,"column":46}}],"line":205},"6":{"loc":{"start":{"line":207,"column":20},"end":{"line":207,"column":56}},"type":"binary-expr","locations":[{"start":{"line":207,"column":20},"end":{"line":207,"column":34}},{"start":{"line":207,"column":38},"end":{"line":207,"column":50}},{"start":{"line":207,"column":54},"end":{"line":207,"column":56}}],"line":207},"7":{"loc":{"start":{"line":209,"column":22},"end":{"line":209,"column":78}},"type":"cond-expr","locations":[{"start":{"line":209,"column":64},"end":{"line":209,"column":70}},{"start":{"line":209,"column":73},"end":{"line":209,"column":78}}],"line":209},"8":{"loc":{"start":{"line":211,"column":39},"end":{"line":211,"column":66}},"type":"binary-expr","locations":[{"start":{"line":211,"column":39},"end":{"line":211,"column":60}},{"start":{"line":211,"column":64},"end":{"line":211,"column":66}}],"line":211},"9":{"loc":{"start":{"line":213,"column":29},"end":{"line":213,"column":54}},"type":"binary-expr","locations":[{"start":{"line":213,"column":29},"end":{"line":213,"column":49}},{"start":{"line":213,"column":53},"end":{"line":213,"column":54}}],"line":213},"10":{"loc":{"start":{"line":216,"column":6},"end":{"line":218,"column":28}},"type":"cond-expr","locations":[{"start":{"line":217,"column":10},"end":{"line":217,"column":50}},{"start":{"line":218,"column":10},"end":{"line":218,"column":28}}],"line":216},"11":{"loc":{"start":{"line":217,"column":22},"end":{"line":217,"column":49}},"type":"binary-expr","locations":[{"start":{"line":217,"column":22},"end":{"line":217,"column":44}},{"start":{"line":217,"column":48},"end":{"line":217,"column":49}}],"line":217},"12":{"loc":{"start":{"line":225,"column":6},"end":{"line":227,"column":45}},"type":"cond-expr","locations":[{"start":{"line":226,"column":10},"end":{"line":226,"column":43}},{"start":{"line":227,"column":10},"end":{"line":227,"column":45}}],"line":225},"13":{"loc":{"start":{"line":225,"column":6},"end":{"line":225,"column":51}},"type":"binary-expr","locations":[{"start":{"line":225,"column":6},"end":{"line":225,"column":12}},{"start":{"line":225,"column":16},"end":{"line":225,"column":51}}],"line":225},"14":{"loc":{"start":{"line":255,"column":18},"end":{"line":255,"column":41}},"type":"binary-expr","locations":[{"start":{"line":255,"column":18},"end":{"line":255,"column":36}},{"start":{"line":255,"column":40},"end":{"line":255,"column":41}}],"line":255}},"s":{"0":2,"1":2,"2":0,"3":0,"4":0,"5":0,"6":0,"7":0,"8":0,"9":0,"10":0,"11":0,"12":0,"13":0,"14":0,"15":0,"16":0,"17":0,"18":0,"19":0,"20":0,"21":0,"22":0,"23":0,"24":0,"25":0,"26":0,"27":0,"28":0,"29":0,"30":0,"31":0,"32":0,"33":0,"34":0,"35":0,"36":0,"37":0,"38":2},"f":{"0":2,"1":0,"2":0,"3":0,"4":0,"5":0,"6":0,"7":0,"8":0,"9":0,"10":0,"11":0,"12":0,"13":0},"b":{"0":[0],"1":[0,0],"2":[0,0],"3":[0,0],"4":[0,0],"5":[0,0],"6":[0,0,0],"7":[0,0],"8":[0,0],"9":[0,0],"10":[0,0],"11":[0,0],"12":[0,0],"13":[0,0],"14":[0,0]},"_coverageSchema":"1a1c01bbd47fc00a2c39e90264f33305004495a9","hash":"2fceb4c0442055c3debc642fbff2129fa18163fc"}
,"C:\\Users\\siash\\Desktop\\GWR Code Projects\\Pit Stop Plans\\backend\\data\\repositories\\roleRepository.js": {"path":"C:\\Users\\siash\\Desktop\\GWR Code Projects\\Pit Stop Plans\\backend\\data\\repositories\\roleRepository.js","statementMap":{"0":{"start":{"line":1,"column":23},"end":{"line":1,"column":50}},"1":{"start":{"line":5,"column":4},"end":{"line":5,"column":19}},"2":{"start":{"line":9,"column":4},"end":{"line":17,"column":17}},"3":{"start":{"line":21,"column":0},"end":{"line":21,"column":38}}},"fnMap":{"0":{"name":"(anonymous_0)","decl":{"start":{"line":4,"column":2},"end":{"line":4,"column":3}},"loc":{"start":{"line":4,"column":16},"end":{"line":6,"column":3}},"line":4},"1":{"name":"(anonymous_1)","decl":{"start":{"line":8,"column":2},"end":{"line":8,"column":3}},"loc":{"start":{"line":8,"column":19},"end":{"line":18,"column":3}},"line":8}},"branchMap":{},"s":{"0":1,"1":1,"2":0,"3":1},"f":{"0":1,"1":0},"b":{},"_coverageSchema":"1a1c01bbd47fc00a2c39e90264f33305004495a9","hash":"9b0f876d51d1a5c6537a2cf3707d488507cc7bb0"}
,"C:\\Users\\siash\\Desktop\\GWR Code Projects\\Pit Stop Plans\\backend\\data\\repositories\\sessionRepository.js": {"path":"C:\\Users\\siash\\Desktop\\GWR Code Projects\\Pit Stop Plans\\backend\\data\\repositories\\sessionRepository.js","statementMap":{"0":{"start":{"line":1,"column":11},"end":{"line":1,"column":27}},"1":{"start":{"line":5,"column":19},"end":{"line":16,"column":40}},"2":{"start":{"line":18,"column":4},"end":{"line":20,"column":6}},"3":{"start":{"line":24,"column":4},"end":{"line":40,"column":22}},"4":{"start":{"line":44,"column":19},"end":{"line":56,"column":42}},"5":{"start":{"line":58,"column":4},"end":{"line":58,"column":32}},"6":{"start":{"line":62,"column":4},"end":{"line":68,"column":14}},"7":{"start":{"line":72,"column":4},"end":{"line":79,"column":18}},"8":{"start":{"line":83,"column":4},"end":{"line":89,"column":12}},"9":{"start":{"line":93,"column":0},"end":{"line":93,"column":41}}},"fnMap":{"0":{"name":"(anonymous_0)","decl":{"start":{"line":4,"column":2},"end":{"line":4,"column":3}},"loc":{"start":{"line":4,"column":43},"end":{"line":21,"column":3}},"line":4},"1":{"name":"(anonymous_1)","decl":{"start":{"line":23,"column":2},"end":{"line":23,"column":3}},"loc":{"start":{"line":23,"column":34},"end":{"line":41,"column":3}},"line":23},"2":{"name":"(anonymous_2)","decl":{"start":{"line":43,"column":2},"end":{"line":43,"column":3}},"loc":{"start":{"line":43,"column":41},"end":{"line":59,"column":3}},"line":43},"3":{"name":"(anonymous_3)","decl":{"start":{"line":61,"column":2},"end":{"line":61,"column":3}},"loc":{"start":{"line":61,"column":13},"end":{"line":69,"column":3}},"line":61},"4":{"name":"(anonymous_4)","decl":{"start":{"line":71,"column":2},"end":{"line":71,"column":3}},"loc":{"start":{"line":71,"column":27},"end":{"line":80,"column":3}},"line":71},"5":{"name":"(anonymous_5)","decl":{"start":{"line":82,"column":2},"end":{"line":82,"column":3}},"loc":{"start":{"line":82,"column":18},"end":{"line":90,"column":3}},"line":82}},"branchMap":{},"s":{"0":1,"1":0,"2":0,"3":0,"4":0,"5":0,"6":0,"7":0,"8":0,"9":1},"f":{"0":0,"1":0,"2":0,"3":0,"4":0,"5":0},"b":{},"_coverageSchema":"1a1c01bbd47fc00a2c39e90264f33305004495a9","hash":"b3b8f4505ebdfb7925285d4539974d605670c9ff"}
,"C:\\Users\\siash\\Desktop\\GWR Code Projects\\Pit Stop Plans\\backend\\data\\repositories\\userRepository.js": {"path":"C:\\Users\\siash\\Desktop\\GWR Code Projects\\Pit Stop Plans\\backend\\data\\repositories\\userRepository.js","statementMap":{"0":{"start":{"line":1,"column":23},"end":{"line":1,"column":50}},"1":{"start":{"line":5,"column":4},"end":{"line":5,"column":19}},"2":{"start":{"line":15,"column":4},"end":{"line":15,"column":77}},"3":{"start":{"line":27,"column":19},"end":{"line":31,"column":6}},"4":{"start":{"line":33,"column":4},"end":{"line":33,"column":49}},"5":{"start":{"line":44,"column":19},"end":{"line":44,"column":21}},"6":{"start":{"line":46,"column":25},"end":{"line":46,"column":46}},"7":{"start":{"line":48,"column":4},"end":{"line":50,"column":5}},"8":{"start":{"line":49,"column":6},"end":{"line":49,"column":18}},"9":{"start":{"line":52,"column":4},"end":{"line":58,"column":5}},"10":{"start":{"line":53,"column":6},"end":{"line":53,"column":33}},"11":{"start":{"line":57,"column":6},"end":{"line":57,"column":60}},"12":{"start":{"line":60,"column":4},"end":{"line":62,"column":5}},"13":{"start":{"line":61,"column":6},"end":{"line":61,"column":41}},"14":{"start":{"line":64,"column":4},"end":{"line":66,"column":5}},"15":{"start":{"line":65,"column":6},"end":{"line":65,"column":26}},"16":{"start":{"line":68,"column":4},"end":{"line":68,"column":36}},"17":{"start":{"line":70,"column":4},"end":{"line":70,"column":33}},"18":{"start":{"line":81,"column":4},"end":{"line":91,"column":35}},"19":{"start":{"line":93,"column":4},"end":{"line":93,"column":33}},"20":{"start":{"line":97,"column":18},"end":{"line":97,"column":73}},"21":{"start":{"line":99,"column":17},"end":{"line":99,"column":55}},"22":{"start":{"line":101,"column":19},"end":{"line":101,"column":37}},"23":{"start":{"line":103,"column":20},"end":{"line":103,"column":22}},"24":{"start":{"line":104,"column":19},"end":{"line":104,"column":21}},"25":{"start":{"line":106,"column":4},"end":{"line":109,"column":5}},"26":{"start":{"line":107,"column":6},"end":{"line":107,"column":37}},"27":{"start":{"line":108,"column":6},"end":{"line":108,"column":35}},"28":{"start":{"line":111,"column":4},"end":{"line":113,"column":5}},"29":{"start":{"line":112,"column":6},"end":{"line":112,"column":39}},"30":{"start":{"line":115,"column":4},"end":{"line":117,"column":5}},"31":{"start":{"line":116,"column":6},"end":{"line":116,"column":39}},"32":{"start":{"line":119,"column":4},"end":{"line":122,"column":5}},"33":{"start":{"line":120,"column":6},"end":{"line":120,"column":37}},"34":{"start":{"line":121,"column":6},"end":{"line":121,"column":35}},"35":{"start":{"line":124,"column":4},"end":{"line":138,"column":5}},"36":{"start":{"line":125,"column":6},"end":{"line":131,"column":5}},"37":{"start":{"line":133,"column":6},"end":{"line":137,"column":8}},"38":{"start":{"line":141,"column":6},"end":{"line":141,"column":64}},"39":{"start":{"line":143,"column":16},"end":{"line":154,"column":3}},"40":{"start":{"line":156,"column":17},"end":{"line":156,"column":67}},"41":{"start":{"line":158,"column":24},"end":{"line":170,"column":21}},"42":{"star
[...]
n":5}},"type":"if","locations":[{"start":{"line":121,"column":4},"end":{"line":123,"column":5}},{"start":{},"end":{}}],"line":121},"6":{"loc":{"start":{"line":121,"column":8},"end":{"line":121,"column":64}},"type":"binary-expr","locations":[{"start":{"line":121,"column":8},"end":{"line":121,"column":41}},{"start":{"line":121,"column":45},"end":{"line":121,"column":64}}],"line":121},"7":{"loc":{"start":{"line":130,"column":24},"end":{"line":130,"column":69}},"type":"cond-expr","locations":[{"start":{"line":130,"column":40},"end":{"line":130,"column":65}},{"start":{"line":130,"column":68},"end":{"line":130,"column":69}}],"line":130},"8":{"loc":{"start":{"line":170,"column":4},"end":{"line":172,"column":5}},"type":"if","locations":[{"start":{"line":170,"column":4},"end":{"line":172,"column":5}},{"start":{},"end":{}}],"line":170},"9":{"loc":{"start":{"line":180,"column":4},"end":{"line":182,"column":5}},"type":"if","locations":[{"start":{"line":180,"column":4},"end":{"line":182,"column":5}},{"start":{},"end":{}}],"line":180},"10":{"loc":{"start":{"line":184,"column":4},"end":{"line":186,"column":5}},"type":"if","locations":[{"start":{"line":184,"column":4},"end":{"line":186,"column":5}},{"start":{},"end":{}}],"line":184},"11":{"loc":{"start":{"line":188,"column":4},"end":{"line":190,"column":5}},"type":"if","locations":[{"start":{"line":188,"column":4},"end":{"line":190,"column":5}},{"start":{},"end":{}}],"line":188},"12":{"loc":{"start":{"line":220,"column":4},"end":{"line":222,"column":5}},"type":"if","locations":[{"start":{"line":220,"column":4},"end":{"line":222,"column":5}},{"start":{},"end":{}}],"line":220},"13":{"loc":{"start":{"line":240,"column":30},"end":{"line":240,"column":56}},"type":"binary-expr","locations":[{"start":{"line":240,"column":30},"end":{"line":240,"column":48}},{"start":{"line":240,"column":52},"end":{"line":240,"column":56}}],"line":240},"14":{"loc":{"start":{"line":245,"column":26},"end":{"line":245,"column":52}},"type":"binary-expr","locations":[{"start":{"line":245,"column":26},"end":{"line":245,"column":44}},{"start":{"line":245,"column":48},"end":{"line":245,"column":52}}],"line":245},"15":{"loc":{"start":{"line":259,"column":4},"end":{"line":261,"column":5}},"type":"if","locations":[{"start":{"line":259,"column":4},"end":{"line":261,"column":5}},{"start":{},"end":{}}],"line":259},"16":{"loc":{"start":{"line":303,"column":4},"end":{"line":308,"column":5}},"type":"if","locations":[{"start":{"line":303,"column":4},"end":{"line":308,"column":5}},{"start":{},"end":{}}],"line":303},"17":{"loc":{"start":{"line":369,"column":4},"end":{"line":371,"column":5}},"type":"if","locations":[{"start":{"line":369,"column":4},"end":{"line":371,"column":5}},{"start":{},"end":{}}],"line":369},"18":{"loc":{"start":{"line":406,"column":4},"end":{"line":408,"column":5}},"type":"if","locations":[{"start":{"line":406,"column":4},"end":{"line":408,"column":5}},{"start":{},"end":{}}],"line":406}},"s":{"0":1,"1":1,"2":1,"3":1,"4":1,"5":1,"6":13,"7":10,"8":10,"9":1,"10":9,"11":3,"12":3,"13":1,"14":2,"15":3,"16":1,"17":1,"18":1,"19":1,"20":11,"21":11,"22":1,"23":10,"24":3,"25":3,"26":0,"27":3,"28":2,"29":2,"30":2,"31":2,"32":2,"33":2,"34":4,"35":4,"36":1,"37":3,"38":2,"39":2,"40":2,"41":1,"42":2,"43":0,"44":2,"45":1,"46":1,"47":1,"48":1,"49":1,"50":2,"51":2,"52":1,"53":1,"54":1,"55":1,"56":1,"57":1,"58":3,"59":2,"60":1,"61":1,"62":1,"63":1,"64":1,"65":1,"66":5,"67":5,"68":5,"69":1,"70":4,"71":4,"72":4,"73":4,"74":4,"75":4,"76":4,"77":4,"78":4,"79":4,"80":3,"81":4,"82":3,"83":3,"84":2,"85":2,"86":1,"87":1,"88":1,"89":1,"90":1,"91":1,"92":1,"93":1,"94":1,"95":1,"96":1,"97":2,"98":2,"99":1,"100":1,"101":1},"f":{"0":13,"1":10,"2":3,"3":3,"4":1,"5":1,"6":11,"7":3,"8":4,"9":2,"10":3,"11":5,"12":4,"13":2,"14":1,"15":1,"16":1,"17":1,"18":2},"b":{"0":[1,9],"1":[1,2],"2":[1,2],"3":[1],"4":[1,10],"5":[0,3],"6":[3,3],"7":[1,1],"8":[1,3],"9":[1,1],"10":[0,2],"11":[1,1],"12":[1,1],"13":[1,0],"14":[1,0],"15":[1,1],"16":[1,4],"17":[1,1],"18":[1,1]},"_coverageSchema":"1a1c01bbd47fc00a2c39e90264f33305004495a9","hash":"4c47ebf83ce0780fe10a1c08bfab8835fcb06cf5"}
,"C:\\Users\\siash\\Desktop\\GWR Code Projects\\Pit Stop Plans\\backend\\services\\userService.js": {"path":"C:\\Users\\siash\\Desktop\\GWR Code Projects\\Pit Stop Plans\\backend\\services\\userService.js","statementMap":{"0":{"start":{"line":1,"column":15},"end":{"line":1,"column":32}},"1":{"start":{"line":3,"column":23},"end":{"line":3,"column":69}},"2":{"start":{"line":4,"column":27},"end":{"line":4,"column":77}},"3":{"start":{"line":5,"column":23},"end":{"line":5,"column":69}},"4":{"start":{"line":7,"column":21},"end":{"line":7,"column":59}},"5":{"start":{"line":8,"column":29},"end":{"line":8,"column":65}},"6":{"start":{"line":10,"column":17},"end":{"line":10,"column":45}},"7":{"start":{"line":12,"column":22},"end":{"line":12,"column":59}},"8":{"start":{"line":22,"column":49},"end":{"line":22,"column":53}},"9":{"start":{"line":24,"column":4},"end":{"line":27,"column":6}},"10":{"start":{"line":37,"column":17},"end":{"line":37,"column":48}},"11":{"start":{"line":39,"column":4},"end":{"line":41,"column":5}},"12":{"start":{"line":40,"column":6},"end":{"line":40,"column":48}},"13":{"start":{"line":43,"column":4},"end":{"line":43,"column":16}},"14":{"start":{"line":53,"column":4},"end":{"line":59,"column":5}},"15":{"start":{"line":54,"column":19},"end":{"line":54,"column":50}},"16":{"start":{"line":56,"column":6},"end":{"line":58,"column":7}},"17":{"start":{"line":57,"column":8},"end":{"line":57,"column":60}},"18":{"start":{"line":69,"column":4},"end":{"line":69,"column":31}},"19":{"start":{"line":71,"column":4},"end":{"line":71,"column":52}},"20":{"start":{"line":75,"column":19},"end":{"line":75,"column":59}},"21":{"start":{"line":77,"column":4},"end":{"line":80,"column":6}},"22":{"start":{"line":78,"column":38},"end":{"line":78,"column":55}},"23":{"start":{"line":84,"column":17},"end":{"line":84,"column":44}},"24":{"start":{"line":86,"column":4},"end":{"line":88,"column":5}},"25":{"start":{"line":87,"column":6},"end":{"line":87,"column":18}},"26":{"start":{"line":90,"column":4},"end":{"line":90,"column":29}},"27":{"start":{"line":94,"column":4},"end":{"line":94,"column":33}},"28":{"start":{"line":96,"column":4},"end":{"line":96,"column":33}},"29":{"start":{"line":98,"column":4},"end":{"line":98,"column":49}},"30":{"start":{"line":100,"column":4},"end":{"line":100,"column":36}},"31":{"start":{"line":104,"column":25},"end":{"line":104,"column":58}},"32":{"start":{"line":106,"column":4},"end":{"line":108,"column":5}},"33":{"start":{"line":107,"column":6},"end":{"line":107,"column":53}},"34":{"start":{"line":110,"column":4},"end":{"line":110,"column":33}},"35":{"start":{"line":112,"column":17},"end":{"line":116,"column":5}},"36":{"start":{"line":118,"column":4},"end":{"line":120,"column":5}},"37":{"start":{"line":119,"column":6},"end":{"line":119,"column":52}},"38":{"start":{"line":122,"column":22},"end":{"line":125,"column":31}},"39":{"start":{"line":123,"column":19},"end":{"line":123,"column":46}},"40":{"start":{"line":125,"column":21},"end":{"line":125,"column":30}},"41":{"start":{"line":127,"column":4},"end":{"line":131,"column":7}},"42":{"start":{"line":133,"column":4},"end":{"line":133,"column":37}},"43":{"start":{"line":137,"column":4},"end":{"line":137,"column":33}},"44":{"start":{"line":139,"column":23},"end":{"line":139,"column":47}},"45":{"start":{"line":141,"column":20},"end":{"line":143,"column":5}},"46":{"start":{"line":145,"column":4},"end":{"line":147,"column":5}},"47":{"start":{"line":146,"column":6},"end":{"line":146,"column":59}},"48":{"start":{"line":149,"column":4},"end":{"line":149,"column":47}},"49":{"start":{"line":151,"column":4},"end":{"line":155,"column":5}},"50":{"start":{"line":152,"column":6},"end":{"line":152,"column":41}},"51":{"start":{"line":154,"column":6},"end":{"line":154,"column":57}},"52":{"start":{"line":157,"column":22},"end":{"line":157,"column":46}},"53":{"start":{"line":159,"column":4},"end":{"line":171,"column":7}},"54":{"start":{"line":162,"column":54},"end":{"line":162,"column":63}},"55":{"start":{"line":167,"column":53},"end":{"line":167,"column":62}},"56":{"start":{"line":173,"column":4},"end":{"line":173,"column":21}},"57":{"start":{"line":177,"column":17},"end":{"line":177,"column":45}},"58":{"start":{"line":179,"column":4},"end":{"line":181,"column":5}},"59":{"start":{"line":180,"column":6},"end":{"line":180,"column":69}},"60":{"start":{"line":183,"column":25},"end":{"line":185,"column":52}},"61":{"start":{"line":185,"column":21},"end":{"line":185,"column":51}},"62":{"start":{"line":187,"column":4},"end":{"line":189,"column":5}},"63":{"start":{"line":188,"column":6},"end":{"line":188,"column":79}},"64":{"start":{"line":191,"column":4},"end":{"line":191,"column":44}},"65":{"start":{"line":193,"column":4},"end":{"line":195,"column":7}},"66":{"start":{"line":197,"column":4},"end":{"line":197,"column":36}},"67":{"start":{"line":201,"column":17},"end":{"line":201,"column":45}},"68":{"start":{"line":203,"column":4},"end":{"line":203,"column":43}},"69":{"start":{"line":205,"column":4},"end":{"line":207,"column":7}},"70":{"start":{"line":209,"column":4},"end":{"line":209,"column":36}},"71":{"start":{"line":213,"column":0},"end":{"line":213,"column":35}}},"fnMap":{"0":{"name":"(anonymous_0)","decl":{"start":{"line":21,"column":2},"end":{"line":21,"column":3}},"loc":{"start":{"line":21,"column":15},"end":{"line":28,"column":3}},"line":21},"1":{"name":"(anonymous_1)","decl":{"start":{"line":36,"column":2},"end":{"line":36,"column":3}},"loc":{"start":{"line":36,"column":26},"end":{"line":44,"column":3}},"line":36},"2":{"name":"(anonymous_2)","decl":{"start":{"line":52,"column":2},"end":{"line":52,"column":3}},"loc":{"start":{"line":52,"column":31},"end":{"line":60,"column":3}},"line":52},"3":{"name":"(anonymous_3)","decl":{"start":{"line":68,"column":2},"end":{"line":68,"column":3}},"loc":{"start":{"line":68,"column":26},"end":{"line":72,"column":3}},"line":68},"4":{"name":"(anonymous_4)","decl":{"start":{"line":74,"column":2},"end":{"line":74,"column":3}},"loc":{"start":{"line":74,"column":25},"end":{"line":81,"column":3}},"line":74},"5":{"name":"(anonymous_5)","decl":{"start":{"line":78,"column":28},"end":{"line":78,"column":29}},"loc":{"start":{"line":78,"column":38},"end":{"line":78,"column":55}},"line":78},"6":{"name":"(anonymous_6)","decl":{"start":{"line":83,"column":2},"end":{"line":83,"column":3}},"loc":{"start":{"line":83,"column":18},"end":{"line":91,"column":3}},"line":83},"7":{"name":"(anonymous_7)","decl":{"start":{"line":93,"column":2},"end":{"line":93,"column":3}},"loc":{"start":{"line":93,"column":35},"end":{"line":101,"column":3}},"line":93},"8":{"name":"(anonymous_8)","decl":{"start":{"line":103,"column":2},"end":{"line":103,"column":3}},"loc":{"start":{"line":103,"column":72},"end":{"line":134,"column":3}},"line":103},"9":{"name":"(anonymous_9)","decl":{"start":{"line":123,"column":11},"end":{"line":123,"column":12}},"loc":{"start":{"line":123,"column":19},"end":{"line":123,"column":46}},"line":123},"10":{"name":"(anonymous_10)","decl":{"start":{"line":125,"column":11},"end":{"line":125,"column":12}},"loc":{"start":{"line":125,"column":21},"end":{"line":125,"column":30}},"line":125},"11":{"name":"(anonymous_11)","decl":{"start":{"line":136,"column":2},"end":{"line":136,"column":3}},"loc":{"start":{"line":136,"column":40},"end":{"line":174,"column":3}},"line":136},"12":{"name":"(anonymous_12)","decl":{"start":{"line":162,"column":44},"end":{"line":162,"column":45}},"loc":{"start":{"line":162,"column":54},"end":{"line":162,"column":63}},"line":162},"13":{"name":"(anonymous_13)","decl":{"start":{"line":167,"column":43},"end":{"line":167,"column":44}},"loc":{"start":{"line":167,"column":53},"end":{"line":167,"column":62}},"line":167},"14":{"name":"(anonymous_14)","decl":{"start":{"line":176,"column":2},"end":{"line":176,"column":3}},"loc":{"start":{"line":176,"column":37},"end":{"line":198,"column":3}},"line":176},"15":{"name":"(anonymous_15)","decl":{"start":{"line":185,"column":14},"end":{"line":185,"column":15}},"loc":{"start":{"line":185,"column":21},"end":{"line":185,"column":51}},"line":185},"16":{"name":"(anonymous_16)","decl":{"start":{"line":200,"column":2},"end":{"line":200,"column":3}},"loc":{"start":{"line":200,"column":36},"end":{"line":210,"column":3}},"line":200}},"branchMap":{"0":{"loc":{"start":{"line":12,"column":29},"end":{"line":12,"column":58}},"type":"binary-expr","locations":[{"start":{"line":12,"column":29},"end":{"line":12,"column":52}},{"start":{"line":12,"column":56},"end":{"line":12,"column":58}}],"line":12},"1":{"loc":{"start":{"line":39,"column":4},"end":{"line":41,"column":5}},"type":"if","locations":[{"start":{"line":39,"column":4},"end":{"line":41,"column":5}},{"start":{},"end":{}}],"line":39},"2":{"loc":{"start":{"line":52,"column":17},"end":{"line":52,"column":29}},"type":"default-arg","locations":[{"start":{"line":52,"column":27},"end":{"line":52,"column":29}}],"line":52},"3":{"loc":{"start":{"line":56,"column":6},"end":{"line":58,"column":7}},"type":"if","locations":[{"start":{"line":56,"column":6},"end":{"line":58,"column":7}},{"start":{},"end":{}}],"line":56},"4":{"loc":{"start":{"line":74,"column":11},"end":{"line":74,"column":23}},"type":"default-arg","locations":[{"start":{"line":74,"column":21},"end":{"line":74,"column":23}}],"line":74},"5":{"loc":{"start":{"line":86,"column":4},"end":{"line":88,"column":5}},"type":"if","locations":[{"start":{"line":86,"column":4},"end":{"line":88,"column":5}},{"start":{},"end":{}}],"line":86},"6":{"loc":{"start":{"line":103,"column":30},"end":{"line":103,"column":43}},"type":"default-arg","locations":[{"start":{"line":103,"column":37},"end":{"line":103,"column":43}}],"line":103},"7":{"loc":{"start":{"line":103,"column":45},"end":{"line":103,"column":57}},"type":"default-arg","locations":[{"start":{"line":103,"column":55},"end":{"line":103,"column":57}}],"line":103},"8":{"loc":{"start":{"line":106,"column":4},"end":{"line":108,"column":5}},"type":"if","locations":[{"start":{"line":106,"column":4},"end":{"line":108,"column":5}},{"start":{},"end":{}}],"line":106},"9":{"loc":{"start":{"line":118,"column":4},"end":{"line":120,"column":5}},"type":"if","locations":[{"start":{"line":118,"column":4},"end":{"line":120,"column":5}},{"start":{},"end":{}}],"line":118},"10":{"loc":{"start":{"line":145,"column":4},"end":{"line":147,"column":5}},"type":"if","locations":[{"start":{"line":145,"column":4},"end":{"line":147,"column":5}},{"start":{},"end":{}}],"line":145},"11":{"loc":{"start":{"line":151,"column":4},"end":{"line":155,"column":5}},"type":"if","locations":[{"start":{"line":151,"column":4},"end":{"line":155,"column":5}},{"start":{},"end":{}}],"line":151},"12":{"loc":{"start":{"line":179,"column":4},"end":{"line":181,"column":5}},"type":"if","locations":[{"start":{"line":179,"column":4},"end":{"line":181,"column":5}},{"start":{},"end":{}}],"line":179},"13":{"loc":{"start":{"line":185,"column":21},"end":{"line":185,"column":51}},"type":"binary-expr","locations":[{"start":{"line":185,"column":21},"end":{"line":185,"column":39}},{"start":{"line":185,"column":43},"end":{"line":185,"column":51}}],"line":185},"14":{"loc":{"start":{"line":187,"column":4},"end":{"line":189,"column":5}},"type":"if","locations":[{"start":{"line":187,"column":4},"end":{"line":189,"column":5}},{"start":{},"end":{}}],"line":187},"15":{"loc":{"start":{"line":187,"column":8},"end":{"line":187,"column":73}},"type":"binary-expr","locations":[{"start":{"line":187,"column":8},"end":{"line":187,"column":29}},{"start":{"line":187,"column":33},"end":{"line":187,"column":44}},{"start":{"line":187,"column":48},"end":{"line":187,"column":73}}],"line":187}},"s":{"0":1,"1":1,"2":1,"3":1,"4":1,"5":1,"6":1,"7":1,"8":8,"9":8,"10":9,"11":9,"12":3,"13":6,"14":5,"15":4,"16":4,"17":1,"18":3,"19":3,"20":0,"21":0,"22":0,"23":9,"24":9,"25":1,"26":8,"27":2,"28":1,"29":1,"30":1,"31":4,"32":4,"33":1,"34":3,"35":2,"36":2,"37":1,"38":2,"39":1,"40":1,"41":2,"42":2,"43":2,"44":1,"45":1,"46":1,"47":1,"48":1,"49":1,"50":1,"51":1,"52":1,"53":1,"54":1,"55":1,"56":1,"57":3,"58":3,"59":1,"60":2,"61":2,"62":2,"63":1,"64":1,"65":1,"66":1,"67":2,"68":1,"69":1,"70":1,"71":1},"f":{"0":8,"1":9,"2":5,"3":3,"4":0,"5":0,"6":9,"7":2,"8":4,"9":1,"10":1,"11":2,"12":1,"13":1,"14":3,"15":2,"16":2},"b":{"0":[1,1],"1":[3,6],"2":[0],"3":[1,3],"4":[0],"5":[1,8],"6":[0],"7":[0],"8":[1,3],"9":[1,1],"10":[1,0],"11":[1,0],"12":[1,2],"13":[2,2],"14":[1,1],"15":[2,1,1]},"_coverageSchema":"1a1c01bbd47fc00a2c39e90264f33305004495a9","hash":"73ab254df32f474e281848a3c89475dae7bcc7bd"}
,"C:\\Users\\siash\\Desktop\\GWR Code Projects\\Pit Stop Plans\\backend\\utils\\AppError.js": {"path":"C:\\Users\\siash\\Desktop\\GWR Code Projects\\Pit Stop Plans\\backend\\utils\\AppError.js","statementMap":{"0":{"start":{"line":28,"column":4},"end":{"line":28,"column":19}},"1":{"start":{"line":35,"column":4},"end":{"line":35,"column":27}},"2":{"start":{"line":42,"column":4},"end":{"line":42,"column":33}},"3":{"start":{"line":44,"column":4},"end":{"line":44,"column":46}},"4":{"start":{"line":48,"column":0},"end":{"line":48,"column":26}}},"fnMap":{"0":{"name":"(anonymous_0)","decl":{"start":{"line":27,"column":2},"end":{"line":27,"column":3}},"loc":{"start":{"line":27,"column":41},"end":{"line":45,"column":3}},"line":27}},"branchMap":{"0":{"loc":{"start":{"line":27,"column":23},"end":{"line":27,"column":39}},"type":"default-arg","locations":[{"start":{"line":27,"column":36},"end":{"line":27,"column":39}}],"line":27}},"s":{"0":54,"1":54,"2":54,"3":54,"4":4},"f":{"0":54},"b":{"0":[0]},"_coverageSchema":"1a1c01bbd47fc00a2c39e90264f33305004495a9","hash":"a16bd70139f47b4fc665f9f9eab89aa1cedd483e"}
,"C:\\Users\\siash\\Desktop\\GWR Code Projects\\Pit Stop Plans\\backend\\utils\\validatePassword.js": {"path":"C:\\Users\\siash\\Desktop\\GWR Code Projects\\Pit Stop Plans\\backend\\utils\\validatePassword.js","statementMap":{"0":{"start":{"line":1,"column":17},"end":{"line":1,"column":38}},"1":{"start":{"line":10,"column":2},"end":{"line":12,"column":3}},"2":{"start":{"line":11,"column":4},"end":{"line":11,"column":76}},"3":{"start":{"line":14,"column":20},"end":{"line":14,"column":45}},"4":{"start":{"line":15,"column":20},"end":{"line":15,"column":39}},"5":{"start":{"line":16,"column":30},"end":{"line":16,"column":59}},"6":{"start":{"line":18,"column":2},"end":{"line":23,"column":3}},"7":{"start":{"line":19,"column":4},"end":{"line":22,"column":6}},"8":{"start":{"line":26,"column":0},"end":{"line":28,"column":2}}},"fnMap":{"0":{"name":"validatePassword","decl":{"start":{"line":9,"column":9},"end":{"line":9,"column":25}},"loc":{"start":{"line":9,"column":36},"end":{"line":24,"column":1}},"line":9}},"branchMap":{"0":{"loc":{"start":{"line":10,"column":2},"end":{"line":12,"column":3}},"type":"if","locations":[{"start":{"line":10,"column":2},"end":{"line":12,"column":3}},{"start":{},"end":{}}],"line":10},"1":{"loc":{"start":{"line":10,"column":6},"end":{"line":10,"column":38}},"type":"binary-expr","locations":[{"start":{"line":10,"column":6},"end":{"line":10,"column":15}},{"start":{"line":10,"column":19},"end":{"line":10,"column":38}}],"line":10},"2":{"loc":{"start":{"line":18,"column":2},"end":{"line":23,"column":3}},"type":"if","locations":[{"start":{"line":18,"column":2},"end":{"line":23,"column":3}},{"start":{},"end":{}}],"line":18},"3":{"loc":{"start":{"line":18,"column":6},"end":{"line":18,"column":54}},"type":"binary-expr","locations":[{"start":{"line":18,"column":6},"end":{"line":18,"column":16}},{"start":{"line":18,"column":20},"end":{"line":18,"column":30}},{"start":{"line":18,"column":34},"end":{"line":18,"column":54}}],"line":18}},"s":{"0":2,"1":11,"2":1,"3":10,"4":10,"5":10,"6":10,"7":4,"8":2},"f":{"0":11},"b":{"0":[1,10],"1":[11,11],"2":[4,6],"3":[10,9,7]},"_coverageSchema":"1a1c01bbd47fc00a2c39e90264f33305004495a9","hash":"cb9f5dc82dfad5ef7b3e42ea0faa222c44968741"}
}
