TN:
SF:backend\data\db.js
FNF:0
FNH:0
DA:21,17
DA:22,17
DA:29,17
DA:39,17
DA:46,17
DA:48,17
LF:6
LH:6
BRF:0
BRH:0
end_of_record
TN:
SF:backend\data\repositories\auditLogRepository.js
FN:4,(anonymous_0)
FN:13,(anonymous_1)
FN:28,(anonymous_2)
FN:38,(anonymous_3)
FN:152,(anonymous_4)
FNF:5
FNH:1
FNDA:2,(anonymous_0)
FNDA:0,(anonymous_1)
FNDA:0,(anonymous_2)
FNDA:0,(anonymous_3)
FNDA:0,(anonymous_4)
DA:1,2
DA:5,2
DA:14,0
DA:29,0
DA:39,0
DA:40,0
DA:42,0
DA:43,0
DA:46,0
DA:47,0
DA:60,0
DA:63,0
DA:64,0
DA:67,0
DA:70,0
DA:72,0
DA:74,0
DA:76,0
DA:78,0
DA:81,0
DA:85,0
DA:87,0
DA:90,0
DA:94,0
DA:112,0
DA:114,0
DA:132,0
DA:134,0
DA:153,0
DA:157,2
LF:30
LH:3
BRDA:38,0,0,0
BRDA:42,1,0,0
BRDA:42,1,1,0
BRDA:42,2,0,0
BRDA:42,2,1,0
BRDA:47,3,0,0
BRDA:47,3,1,0
BRDA:63,4,0,0
BRDA:63,4,1,0
BRDA:70,5,0,0
BRDA:70,5,1,0
BRDA:72,6,0,0
BRDA:72,6,1,0
BRDA:72,6,2,0
BRDA:74,7,0,0
BRDA:74,7,1,0
BRDA:76,8,0,0
BRDA:76,8,1,0
BRDA:78,9,0,0
BRDA:78,9,1,0
BRDA:81,10,0,0
BRDA:81,10,1,0
BRDA:82,11,0,0
BRDA:82,11,1,0
BRDA:90,12,0,0
BRDA:90,12,1,0
BRDA:90,13,0,0
BRDA:90,13,1,0
BRDA:132,14,0,0
BRDA:132,14,1,0
BRDA:152,15,0,0
BRF:31
BRH:0
end_of_record
TN:
SF:backend\data\repositories\baseRepository.js
FN:7,(anonymous_0)
FN:18,(anonymous_1)
FN:26,(anonymous_2)
FN:36,(anonymous_3)
FN:46,(anonymous_4)
FN:101,(anonymous_5)
FN:160,(anonymous_6)
FN:192,(anonymous_7)
FN:216,(anonymous_8)
FN:226,(anonymous_9)
FN:236,(anonymous_10)
FN:245,(anonymous_11)
FN:265,(anonymous_12)
FN:274,(anonymous_13)
FNF:14
FNH:1
FNDA:15,(anonymous_0)
FNDA:0,(anonymous_1)
FNDA:0,(anonymous_2)
FNDA:0,(anonymous_3)
FNDA:0,(anonymous_4)
FNDA:0,(anonymous_5)
FNDA:0,(anonymous_6)
FNDA:0,(anonymous_7)
FNDA:0,(anonymous_8)
FNDA:0,(anonymous_9)
FNDA:0,(anonymous_10)
FNDA:0,(anonymous_11)
FNDA:0,(anonymous_12)
FNDA:0,(anonymous_13)
DA:1,15
DA:8,15
DA:9,15
DA:10,15
DA:19,0
DA:20,0
DA:23,0
DA:26,0
DA:28,0
DA:37,0
DA:47,0
DA:49,0
DA:61,0
DA:63,0
DA:64,0
DA:67,0
DA:68,0
DA:69,0
DA:72,0
DA:73,0
DA:76,0
DA:79,0
DA:102,0
DA:104,0
DA:111,0
DA:115,0
DA:124,0
DA:128,0
DA:138,0
DA:140,0
DA:161,0
DA:162,0
DA:164,0
DA:165,0
DA:166,0
DA:169,0
DA:170,0
DA:171,0
DA:174,0
DA:175,0
DA:176,0
DA:177,0
DA:180,0
DA:181,0
DA:182,0
DA:183,0
DA:186,0
DA:187,0
DA:190,0
DA:191,0
DA:192,0
DA:195,0
DA:196,0
DA:198,0
DA:199,0
DA:204,0
DA:217,0
DA:227,0
DA:237,0
DA:239,0
DA:240,0
DA:243,0
DA:245,0
DA:247,0
DA:266,0
DA:268,0
DA:269,0
DA:272,0
DA:274,0
DA:276,0
DA:288,15
LF:71
LH:5
BRDA:19,0,0,0
BRDA:19,0,1,0
BRDA:46,1,0,0
BRDA:63,2,0,0
BRDA:63,2,1,0
BRDA:63,3,0,0
BRDA:63,3,1,0
BRDA:68,4,0,0
BRDA:68,4,1,0
BRDA:72,5,0,0
BRDA:72,5,1,0
BRDA:82,6,0,0
BRDA:82,6,1,0
BRDA:83,7,0,0
BRDA:83,7,1,0
BRDA:83,7,2,0
BRDA:84,8,0,0
BRDA:84,8,1,0
BRDA:85,9,0,0
BRDA:85,9,1,0
BRDA:86,10,0,0
BRDA:86,10,1,0
BRDA:88,11,0,0
BRDA:88,11,1,0
BRDA:89,12,0,0
BRDA:89,12,1,0
BRDA:90,13,0,0
BRDA:90,13,1,0
BRDA:91,14,0,0
BRDA:91,14,1,0
BRDA:101,15,0,0
BRDA:111,16,0,0
BRDA:111,16,1,0
BRDA:111,17,0,0
BRDA:111,17,1,0
BRDA:138,18,0,0
BRDA:138,18,1,0
BRDA:165,19,0,0
BRDA:165,19,1,0
BRDA:169,20,0,0
BRDA:169,20,1,0
BRDA:169,21,0,0
BRDA:169,21,1,0
BRDA:174,22,0,0
BRDA:174,22,1,0
BRDA:174,23,0,0
BRDA:174,23,1,0
BRDA:180,24,0,0
BRDA:180,24,1,0
BRDA:180,25,0,0
BRDA:180,25,1,0
BRDA:182,26,0,0
BRDA:182,26,1,0
BRDA:190,27,0,0
BRDA:190,27,1,0
BRDA:195,28,0,0
BRDA:195,28,1,0
BRDA:205,29,0,0
BRDA:205,29,1,0
BRDA:239,30,0,0
BRDA:239,30,1,0
BRDA:268,31,0,0
BRDA:268,31,1,0
BRF:63
BRH:0
end_of_record
TN:
SF:backend\data\repositories\incidentActionRepository.js
FN:4,(anonymous_0)
FN:8,(anonymous_1)
FN:16,(anonymous_2)
FN:29,(anonymous_3)
FN:33,(anonymous_4)
FN:41,(anonymous_5)
FN:49,(anonymous_6)
FN:53,(anonymous_7)
FN:61,(anonymous_8)
FN:75,(anonymous_9)
FN:89,(anonymous_10)
FN:93,(anonymous_11)
FN:106,(anonymous_12)
FN:118,(anonymous_13)
FN:138,(anonymous_14)
FN:141,(anonymous_15)
FNF:16
FNH:1
FNDA:1,(anonymous_0)
FNDA:0,(anonymous_1)
FNDA:0,(anonymous_2)
FNDA:0,(anonymous_3)
FNDA:0,(anonymous_4)
FNDA:0,(anonymous_5)
FNDA:0,(anonymous_6)
FNDA:0,(anonymous_7)
FNDA:0,(anonymous_8)
FNDA:0,(anonymous_9)
FNDA:0,(anonymous_10)
FNDA:0,(anonymous_11)
FNDA:0,(anonymous_12)
FNDA:0,(anonymous_13)
FNDA:0,(anonymous_14)
FNDA:0,(anonymous_15)
DA:1,1
DA:5,1
DA:9,0
DA:17,0
DA:30,0
DA:34,0
DA:39,0
DA:42,0
DA:50,0
DA:52,0
DA:53,0
DA:62,0
DA:76,0
DA:90,0
DA:94,0
DA:107,0
DA:119,0
DA:139,0
DA:141,0
DA:148,1
LF:20
LH:3
BRDA:33,0,0,0
BRDA:42,1,0,0
BRDA:42,1,1,0
BRDA:49,2,0,0
BRF:4
BRH:0
end_of_record
TN:
SF:backend\data\repositories\incidentRepository.js
FN:4,(anonymous_0)
FN:13,(anonymous_1)
FN:27,(anonymous_2)
FN:49,(anonymous_3)
FN:73,(anonymous_4)
FN:183,(anonymous_5)
FN:219,(anonymous_6)
FN:237,(anonymous_7)
FN:246,(anonymous_8)
FNF:9
FNH:1
FNDA:1,(anonymous_0)
FNDA:0,(anonymous_1)
FNDA:0,(anonymous_2)
FNDA:0,(anonymous_3)
FNDA:0,(anonymous_4)
FNDA:0,(anonymous_5)
FNDA:0,(anonymous_6)
FNDA:0,(anonymous_7)
FNDA:0,(anonymous_8)
DA:1,1
DA:5,1
DA:14,0
DA:28,0
DA:50,0
DA:74,0
DA:75,0
DA:77,0
DA:78,0
DA:81,0
DA:82,0
DA:95,0
DA:98,0
DA:99,0
DA:102,0
DA:105,0
DA:107,0
DA:109,0
DA:111,0
DA:113,0
DA:116,0
DA:120,0
DA:122,0
DA:129,0
DA:133,0
DA:147,0
DA:149,0
DA:163,0
DA:165,0
DA:184,0
DA:220,0
DA:238,0
DA:247,0
DA:251,1
LF:34
LH:3
BRDA:73,0,0,0
BRDA:77,1,0,0
BRDA:77,1,1,0
BRDA:77,2,0,0
BRDA:77,2,1,0
BRDA:82,3,0,0
BRDA:82,3,1,0
BRDA:98,4,0,0
BRDA:98,4,1,0
BRDA:105,5,0,0
BRDA:105,5,1,0
BRDA:107,6,0,0
BRDA:107,6,1,0
BRDA:107,6,2,0
BRDA:109,7,0,0
BRDA:109,7,1,0
BRDA:111,8,0,0
BRDA:111,8,1,0
BRDA:113,9,0,0
BRDA:113,9,1,0
BRDA:116,10,0,0
BRDA:116,10,1,0
BRDA:117,11,0,0
BRDA:117,11,1,0
BRDA:129,12,0,0
BRDA:129,12,1,0
BRDA:129,13,0,0
BRDA:129,13,1,0
BRDA:163,14,0,0
BRDA:163,14,1,0
BRF:30
BRH:0
end_of_record
TN:
SF:backend\data\repositories\incidentTypeRepository.js
FN:4,(anonymous_0)
FN:8,(anonymous_1)
FNF:2
FNH:1
FNDA:2,(anonymous_0)
FNDA:0,(anonymous_1)
DA:1,2
DA:5,2
DA:9,0
DA:21,2
LF:4
LH:3
BRF:0
BRH:0
end_of_record
TN:
SF:backend\data\repositories\planStageActionRepository.js
FN:4,(anonymous_0)
FN:13,(anonymous_1)
FN:23,(anonymous_2)
FN:43,(anonymous_3)
FN:51,(anonymous_4)
FN:62,(anonymous_5)
FN:66,(anonymous_6)
FN:81,(anonymous_7)
FN:100,(anonymous_8)
FN:123,(anonymous_9)
FN:141,(anonymous_10)
FN:142,(anonymous_11)
FN:168,(anonymous_12)
FN:187,(anonymous_13)
FN:190,(anonymous_14)
FN:203,(anonymous_15)
FN:223,(anonymous_16)
FNF:17
FNH:1
FNDA:2,(anonymous_0)
FNDA:0,(anonymous_1)
FNDA:0,(anonymous_2)
FNDA:0,(anonymous_3)
FNDA:0,(anonymous_4)
FNDA:0,(anonymous_5)
FNDA:0,(anonymous_6)
FNDA:0,(anonymous_7)
FNDA:0,(anonymous_8)
FNDA:0,(anonymous_9)
FNDA:0,(anonymous_10)
FNDA:0,(anonymous_11)
FNDA:0,(anonymous_12)
FNDA:0,(anonymous_13)
FNDA:0,(anonymous_14)
FNDA:0,(anonymous_15)
FNDA:0,(anonymous_16)
DA:1,2
DA:5,2
DA:14,0
DA:24,0
DA:44,0
DA:49,0
DA:51,0
DA:63,0
DA:65,0
DA:66,0
DA:82,0
DA:101,0
DA:124,0
DA:142,0
DA:143,0
DA:145,0
DA:154,0
DA:155,0
DA:159,0
DA:169,0
DA:171,0
DA:172,0
DA:175,0
DA:188,0
DA:190,0
DA:204,0
DA:206,0
DA:207,0
DA:210,0
DA:219,0
DA:221,0
DA:223,0
DA:226,0
DA:230,2
LF:34
LH:3
BRDA:43,0,0,0
BRDA:62,1,0,0
BRDA:141,2,0,0
BRDA:171,3,0,0
BRDA:171,3,1,0
BRDA:206,4,0,0
BRDA:206,4,1,0
BRF:7
BRH:0
end_of_record
TN:
SF:backend\data\repositories\planStageRepository.js
FN:4,(anonymous_0)
FN:13,(anonymous_1)
FN:23,(anonymous_2)
FN:43,(anonymous_3)
FN:51,(anonymous_4)
FN:62,(anonymous_5)
FN:82,(anonymous_6)
FNF:7
FNH:1
FNDA:2,(anonymous_0)
FNDA:0,(anonymous_1)
FNDA:0,(anonymous_2)
FNDA:0,(anonymous_3)
FNDA:0,(anonymous_4)
FNDA:0,(anonymous_5)
FNDA:0,(anonymous_6)
DA:1,2
DA:5,2
DA:14,0
DA:24,0
DA:44,0
DA:49,0
DA:51,0
DA:63,0
DA:83,0
DA:85,0
DA:86,0
DA:89,0
DA:96,0
DA:100,2
LF:14
LH:3
BRDA:43,0,0,0
BRDA:85,1,0,0
BRDA:85,1,1,0
BRF:3
BRH:0
end_of_record
TN:
SF:backend\data\repositories\planTemplateRepository.js
FN:4,(anonymous_0)
FN:13,(anonymous_1)
FN:32,(anonymous_2)
FN:53,(anonymous_3)
FN:74,(anonymous_4)
FN:94,(anonymous_5)
FN:114,(anonymous_6)
FN:132,(anonymous_7)
FN:141,(anonymous_8)
FN:150,(anonymous_9)
FN:173,(anonymous_10)
FN:275,(anonymous_11)
FN:296,(anonymous_12)
FN:315,(anonymous_13)
FNF:14
FNH:1
FNDA:2,(anonymous_0)
FNDA:0,(anonymous_1)
FNDA:0,(anonymous_2)
FNDA:0,(anonymous_3)
FNDA:0,(anonymous_4)
FNDA:0,(anonymous_5)
FNDA:0,(anonymous_6)
FNDA:0,(anonymous_7)
FNDA:0,(anonymous_8)
FNDA:0,(anonymous_9)
FNDA:0,(anonymous_10)
FNDA:0,(anonymous_11)
FNDA:0,(anonymous_12)
FNDA:0,(anonymous_13)
DA:1,2
DA:5,2
DA:14,0
DA:33,0
DA:54,0
DA:75,0
DA:95,0
DA:115,0
DA:133,0
DA:142,0
DA:151,0
DA:174,0
DA:175,0
DA:177,0
DA:178,0
DA:181,0
DA:182,0
DA:195,0
DA:198,0
DA:199,0
DA:202,0
DA:205,0
DA:207,0
DA:209,0
DA:211,0
DA:213,0
DA:216,0
DA:220,0
DA:222,0
DA:225,0
DA:229,0
DA:241,0
DA:243,0
DA:255,0
DA:257,0
DA:276,0
DA:297,0
DA:316,0
DA:337,2
LF:39
LH:3
BRDA:173,0,0,0
BRDA:177,1,0,0
BRDA:177,1,1,0
BRDA:177,2,0,0
BRDA:177,2,1,0
BRDA:182,3,0,0
BRDA:182,3,1,0
BRDA:198,4,0,0
BRDA:198,4,1,0
BRDA:205,5,0,0
BRDA:205,5,1,0
BRDA:207,6,0,0
BRDA:207,6,1,0
BRDA:207,6,2,0
BRDA:209,7,0,0
BRDA:209,7,1,0
BRDA:211,8,0,0
BRDA:211,8,1,0
BRDA:213,9,0,0
BRDA:213,9,1,0
BRDA:216,10,0,0
BRDA:216,10,1,0
BRDA:217,11,0,0
BRDA:217,11,1,0
BRDA:225,12,0,0
BRDA:225,12,1,0
BRDA:225,13,0,0
BRDA:225,13,1,0
BRDA:255,14,0,0
BRDA:255,14,1,0
BRF:30
BRH:0
end_of_record
TN:
SF:backend\data\repositories\roleRepository.js
FN:4,(anonymous_0)
FN:8,(anonymous_1)
FNF:2
FNH:1
FNDA:1,(anonymous_0)
FNDA:0,(anonymous_1)
DA:1,1
DA:5,1
DA:9,0
DA:21,1
LF:4
LH:3
BRF:0
BRH:0
end_of_record
TN:
SF:backend\data\repositories\userRepository.js
FN:4,(anonymous_0)
FN:14,(anonymous_1)
FN:26,(anonymous_2)
FN:43,(anonymous_3)
FN:70,(anonymous_4)
FNF:5
FNH:1
FNDA:2,(anonymous_0)
FNDA:0,(anonymous_1)
FNDA:0,(anonymous_2)
FNDA:0,(anonymous_3)
FNDA:0,(anonymous_4)
DA:1,2
DA:5,2
DA:15,0
DA:27,0
DA:33,0
DA:44,0
DA:46,0
DA:47,0
DA:50,0
DA:51,0
DA:54,0
DA:55,0
DA:58,0
DA:60,0
DA:71,0
DA:75,0
DA:79,2
LF:17
LH:3
BRDA:46,0,0,0
BRDA:46,0,1,0
BRDA:50,1,0,0
BRDA:50,1,1,0
BRDA:54,2,0,0
BRDA:54,2,1,0
BRDA:72,3,0,0
BRDA:72,3,1,0
BRF:8
BRH:0
end_of_record
TN:
SF:backend\data\repositories\userRoleRepository.js
FN:10,(anonymous_0)
FN:33,(anonymous_1)
FN:50,(anonymous_2)
FN:51,(anonymous_3)
FNF:4
FNH:0
FNDA:0,(anonymous_0)
FNDA:0,(anonymous_1)
FNDA:0,(anonymous_2)
FNDA:0,(anonymous_3)
DA:1,2
DA:11,0
DA:34,0
DA:51,0
DA:52,0
DA:54,0
DA:63,0
DA:64,0
DA:68,0
DA:72,2
LF:10
LH:2
BRDA:50,0,0,0
BRF:1
BRH:0
end_of_record
TN:
SF:backend\services\auditLogService.js
FN:17,(anonymous_0)
FN:33,(anonymous_1)
FNF:2
FNH:0
FNDA:0,(anonymous_0)
FNDA:0,(anonymous_1)
DA:1,2
DA:18,0
DA:34,0
DA:35,0
DA:38,0
DA:42,2
LF:6
LH:2
BRDA:17,0,0,0
BRDA:33,1,0,0
BRDA:34,2,0,0
BRDA:34,2,1,0
BRF:4
BRH:0
end_of_record
TN:
SF:backend\services\authService.js
FN:24,(anonymous_0)
FN:40,(anonymous_1)
FN:45,(anonymous_2)
FN:61,(anonymous_3)
FN:92,(anonymous_4)
FN:125,(anonymous_5)
FNF:6
FNH:6
FNDA:3,(anonymous_0)
FNDA:3,(anonymous_1)
FNDA:5,(anonymous_2)
FNDA:2,(anonymous_3)
FNDA:7,(anonymous_4)
FNDA:2,(anonymous_5)
DA:1,1
DA:2,1
DA:4,1
DA:5,1
DA:6,1
DA:7,1
DA:9,1
DA:10,1
DA:12,1
DA:13,0
DA:25,3
DA:41,3
DA:45,5
DA:62,2
DA:64,2
DA:66,2
DA:67,1
DA:70,1
DA:72,1
DA:78,1
DA:93,7
DA:95,7
DA:96,2
DA:99,5
DA:100,1
DA:103,4
DA:105,4
DA:106,1
DA:109,3
DA:111,3
DA:113,3
DA:126,2
DA:130,1
LF:33
LH:32
BRDA:10,0,0,1
BRDA:10,0,1,1
BRDA:12,1,0,0
BRDA:12,1,1,1
BRDA:24,2,0,0
BRDA:66,3,0,1
BRDA:66,3,1,1
BRDA:95,4,0,2
BRDA:95,4,1,5
BRDA:99,5,0,1
BRDA:99,5,1,4
BRDA:105,6,0,1
BRDA:105,6,1,3
BRF:13
BRH:11
end_of_record
TN:
SF:backend\services\eventService.js
FN:2,(anonymous_0)
FN:6,(anonymous_1)
FN:12,(anonymous_2)
FN:18,(anonymous_3)
FNF:4
FNH:2
FNDA:1,(anonymous_0)
FNDA:0,(anonymous_1)
FNDA:0,(anonymous_2)
FNDA:3,(anonymous_3)
DA:3,1
DA:7,0
DA:13,0
DA:19,3
DA:21,3
DA:22,0
DA:23,0
DA:25,0
DA:35,1
LF:9
LH:4
BRF:0
BRH:0
end_of_record
TN:
SF:backend\services\incidentService.js
FN:19,(anonymous_0)
FN:51,(anonymous_1)
FN:67,(anonymous_2)
FN:89,(anonymous_3)
FN:105,(anonymous_4)
FN:143,(anonymous_5)
FN:147,(anonymous_6)
FN:174,(anonymous_7)
FN:191,(anonymous_8)
FN:198,(anonymous_9)
FN:234,(anonymous_10)
FN:268,(anonymous_11)
FN:297,(anonymous_12)
FNF:13
FNH:9
FNDA:4,(anonymous_0)
FNDA:5,(anonymous_1)
FNDA:4,(anonymous_2)
FNDA:3,(anonymous_3)
FNDA:0,(anonymous_4)
FNDA:0,(anonymous_5)
FNDA:0,(anonymous_6)
FNDA:4,(anonymous_7)
FNDA:5,(anonymous_8)
FNDA:3,(anonymous_9)
FNDA:3,(anonymous_10)
FNDA:3,(anonymous_11)
FNDA:0,(anonymous_12)
DA:1,1
DA:3,1
DA:4,1
DA:5,1
DA:6,1
DA:7,1
DA:8,1
DA:10,1
DA:20,4
DA:52,5
DA:54,5
DA:55,1
DA:58,4
DA:69,4
DA:73,4
DA:74,1
DA:80,3
DA:90,3
DA:92,3
DA:93,1
DA:96,2
DA:106,0
DA:107,0
DA:108,0
DA:110,0
DA:111,0
DA:113,0
DA:114,0
DA:117,0
DA:118,0
DA:121,0
DA:125,0
DA:144,0
DA:146,0
DA:148,0
DA:155,0
DA:159,0
DA:161,0
DA:175,4
DA:177,4
DA:178,0
DA:181,4
DA:192,5
DA:194,4
DA:198,3
DA:199,3
DA:210,3
DA:212,3
DA:215,3
DA:217,2
DA:219,2
DA:224,2
DA:235,3
DA:237,3
DA:238,2
DA:240,2
DA:241,3
DA:269,3
DA:271,2
DA:272,1
DA:275,1
DA:280,1
DA:282,1
DA:288,1
DA:298,0
DA:300,0
DA:301,0
DA:304,0
DA:306,0
DA:314,1
LF:70
LH:47
BRDA:54,0,0,1
BRDA:54,0,1,4
BRDA:73,1,0,1
BRDA:73,1,1,3
BRDA:92,2,0,1
BRDA:92,2,1,2
BRDA:111,3,0,0
BRDA:111,3,1,0
BRDA:111,3,2,0
BRDA:131,4,0,0
BRDA:131,4,1,0
BRDA:143,5,0,0
BRDA:177,6,0,0
BRDA:177,6,1,4
BRDA:204,7,0,3
BRDA:204,7,1,3
BRDA:271,8,0,1
BRDA:271,8,1,1
BRDA:300,9,0,0
BRDA:300,9,1,0
BRF:20
BRH:11
end_of_record
TN:
SF:backend\services\planTemplateService.js
FN:17,(anonymous_0)
FN:39,(anonymous_1)
FN:55,(anonymous_2)
FN:71,(anonymous_3)
FN:86,(anonymous_4)
FN:90,(anonymous_5)
FN:101,(anonymous_6)
FN:118,(anonymous_7)
FN:167,(anonymous_8)
FN:217,(anonymous_9)
FN:256,(anonymous_10)
FN:295,(anonymous_11)
FN:313,(anonymous_12)
FN:366,(anonymous_13)
FN:391,(anonymous_14)
FN:394,(anonymous_15)
FN:397,(anonymous_16)
FN:400,(anonymous_17)
FN:403,(anonymous_18)
FNF:19
FNH:19
FNDA:13,(anonymous_0)
FNDA:10,(anonymous_1)
FNDA:3,(anonymous_2)
FNDA:3,(anonymous_3)
FNDA:1,(anonymous_4)
FNDA:1,(anonymous_5)
FNDA:11,(anonymous_6)
FNDA:3,(anonymous_7)
FNDA:4,(anonymous_8)
FNDA:2,(anonymous_9)
FNDA:3,(anonymous_10)
FNDA:5,(anonymous_11)
FNDA:4,(anonymous_12)
FNDA:2,(anonymous_13)
FNDA:1,(anonymous_14)
FNDA:1,(anonymous_15)
FNDA:1,(anonymous_16)
FNDA:1,(anonymous_17)
FNDA:2,(anonymous_18)
DA:1,1
DA:2,1
DA:3,1
DA:4,1
DA:6,1
DA:8,1
DA:18,13
DA:40,10
DA:42,10
DA:43,1
DA:46,9
DA:56,3
DA:58,3
DA:59,1
DA:62,2
DA:72,3
DA:73,1
DA:87,1
DA:89,1
DA:90,1
DA:102,11
DA:104,11
DA:105,1
DA:108,10
DA:119,3
DA:121,3
DA:122,0
DA:125,3
DA:128,2
DA:130,2
DA:132,2
DA:140,2
DA:142,2
DA:156,2
DA:168,4
DA:170,4
DA:171,1
DA:174,3
DA:176,2
DA:178,2
DA:180,2
DA:181,1
DA:184,2
DA:185,0
DA:188,2
DA:189,1
DA:192,1
DA:194,1
DA:196,1
DA:207,1
DA:218,2
DA:220,2
DA:221,1
DA:224,1
DA:228,1
DA:233,1
DA:235,1
DA:243,1
DA:257,3
DA:259,2
DA:260,1
DA:263,1
DA:265,1
DA:271,1
DA:273,1
DA:283,1
DA:296,5
DA:298,5
DA:303,5
DA:304,1
DA:313,4
DA:315,4
DA:319,4
DA:321,4
DA:329,4
DA:331,4
DA:333,4
DA:334,4
DA:339,4
DA:341,4
DA:342,3
DA:347,4
DA:349,3
DA:356,3
DA:367,2
DA:369,2
DA:370,1
DA:373,1
DA:375,1
DA:379,1
DA:388,1
DA:392,1
DA:394,1
DA:398,1
DA:400,1
DA:404,2
DA:406,2
DA:407,1
DA:410,1
DA:416,1
LF:100
LH:98
BRDA:42,0,0,1
BRDA:42,0,1,9
BRDA:58,1,0,1
BRDA:58,1,1,2
BRDA:72,2,0,1
BRDA:72,2,1,2
BRDA:86,3,0,1
BRDA:104,4,0,1
BRDA:104,4,1,10
BRDA:121,5,0,0
BRDA:121,5,1,3
BRDA:121,6,0,3
BRDA:121,6,1,3
BRDA:130,7,0,1
BRDA:130,7,1,1
BRDA:170,8,0,1
BRDA:170,8,1,3
BRDA:180,9,0,1
BRDA:180,9,1,1
BRDA:184,10,0,0
BRDA:184,10,1,2
BRDA:188,11,0,1
BRDA:188,11,1,1
BRDA:220,12,0,1
BRDA:220,12,1,1
BRDA:240,13,0,1
BRDA:240,13,1,0
BRDA:245,14,0,1
BRDA:245,14,1,0
BRDA:259,15,0,1
BRDA:259,15,1,1
BRDA:303,16,0,1
BRDA:303,16,1,4
BRDA:369,17,0,1
BRDA:369,17,1,1
BRDA:406,18,0,1
BRDA:406,18,1,1
BRF:37
BRH:33
end_of_record
TN:
SF:backend\services\userService.js
FN:21,(anonymous_0)
FN:36,(anonymous_1)
FN:52,(anonymous_2)
FN:68,(anonymous_3)
FN:74,(anonymous_4)
FN:78,(anonymous_5)
FN:83,(anonymous_6)
FN:93,(anonymous_7)
FN:103,(anonymous_8)
FN:123,(anonymous_9)
FN:125,(anonymous_10)
FN:136,(anonymous_11)
FN:162,(anonymous_12)
FN:167,(anonymous_13)
FN:176,(anonymous_14)
FN:185,(anonymous_15)
FN:200,(anonymous_16)
FNF:17
FNH:15
FNDA:8,(anonymous_0)
FNDA:9,(anonymous_1)
FNDA:5,(anonymous_2)
FNDA:3,(anonymous_3)
FNDA:0,(anonymous_4)
FNDA:0,(anonymous_5)
FNDA:9,(anonymous_6)
FNDA:2,(anonymous_7)
FNDA:4,(anonymous_8)
FNDA:1,(anonymous_9)
FNDA:1,(anonymous_10)
FNDA:2,(anonymous_11)
FNDA:1,(anonymous_12)
FNDA:1,(anonymous_13)
FNDA:3,(anonymous_14)
FNDA:2,(anonymous_15)
FNDA:2,(anonymous_16)
DA:1,1
DA:3,1
DA:4,1
DA:5,1
DA:7,1
DA:8,1
DA:10,1
DA:12,1
DA:22,8
DA:24,8
DA:37,9
DA:39,9
DA:40,3
DA:43,6
DA:53,5
DA:54,4
DA:56,4
DA:57,1
DA:69,3
DA:71,3
DA:75,0
DA:77,0
DA:78,0
DA:84,9
DA:86,9
DA:87,1
DA:90,8
DA:94,2
DA:96,1
DA:98,1
DA:100,1
DA:104,4
DA:106,4
DA:107,1
DA:110,3
DA:112,2
DA:118,2
DA:119,1
DA:122,2
DA:123,1
DA:125,1
DA:127,2
DA:133,2
DA:137,2
DA:139,1
DA:141,1
DA:145,1
DA:146,1
DA:149,1
DA:151,1
DA:152,1
DA:154,1
DA:157,1
DA:159,1
DA:162,1
DA:167,1
DA:173,1
DA:177,3
DA:179,3
DA:180,1
DA:183,2
DA:185,2
DA:187,2
DA:188,1
DA:191,1
DA:193,1
DA:197,1
DA:201,2
DA:203,1
DA:205,1
DA:209,1
DA:213,1
LF:72
LH:69
BRDA:12,0,0,1
BRDA:12,0,1,1
BRDA:39,1,0,3
BRDA:39,1,1,6
BRDA:52,2,0,0
BRDA:56,3,0,1
BRDA:56,3,1,3
BRDA:74,4,0,0
BRDA:86,5,0,1
BRDA:86,5,1,8
BRDA:103,6,0,0
BRDA:103,7,0,0
BRDA:106,8,0,1
BRDA:106,8,1,3
BRDA:118,9,0,1
BRDA:118,9,1,1
BRDA:145,10,0,1
BRDA:145,10,1,0
BRDA:151,11,0,1
BRDA:151,11,1,0
BRDA:179,12,0,1
BRDA:179,12,1,2
BRDA:185,13,0,2
BRDA:185,13,1,2
BRDA:187,14,0,1
BRDA:187,14,1,1
BRDA:187,15,0,2
BRDA:187,15,1,1
BRDA:187,15,2,1
BRF:29
BRH:23
end_of_record
TN:
SF:backend\utils\AppError.js
FN:27,(anonymous_0)
FNF:1
FNH:1
FNDA:21,(anonymous_0)
DA:28,21
DA:35,21
DA:42,21
DA:44,21
DA:48,4
LF:5
LH:5
BRDA:27,0,0,0
BRF:1
BRH:0
end_of_record
TN:
SF:backend\utils\validatePassword.js
FN:9,validatePassword
FNF:1
FNH:1
FNDA:5,validatePassword
DA:1,2
DA:10,5
DA:11,0
DA:14,5
DA:15,5
DA:16,5
DA:18,5
DA:19,0
DA:26,2
LF:9
LH:7
BRDA:10,0,0,0
BRDA:10,0,1,5
BRDA:10,1,0,5
BRDA:10,1,1,5
BRDA:18,2,0,0
BRDA:18,2,1,5
BRDA:18,3,0,5
BRDA:18,3,1,5
BRDA:18,3,2,5
BRF:9
BRH:7
end_of_record
